[0.024s] Invoking command in '/home/kohjj27/my_ws/build/turtlebot3_fake_node': CMAKE_PREFIX_PATH=${CMAKE_PREFIX_PATH}:/opt/ros/humble /usr/bin/cmake /home/kohjj27/my_ws/src/turtlebot3_simulations/turtlebot3_fake_node -DAMENT_CMAKE_SYMLINK_INSTALL=1 -DCMAKE_INSTALL_PREFIX=/home/kohjj27/my_ws/install/turtlebot3_fake_node
[0.039s] -- Found ament_cmake: 1.3.11 (/opt/ros/humble/share/ament_cmake/cmake)
[0.167s] -- Override CMake install command with custom implementation using symlinks instead of copying resources
[0.176s] -- Found geometry_msgs: 4.8.0 (/opt/ros/humble/share/geometry_msgs/cmake)
[0.204s] -- Found rosidl_generator_c: 3.1.6 (/opt/ros/humble/share/rosidl_generator_c/cmake)
[0.207s] -- Found rosidl_adapter: 3.1.6 (/opt/ros/humble/share/rosidl_adapter/cmake)
[0.213s] -- Found rosidl_generator_cpp: 3.1.6 (/opt/ros/humble/share/rosidl_generator_cpp/cmake)
[0.223s] -- Using all available rosidl_typesupport_c: rosidl_typesupport_fastrtps_c;rosidl_typesupport_introspection_c
[0.236s] -- Using all available rosidl_typesupport_cpp: rosidl_typesupport_fastrtps_cpp;rosidl_typesupport_introspection_cpp
[0.273s] -- Found nav_msgs: 4.8.0 (/opt/ros/humble/share/nav_msgs/cmake)
[0.289s] -- Found rclcpp: 16.0.12 (/opt/ros/humble/share/rclcpp/cmake)
[0.315s] -- Found rmw_implementation_cmake: 6.1.2 (/opt/ros/humble/share/rmw_implementation_cmake/cmake)
[0.316s] -- Found rmw_fastrtps_cpp: 6.2.7 (/opt/ros/humble/share/rmw_fastrtps_cpp/cmake)
[0.440s] -- Using RMW implementation 'rmw_fastrtps_cpp' as default
[0.478s] -- Found sensor_msgs: 4.8.0 (/opt/ros/humble/share/sensor_msgs/cmake)
[0.495s] -- Found tf2: 0.25.12 (/opt/ros/humble/share/tf2/cmake)
[0.499s] -- Found tf2_msgs: 0.25.12 (/opt/ros/humble/share/tf2_msgs/cmake)
[0.539s] -- Found turtlebot3_msgs: 2.3.0 (/opt/ros/humble/share/turtlebot3_msgs/cmake)
[0.633s] -- Configuring done
[0.647s] -- Generating done
[0.652s] -- Build files have been written to: /home/kohjj27/my_ws/build/turtlebot3_fake_node
[0.663s] Invoked command in '/home/kohjj27/my_ws/build/turtlebot3_fake_node' returned '0': CMAKE_PREFIX_PATH=${CMAKE_PREFIX_PATH}:/opt/ros/humble /usr/bin/cmake /home/kohjj27/my_ws/src/turtlebot3_simulations/turtlebot3_fake_node -DAMENT_CMAKE_SYMLINK_INSTALL=1 -DCMAKE_INSTALL_PREFIX=/home/kohjj27/my_ws/install/turtlebot3_fake_node
[0.665s] Invoking command in '/home/kohjj27/my_ws/build/turtlebot3_fake_node': CMAKE_PREFIX_PATH=${CMAKE_PREFIX_PATH}:/opt/ros/humble /usr/bin/cmake --build /home/kohjj27/my_ws/build/turtlebot3_fake_node -- -j16 -l16
[0.725s] [35m[1mConsolidate compiler generated dependencies of target turtlebot3_fake_node[0m
[0.750s] [ 50%] [32m[1mLinking CXX executable turtlebot3_fake_node[0m
[1.269s] [100%] Built target turtlebot3_fake_node
[1.283s] Invoked command in '/home/kohjj27/my_ws/build/turtlebot3_fake_node' returned '0': CMAKE_PREFIX_PATH=${CMAKE_PREFIX_PATH}:/opt/ros/humble /usr/bin/cmake --build /home/kohjj27/my_ws/build/turtlebot3_fake_node -- -j16 -l16
[1.285s] Invoking command in '/home/kohjj27/my_ws/build/turtlebot3_fake_node': CMAKE_PREFIX_PATH=${CMAKE_PREFIX_PATH}:/opt/ros/humble /usr/bin/cmake --install /home/kohjj27/my_ws/build/turtlebot3_fake_node
[1.294s] -- Install configuration: ""
[1.295s] -- Execute custom install script
[1.295s] -- Symlinking: /home/kohjj27/my_ws/install/turtlebot3_fake_node/lib/turtlebot3_fake_node/turtlebot3_fake_node
[1.307s] -- Symlinking: /home/kohjj27/my_ws/install/turtlebot3_fake_node/share/turtlebot3_fake_node/launch/rviz2.launch.py
[1.318s] -- Symlinking: /home/kohjj27/my_ws/install/turtlebot3_fake_node/share/turtlebot3_fake_node/launch/turtlebot3_fake_node.launch.py
[1.330s] -- Symlinking: /home/kohjj27/my_ws/install/turtlebot3_fake_node/share/turtlebot3_fake_node/param/burger.yaml
[1.341s] -- Symlinking: /home/kohjj27/my_ws/install/turtlebot3_fake_node/share/turtlebot3_fake_node/param/waffle.yaml
[1.353s] -- Symlinking: /home/kohjj27/my_ws/install/turtlebot3_fake_node/share/turtlebot3_fake_node/param/waffle_pi.yaml
[1.365s] -- Symlinking: /home/kohjj27/my_ws/install/turtlebot3_fake_node/include//turtlebot3_fake_node/turtlebot3_fake_node.hpp
[1.377s] -- Symlinking: /home/kohjj27/my_ws/install/turtlebot3_fake_node/share/ament_index/resource_index/package_run_dependencies/turtlebot3_fake_node
[1.389s] -- Symlinking: /home/kohjj27/my_ws/install/turtlebot3_fake_node/share/ament_index/resource_index/parent_prefix_path/turtlebot3_fake_node
[1.401s] -- Symlinking: /home/kohjj27/my_ws/install/turtlebot3_fake_node/share/turtlebot3_fake_node/environment/ament_prefix_path.sh
[1.411s] -- Symlinking: /home/kohjj27/my_ws/install/turtlebot3_fake_node/share/turtlebot3_fake_node/environment/ament_prefix_path.dsv
[1.422s] -- Symlinking: /home/kohjj27/my_ws/install/turtlebot3_fake_node/share/turtlebot3_fake_node/environment/path.sh
[1.434s] -- Symlinking: /home/kohjj27/my_ws/install/turtlebot3_fake_node/share/turtlebot3_fake_node/environment/path.dsv
[1.445s] -- Symlinking: /home/kohjj27/my_ws/install/turtlebot3_fake_node/share/turtlebot3_fake_node/local_setup.bash
[1.457s] -- Symlinking: /home/kohjj27/my_ws/install/turtlebot3_fake_node/share/turtlebot3_fake_node/local_setup.sh
[1.467s] -- Symlinking: /home/kohjj27/my_ws/install/turtlebot3_fake_node/share/turtlebot3_fake_node/local_setup.zsh
[1.479s] -- Symlinking: /home/kohjj27/my_ws/install/turtlebot3_fake_node/share/turtlebot3_fake_node/local_setup.dsv
[1.490s] -- Symlinking: /home/kohjj27/my_ws/install/turtlebot3_fake_node/share/turtlebot3_fake_node/package.dsv
[1.502s] -- Symlinking: /home/kohjj27/my_ws/install/turtlebot3_fake_node/share/ament_index/resource_index/packages/turtlebot3_fake_node
[1.515s] -- Symlinking: /home/kohjj27/my_ws/install/turtlebot3_fake_node/share/turtlebot3_fake_node/cmake/ament_cmake_export_include_directories-extras.cmake
[1.527s] -- Symlinking: /home/kohjj27/my_ws/install/turtlebot3_fake_node/share/turtlebot3_fake_node/cmake/ament_cmake_export_dependencies-extras.cmake
[1.539s] -- Symlinking: /home/kohjj27/my_ws/install/turtlebot3_fake_node/share/turtlebot3_fake_node/cmake/turtlebot3_fake_nodeConfig.cmake
[1.551s] -- Symlinking: /home/kohjj27/my_ws/install/turtlebot3_fake_node/share/turtlebot3_fake_node/cmake/turtlebot3_fake_nodeConfig-version.cmake
[1.563s] -- Symlinking: /home/kohjj27/my_ws/install/turtlebot3_fake_node/share/turtlebot3_fake_node/package.xml
[1.579s] Invoked command in '/home/kohjj27/my_ws/build/turtlebot3_fake_node' returned '0': CMAKE_PREFIX_PATH=${CMAKE_PREFIX_PATH}:/opt/ros/humble /usr/bin/cmake --install /home/kohjj27/my_ws/build/turtlebot3_fake_node
