[0.012s] Invoking command in '/home/kohjj27/my_ws/build/turtlebot3_fake_node': CMAKE_PREFIX_PATH=/opt/ros/humble /usr/bin/cmake /home/kohjj27/my_ws/src/turtlebot3_simulations/turtlebot3_fake_node -DCMAKE_INSTALL_PREFIX=/home/kohjj27/my_ws/install/turtlebot3_fake_node
[0.097s] -- The C compiler identification is GNU 11.4.0
[0.160s] -- The CXX compiler identification is GNU 11.4.0
[0.167s] -- Detecting C compiler ABI info
[0.218s] -- Detecting C compiler ABI info - done
[0.223s] -- Check for working C compiler: /usr/bin/cc - skipped
[0.223s] -- Detecting C compile features
[0.224s] -- Detecting C compile features - done
[0.226s] -- Detecting CXX compiler ABI info
[0.286s] -- Detecting CXX compiler ABI info - done
[0.291s] -- Check for working CXX compiler: /usr/bin/c++ - skipped
[0.291s] -- Detecting CXX compile features
[0.291s] -- Detecting CXX compile features - done
[0.293s] -- Found ament_cmake: 1.3.11 (/opt/ros/humble/share/ament_cmake/cmake)
[0.401s] -- Found Python3: /usr/bin/python3 (found version "3.10.12") found components: Interpreter 
[0.476s] -- Found geometry_msgs: 4.2.4 (/opt/ros/humble/share/geometry_msgs/cmake)
[0.511s] -- Found rosidl_generator_c: 3.1.6 (/opt/ros/humble/share/rosidl_generator_c/cmake)
[0.516s] -- Found rosidl_adapter: 3.1.6 (/opt/ros/humble/share/rosidl_adapter/cmake)
[0.524s] -- Found rosidl_generator_cpp: 3.1.6 (/opt/ros/humble/share/rosidl_generator_cpp/cmake)
[0.535s] -- Using all available rosidl_typesupport_c: rosidl_typesupport_fastrtps_c;rosidl_typesupport_introspection_c
[0.550s] -- Using all available rosidl_typesupport_cpp: rosidl_typesupport_fastrtps_cpp;rosidl_typesupport_introspection_cpp
[0.583s] -- Found nav_msgs: 4.2.4 (/opt/ros/humble/share/nav_msgs/cmake)
[0.598s] -- Found rclcpp: 16.0.11 (/opt/ros/humble/share/rclcpp/cmake)
[0.634s] -- Found rmw_implementation_cmake: 6.1.2 (/opt/ros/humble/share/rmw_implementation_cmake/cmake)
[0.637s] -- Found rmw_fastrtps_cpp: 6.2.7 (/opt/ros/humble/share/rmw_fastrtps_cpp/cmake)
[0.715s] -- Found OpenSSL: /usr/lib/x86_64-linux-gnu/libcrypto.so (found version "3.0.2")  
[0.738s] -- Found FastRTPS: /opt/ros/humble/include  
[0.772s] -- Using RMW implementation 'rmw_fastrtps_cpp' as default
[0.779s] -- Looking for pthread.h
[0.836s] -- Looking for pthread.h - found
[0.836s] -- Performing Test CMAKE_HAVE_LIBC_PTHREAD
[0.892s] -- Performing Test CMAKE_HAVE_LIBC_PTHREAD - Success
[0.893s] -- Found Threads: TRUE  
[0.929s] -- Found sensor_msgs: 4.2.4 (/opt/ros/humble/share/sensor_msgs/cmake)
[0.947s] -- Found tf2: 0.25.12 (/opt/ros/humble/share/tf2/cmake)
[0.957s] -- Found tf2_msgs: 0.25.12 (/opt/ros/humble/share/tf2_msgs/cmake)
[0.997s] -- Found turtlebot3_msgs: 2.2.3 (/opt/ros/humble/share/turtlebot3_msgs/cmake)
[1.057s] -- Configuring done
[1.067s] -- Generating done
[1.070s] -- Build files have been written to: /home/kohjj27/my_ws/build/turtlebot3_fake_node
[1.080s] Invoked command in '/home/kohjj27/my_ws/build/turtlebot3_fake_node' returned '0': CMAKE_PREFIX_PATH=/opt/ros/humble /usr/bin/cmake /home/kohjj27/my_ws/src/turtlebot3_simulations/turtlebot3_fake_node -DCMAKE_INSTALL_PREFIX=/home/kohjj27/my_ws/install/turtlebot3_fake_node
[1.081s] Invoking command in '/home/kohjj27/my_ws/build/turtlebot3_fake_node': CMAKE_PREFIX_PATH=/opt/ros/humble /usr/bin/cmake --build /home/kohjj27/my_ws/build/turtlebot3_fake_node -- -j16 -l16
[1.120s] [ 50%] [32mBuilding CXX object CMakeFiles/turtlebot3_fake_node.dir/src/turtlebot3_fake_node.cpp.o[0m
[8.372s] [100%] [32m[1mLinking CXX executable turtlebot3_fake_node[0m
[8.790s] [100%] Built target turtlebot3_fake_node
[8.800s] Invoked command in '/home/kohjj27/my_ws/build/turtlebot3_fake_node' returned '0': CMAKE_PREFIX_PATH=/opt/ros/humble /usr/bin/cmake --build /home/kohjj27/my_ws/build/turtlebot3_fake_node -- -j16 -l16
[8.801s] Invoking command in '/home/kohjj27/my_ws/build/turtlebot3_fake_node': CMAKE_PREFIX_PATH=/opt/ros/humble /usr/bin/cmake --install /home/kohjj27/my_ws/build/turtlebot3_fake_node
[8.808s] -- Install configuration: ""
[8.808s] -- Installing: /home/kohjj27/my_ws/install/turtlebot3_fake_node/lib/turtlebot3_fake_node/turtlebot3_fake_node
[8.812s] -- Set runtime path of "/home/kohjj27/my_ws/install/turtlebot3_fake_node/lib/turtlebot3_fake_node/turtlebot3_fake_node" to ""
[8.812s] -- Installing: /home/kohjj27/my_ws/install/turtlebot3_fake_node/share/turtlebot3_fake_node/launch
[8.812s] -- Installing: /home/kohjj27/my_ws/install/turtlebot3_fake_node/share/turtlebot3_fake_node/launch/turtlebot3_fake_node.launch.py
[8.812s] -- Installing: /home/kohjj27/my_ws/install/turtlebot3_fake_node/share/turtlebot3_fake_node/launch/rviz2.launch.py
[8.812s] -- Installing: /home/kohjj27/my_ws/install/turtlebot3_fake_node/share/turtlebot3_fake_node/param
[8.812s] -- Installing: /home/kohjj27/my_ws/install/turtlebot3_fake_node/share/turtlebot3_fake_node/param/waffle.yaml
[8.812s] -- Installing: /home/kohjj27/my_ws/install/turtlebot3_fake_node/share/turtlebot3_fake_node/param/waffle_pi.yaml
[8.812s] -- Installing: /home/kohjj27/my_ws/install/turtlebot3_fake_node/share/turtlebot3_fake_node/param/burger.yaml
[8.812s] -- Installing: /home/kohjj27/my_ws/install/turtlebot3_fake_node/include/
[8.812s] -- Installing: /home/kohjj27/my_ws/install/turtlebot3_fake_node/include//turtlebot3_fake_node
[8.812s] -- Installing: /home/kohjj27/my_ws/install/turtlebot3_fake_node/include//turtlebot3_fake_node/turtlebot3_fake_node.hpp
[8.813s] -- Installing: /home/kohjj27/my_ws/install/turtlebot3_fake_node/share/ament_index/resource_index/package_run_dependencies/turtlebot3_fake_node
[8.813s] -- Installing: /home/kohjj27/my_ws/install/turtlebot3_fake_node/share/ament_index/resource_index/parent_prefix_path/turtlebot3_fake_node
[8.813s] -- Installing: /home/kohjj27/my_ws/install/turtlebot3_fake_node/share/turtlebot3_fake_node/environment/ament_prefix_path.sh
[8.813s] -- Installing: /home/kohjj27/my_ws/install/turtlebot3_fake_node/share/turtlebot3_fake_node/environment/ament_prefix_path.dsv
[8.813s] -- Installing: /home/kohjj27/my_ws/install/turtlebot3_fake_node/share/turtlebot3_fake_node/environment/path.sh
[8.813s] -- Installing: /home/kohjj27/my_ws/install/turtlebot3_fake_node/share/turtlebot3_fake_node/environment/path.dsv
[8.813s] -- Installing: /home/kohjj27/my_ws/install/turtlebot3_fake_node/share/turtlebot3_fake_node/local_setup.bash
[8.813s] -- Installing: /home/kohjj27/my_ws/install/turtlebot3_fake_node/share/turtlebot3_fake_node/local_setup.sh
[8.814s] -- Installing: /home/kohjj27/my_ws/install/turtlebot3_fake_node/share/turtlebot3_fake_node/local_setup.zsh
[8.814s] -- Installing: /home/kohjj27/my_ws/install/turtlebot3_fake_node/share/turtlebot3_fake_node/local_setup.dsv
[8.814s] -- Installing: /home/kohjj27/my_ws/install/turtlebot3_fake_node/share/turtlebot3_fake_node/package.dsv
[8.814s] -- Installing: /home/kohjj27/my_ws/install/turtlebot3_fake_node/share/ament_index/resource_index/packages/turtlebot3_fake_node
[8.814s] -- Installing: /home/kohjj27/my_ws/install/turtlebot3_fake_node/share/turtlebot3_fake_node/cmake/ament_cmake_export_include_directories-extras.cmake
[8.814s] -- Installing: /home/kohjj27/my_ws/install/turtlebot3_fake_node/share/turtlebot3_fake_node/cmake/ament_cmake_export_dependencies-extras.cmake
[8.814s] -- Installing: /home/kohjj27/my_ws/install/turtlebot3_fake_node/share/turtlebot3_fake_node/cmake/turtlebot3_fake_nodeConfig.cmake
[8.814s] -- Installing: /home/kohjj27/my_ws/install/turtlebot3_fake_node/share/turtlebot3_fake_node/cmake/turtlebot3_fake_nodeConfig-version.cmake
[8.815s] -- Installing: /home/kohjj27/my_ws/install/turtlebot3_fake_node/share/turtlebot3_fake_node/package.xml
[8.817s] Invoked command in '/home/kohjj27/my_ws/build/turtlebot3_fake_node' returned '0': CMAKE_PREFIX_PATH=/opt/ros/humble /usr/bin/cmake --install /home/kohjj27/my_ws/build/turtlebot3_fake_node
