[01m[K/home/kohjj27/my_ws/src/topic_ex_c/src/topic_publisher.cpp:12:7:[m[K [01;31m[Kerror: [m[Kfound ‘[01m[K:[m[K’ in nested-name-specifier, expected ‘[01m[K::[m[K’
   12 | rclcpp[01;31m[K:[m[KPublisher<std_msgs::msg::Int32>::SharedPtr publisher_;
      |       [01;31m[K^[m[K
      |       [32m[K::[m[K
[01m[K/home/kohjj27/my_ws/src/topic_ex_c/src/topic_publisher.cpp:14:22:[m[K [01;31m[Kerror: [m[Kexpected class-name before ‘[01m[Krclcpp[m[K’
   14 | class MinPub : pulic [01;31m[Krclcpp[m[K::Node
      |                      [01;31m[K^~~~~~[m[K
[01m[K/home/kohjj27/my_ws/src/topic_ex_c/src/topic_publisher.cpp:14:22:[m[K [01;31m[Kerror: [m[Kexpected ‘[01m[K{[m[K’ before ‘[01m[Krclcpp[m[K’
[01m[K/home/kohjj27/my_ws/src/topic_ex_c/src/topic_publisher.cpp:16:9:[m[K [01;31m[Kerror: [m[Kexpected primary-expression before ‘[01m[Kpublic[m[K’
   16 |         [01;31m[Kpublic[m[K:
      |         [01;31m[K^~~~~~[m[K
[01m[K/home/kohjj27/my_ws/src/topic_ex_c/src/topic_publisher.cpp:16:9:[m[K [01;31m[Kerror: [m[Kexpected ‘[01m[K}[m[K’ before ‘[01m[Kpublic[m[K’
[01m[K/home/kohjj27/my_ws/src/topic_ex_c/src/topic_publisher.cpp:15:1:[m[K [01;36m[Knote: [m[Kto match this ‘[01m[K{[m[K’
   15 | [01;36m[K{[m[K
      | [01;36m[K^[m[K
[01m[K/home/kohjj27/my_ws/src/topic_ex_c/src/topic_publisher.cpp:25:9:[m[K [01;31m[Kerror: [m[Kexpected unqualified-id before ‘[01m[Kprivate[m[K’
   25 |         [01;31m[Kprivate[m[K:
      |         [01;31m[K^~~~~~~[m[K
[01m[K/home/kohjj27/my_ws/src/topic_ex_c/src/topic_publisher.cpp:35:68:[m[K [01;31m[Kerror: [m[Kredefinition of ‘[01m[Krclcpp::Publisher<std_msgs::msg::Int32_<std::allocator<void> > >::SharedPtr publisher_[m[K’
   35 |          rclcpp::Publisher<std_msgs::msg::Int32>::SharedPtr [01;31m[Kpublisher_[m[K;
      |                                                             [01;31m[K^~~~~~~~~~[m[K

[01m[K/home/kohjj27/my_ws/src/topic_ex_c/src/topic_publisher.cpp:12:51:[m[K [01;36m[Knote: [m[K‘[01m[Krclcpp::Publisher<std_msgs::msg::Int32_<std::allocator<void> > >::SharedPtr publisher_[m[K’ previously defined here
   12 | rclcpp:Publisher<std_msgs::msg::Int32>::SharedPtr [01;36m[Kpublisher_[m[K;
      |                                                   [01;36m[K^~~~~~~~~~[m[K
[01m[K/home/kohjj27/my_ws/src/topic_ex_c/src/topic_publisher.cpp:38:1:[m[K [01;31m[Kerror: [m[Kexpected declaration before ‘[01m[K}[m[K’ token
   38 | [01;31m[K}[m[K;
      | [01;31m[K^[m[K
[01m[K/home/kohjj27/my_ws/src/topic_ex_c/src/topic_publisher.cpp:40:27:[m[K [01;31m[Kerror: [m[Kconflicting declaration ‘[01m[Kchar** argc[m[K’
   40 | int main(int argc, [01;31m[Kchar * argc[][m[K)
      |                    [01;31m[K~~~~~~~^~~~~~[m[K
[01m[K/home/kohjj27/my_ws/src/topic_ex_c/src/topic_publisher.cpp:40:14:[m[K [01;36m[Knote: [m[Kprevious declaration as ‘[01m[Kint argc[m[K’
   40 | int main([01;36m[Kint argc[m[K, char * argc[])
      |          [01;36m[K~~~~^~~~[m[K
[01m[K/home/kohjj27/my_ws/src/topic_ex_c/src/topic_publisher.cpp:[m[K In function ‘[01m[Kint main(...)[m[K’:
[01m[K/home/kohjj27/my_ws/src/topic_ex_c/src/topic_publisher.cpp:42:28:[m[K [01;31m[Kerror: [m[Kinvalid conversion from ‘[01m[Kint[m[K’ to ‘[01m[Kconst char* const*[m[K’ [[01;31m[K]8;;https://gcc.gnu.org/onlinedocs/gcc/Warning-Options.html#index-fpermissive-fpermissive]8;;[m[K]
   42 |         rclcpp::init(argc, [01;31m[Kargc[m[K);
      |                            [01;31m[K^~~~[m[K
      |                            [01;31m[K|[m[K
      |                            [01;31m[Kint[m[K
In file included from [01m[K/opt/ros/humble/include/rclcpp/rclcpp/logging.hpp:25[m[K,
                 from [01m[K/opt/ros/humble/include/rclcpp/rclcpp/client.hpp:40[m[K,
                 from [01m[K/opt/ros/humble/include/rclcpp/rclcpp/callback_group.hpp:24[m[K,
                 from [01m[K/opt/ros/humble/include/rclcpp/rclcpp/any_executable.hpp:20[m[K,
                 from [01m[K/opt/ros/humble/include/rclcpp/rclcpp/memory_strategy.hpp:25[m[K,
                 from [01m[K/opt/ros/humble/include/rclcpp/rclcpp/memory_strategies.hpp:18[m[K,
                 from [01m[K/opt/ros/humble/include/rclcpp/rclcpp/executor_options.hpp:20[m[K,
                 from [01m[K/opt/ros/humble/include/rclcpp/rclcpp/executor.hpp:37[m[K,
                 from [01m[K/opt/ros/humble/include/rclcpp/rclcpp/executors/multi_threaded_executor.hpp:25[m[K,
                 from [01m[K/opt/ros/humble/include/rclcpp/rclcpp/executors.hpp:21[m[K,
                 from [01m[K/opt/ros/humble/include/rclcpp/rclcpp/rclcpp.hpp:155[m[K,
                 from [01m[K/home/kohjj27/my_ws/src/topic_ex_c/src/topic_publisher.cpp:6[m[K:
[01m[K/opt/ros/humble/include/rclcpp/rclcpp/utilities.hpp:77:24:[m[K [01;36m[Knote: [m[K  initializing argument 2 of ‘[01m[Kvoid rclcpp::init(int, const char* const*, const rclcpp::InitOptions&, rclcpp::SignalHandlerOptions)[m[K’
   77 |   [01;36m[Kchar const * const * argv[m[K,
      |   [01;36m[K~~~~~~~~~~~~~~~~~~~~~^~~~[m[K
[01m[K/home/kohjj27/my_ws/src/topic_ex_c/src/topic_publisher.cpp:43:21:[m[K [01;31m[Kerror: [m[Kno matching function for call to ‘[01m[Kspin(std::shared_ptr<MinPub>)[m[K’
   43 |         [01;31m[Krclcpp::spin(std::make_shared<MinPub>())[m[K;
      |         [01;31m[K~~~~~~~~~~~~^~~~~~~~~~~~~~~~~~~~~~~~~~~~[m[K
In file included from [01m[K/opt/ros/humble/include/rclcpp/rclcpp/rclcpp.hpp:155[m[K,
                 from [01m[K/home/kohjj27/my_ws/src/topic_ex_c/src/topic_publisher.cpp:6[m[K:
[01m[K/opt/ros/humble/include/rclcpp/rclcpp/executors.hpp:45:1:[m[K [01;36m[Knote: [m[Kcandidate: ‘[01m[Kvoid rclcpp::spin(rclcpp::node_interfaces::NodeBaseInterface::SharedPtr)[m[K’
   45 | [01;36m[Kspin[m[K(rclcpp::node_interfaces::NodeBaseInterface::SharedPtr node_ptr);
      | [01;36m[K^~~~[m[K
[01m[K/opt/ros/humble/include/rclcpp/rclcpp/executors.hpp:45:60:[m[K [01;36m[Knote: [m[K  no known conversion for argument 1 from ‘[01m[Kshared_ptr<[01;32m[KMinPub[m[K>[m[K’ to ‘[01m[Kshared_ptr<[01;32m[Krclcpp::node_interfaces::NodeBaseInterface[m[K>[m[K’
   45 | spin([01;36m[Krclcpp::node_interfaces::NodeBaseInterface::SharedPtr node_ptr[m[K);
      |      [01;36m[K~~~~~~~~~~~~~~~~~~~~~~~~~~~~~~~~~~~~~~~~~~~~~~~~~~~~~~^~~~~~~~[m[K
[01m[K/opt/ros/humble/include/rclcpp/rclcpp/executors.hpp:49:1:[m[K [01;36m[Knote: [m[Kcandidate: ‘[01m[Kvoid rclcpp::spin(rclcpp::Node::SharedPtr)[m[K’
   49 | [01;36m[Kspin[m[K(rclcpp::Node::SharedPtr node_ptr);
      | [01;36m[K^~~~[m[K
[01m[K/opt/ros/humble/include/rclcpp/rclcpp/executors.hpp:49:30:[m[K [01;36m[Knote: [m[K  no known conversion for argument 1 from ‘[01m[Kshared_ptr<[01;32m[KMinPub[m[K>[m[K’ to ‘[01m[Kshared_ptr<[01;32m[Krclcpp::Node[m[K>[m[K’
   49 | spin([01;36m[Krclcpp::Node::SharedPtr node_ptr[m[K);
      |      [01;36m[K~~~~~~~~~~~~~~~~~~~~~~~~^~~~~~~~[m[K
In file included from [01m[K/usr/include/c++/11/unordered_map:42[m[K,
                 from [01m[K/usr/include/c++/11/functional:61[m[K,
                 from [01m[K/home/kohjj27/my_ws/src/topic_ex_c/src/topic_publisher.cpp:2[m[K:
/usr/include/c++/11/ext/aligned_buffer.h: In instantiation of ‘[01m[Kstruct __gnu_cxx::__aligned_buffer<MinPub>[m[K’:
[01m[K/usr/include/c++/11/bits/shared_ptr_base.h:506:35:[m[K   required from ‘[01m[Kclass std::_Sp_counted_ptr_inplace<MinPub, std::allocator<MinPub>, __gnu_cxx::_S_atomic>::_Impl[m[K’
[01m[K/usr/include/c++/11/bits/shared_ptr_base.h:567:13:[m[K   required from ‘[01m[Kclass std::_Sp_counted_ptr_inplace<MinPub, std::allocator<MinPub>, __gnu_cxx::_S_atomic>[m[K’
[01m[K/usr/include/c++/11/bits/shared_ptr_base.h:647:43:[m[K   required from ‘[01m[Kstd::__shared_count<_Lp>::__shared_count(_Tp*&, std::_Sp_alloc_shared_tag<_Alloc>, _Args&& ...) [with _Tp = MinPub; _Alloc = std::allocator<MinPub>; _Args = {}; __gnu_cxx::_Lock_policy _Lp = __gnu_cxx::_S_atomic][m[K’
[01m[K/usr/include/c++/11/bits/shared_ptr_base.h:1342:14:[m[K   required from ‘[01m[Kstd::__shared_ptr<_Tp, _Lp>::__shared_ptr(std::_Sp_alloc_shared_tag<_Tp>, _Args&& ...) [with _Alloc = std::allocator<MinPub>; _Args = {}; _Tp = MinPub; __gnu_cxx::_Lock_policy _Lp = __gnu_cxx::_S_atomic][m[K’
[01m[K/usr/include/c++/11/bits/shared_ptr.h:409:59:[m[K   required from ‘[01m[Kstd::shared_ptr<_Tp>::shared_ptr(std::_Sp_alloc_shared_tag<_Tp>, _Args&& ...) [with _Alloc = std::allocator<MinPub>; _Args = {}; _Tp = MinPub][m[K’
[01m[K/usr/include/c++/11/bits/shared_ptr.h:862:14:[m[K   required from ‘[01m[Kstd::shared_ptr<_Tp> std::allocate_shared(const _Alloc&, _Args&& ...) [with _Tp = MinPub; _Alloc = std::allocator<MinPub>; _Args = {}][m[K’
[01m[K/usr/include/c++/11/bits/shared_ptr.h:878:39:[m[K   required from ‘[01m[Kstd::shared_ptr<_Tp> std::make_shared(_Args&& ...) [with _Tp = MinPub; _Args = {}][m[K’
[01m[K/home/kohjj27/my_ws/src/topic_ex_c/src/topic_publisher.cpp:43:39:[m[K   required from here
[01m[K/usr/include/c++/11/ext/aligned_buffer.h:91:28:[m[K [01;31m[Kerror: [m[Kinvalid application of ‘[01m[Ksizeof[m[K’ to incomplete type ‘[01m[KMinPub[m[K’
   91 |     : std::aligned_storage<[01;31m[Ksizeof(_Tp)[m[K, __alignof__(_Tp)>
      |                            [01;31m[K^~~~~~~~~~~[m[K
[01m[K/usr/include/c++/11/ext/aligned_buffer.h:91:28:[m[K [01;31m[Kerror: [m[Kinvalid application of ‘[01m[Ksizeof[m[K’ to incomplete type ‘[01m[KMinPub[m[K’
gmake[2]: *** [CMakeFiles/topic_pub.dir/build.make:76: CMakeFiles/topic_pub.dir/src/topic_publisher.cpp.o] Error 1
gmake[1]: *** [CMakeFiles/Makefile2:137: CMakeFiles/topic_pub.dir/all] Error 2
gmake: *** [Makefile:146: all] Error 2
