[0.020s] Invoking command in '/home/kohjj27/my_ws/build/wanderbot': CMAKE_PREFIX_PATH=/opt/ros/humble /usr/bin/cmake --build /home/kohjj27/my_ws/build/wanderbot -- -j16 -l16
[0.068s] [35m[1mConsolidate compiler generated dependencies of target go_rot[0m
[0.088s] [ 50%] [32mBuilding CXX object CMakeFiles/go_rot.dir/src/go_rot.cpp.o[0m
[4.505s] [100%] [32m[1mLinking CXX executable go_rot[0m
[4.723s] [100%] Built target go_rot
[4.738s] Invoked command in '/home/kohjj27/my_ws/build/wanderbot' returned '0': CMAKE_PREFIX_PATH=/opt/ros/humble /usr/bin/cmake --build /home/kohjj27/my_ws/build/wanderbot -- -j16 -l16
[4.740s] Invoking command in '/home/kohjj27/my_ws/build/wanderbot': CMAKE_PREFIX_PATH=/opt/ros/humble /usr/bin/cmake --install /home/kohjj27/my_ws/build/wanderbot
[4.750s] -- Install configuration: ""
[4.750s] -- Installing: /home/kohjj27/my_ws/install/wanderbot/lib/wanderbot/go_rot
[4.751s] -- Set runtime path of "/home/kohjj27/my_ws/install/wanderbot/lib/wanderbot/go_rot" to ""
[4.752s] -- Installing: /home/kohjj27/my_ws/install/wanderbot/share/ament_index/resource_index/package_run_dependencies/wanderbot
[4.752s] -- Installing: /home/kohjj27/my_ws/install/wanderbot/share/ament_index/resource_index/parent_prefix_path/wanderbot
[4.752s] -- Installing: /home/kohjj27/my_ws/install/wanderbot/share/wanderbot/environment/ament_prefix_path.sh
[4.752s] -- Installing: /home/kohjj27/my_ws/install/wanderbot/share/wanderbot/environment/ament_prefix_path.dsv
[4.753s] -- Installing: /home/kohjj27/my_ws/install/wanderbot/share/wanderbot/environment/path.sh
[4.753s] -- Installing: /home/kohjj27/my_ws/install/wanderbot/share/wanderbot/environment/path.dsv
[4.753s] -- Installing: /home/kohjj27/my_ws/install/wanderbot/share/wanderbot/local_setup.bash
[4.753s] -- Installing: /home/kohjj27/my_ws/install/wanderbot/share/wanderbot/local_setup.sh
[4.753s] -- Installing: /home/kohjj27/my_ws/install/wanderbot/share/wanderbot/local_setup.zsh
[4.754s] -- Installing: /home/kohjj27/my_ws/install/wanderbot/share/wanderbot/local_setup.dsv
[4.754s] -- Installing: /home/kohjj27/my_ws/install/wanderbot/share/wanderbot/package.dsv
[4.754s] -- Installing: /home/kohjj27/my_ws/install/wanderbot/share/ament_index/resource_index/packages/wanderbot
[4.754s] -- Installing: /home/kohjj27/my_ws/install/wanderbot/share/wanderbot/cmake/wanderbotConfig.cmake
[4.754s] -- Installing: /home/kohjj27/my_ws/install/wanderbot/share/wanderbot/cmake/wanderbotConfig-version.cmake
[4.755s] -- Installing: /home/kohjj27/my_ws/install/wanderbot/share/wanderbot/package.xml
[4.757s] Invoked command in '/home/kohjj27/my_ws/build/wanderbot' returned '0': CMAKE_PREFIX_PATH=/opt/ros/humble /usr/bin/cmake --install /home/kohjj27/my_ws/build/wanderbot
