[35m[1mConsolidate compiler generated dependencies of target topic_sub[0m
[ 50%] Built target topic_pub
[ 75%] [32mBuilding CXX object CMakeFiles/topic_sub.dir/src/topic_subscriber.cpp.o[0m
[100%] [32m[1mLinking CXX executable topic_sub[0m
[100%] Built target topic_sub
-- Install configuration: ""
-- Up-to-date: /home/kohjj27/my_ws/install/topic_ex_c/lib/topic_ex_c/topic_pub
-- Installing: /home/kohjj27/my_ws/install/topic_ex_c/lib/topic_ex_c/topic_sub
-- Set runtime path of "/home/kohjj27/my_ws/install/topic_ex_c/lib/topic_ex_c/topic_sub" to ""
-- Up-to-date: /home/kohjj27/my_ws/install/topic_ex_c/share/ament_index/resource_index/package_run_dependencies/topic_ex_c
-- Up-to-date: /home/kohjj27/my_ws/install/topic_ex_c/share/ament_index/resource_index/parent_prefix_path/topic_ex_c
-- Up-to-date: /home/kohjj27/my_ws/install/topic_ex_c/share/topic_ex_c/environment/ament_prefix_path.sh
-- Installing: /home/kohjj27/my_ws/install/topic_ex_c/share/topic_ex_c/environment/ament_prefix_path.dsv
-- Up-to-date: /home/kohjj27/my_ws/install/topic_ex_c/share/topic_ex_c/environment/path.sh
-- Installing: /home/kohjj27/my_ws/install/topic_ex_c/share/topic_ex_c/environment/path.dsv
-- Up-to-date: /home/kohjj27/my_ws/install/topic_ex_c/share/topic_ex_c/local_setup.bash
-- Up-to-date: /home/kohjj27/my_ws/install/topic_ex_c/share/topic_ex_c/local_setup.sh
-- Up-to-date: /home/kohjj27/my_ws/install/topic_ex_c/share/topic_ex_c/local_setup.zsh
-- Installing: /home/kohjj27/my_ws/install/topic_ex_c/share/topic_ex_c/local_setup.dsv
-- Installing: /home/kohjj27/my_ws/install/topic_ex_c/share/topic_ex_c/package.dsv
-- Up-to-date: /home/kohjj27/my_ws/install/topic_ex_c/share/ament_index/resource_index/packages/topic_ex_c
-- Up-to-date: /home/kohjj27/my_ws/install/topic_ex_c/share/topic_ex_c/cmake/topic_ex_cConfig.cmake
-- Up-to-date: /home/kohjj27/my_ws/install/topic_ex_c/share/topic_ex_c/cmake/topic_ex_cConfig-version.cmake
-- Up-to-date: /home/kohjj27/my_ws/install/topic_ex_c/share/topic_ex_c/package.xml
