[0.012s] Invoking command in '/home/kohjj27/my_ws/build/topic_ex_c': CMAKE_PREFIX_PATH=/opt/ros/humble /usr/bin/cmake --build /home/kohjj27/my_ws/build/topic_ex_c -- -j16 -l16
[0.064s] [35m[1mConsolidate compiler generated dependencies of target topic_sub[0m
[0.081s] [ 50%] Built target topic_pub
[0.082s] [ 75%] [32mBuilding CXX object CMakeFiles/topic_sub.dir/src/topic_subscriber.cpp.o[0m
[7.601s] [100%] [32m[1mLinking CXX executable topic_sub[0m
[7.919s] [100%] Built target topic_sub
[7.932s] Invoked command in '/home/kohjj27/my_ws/build/topic_ex_c' returned '0': CMAKE_PREFIX_PATH=/opt/ros/humble /usr/bin/cmake --build /home/kohjj27/my_ws/build/topic_ex_c -- -j16 -l16
[7.943s] Invoking command in '/home/kohjj27/my_ws/build/topic_ex_c': CMAKE_PREFIX_PATH=/opt/ros/humble /usr/bin/cmake --install /home/kohjj27/my_ws/build/topic_ex_c
[7.952s] -- Install configuration: ""
[7.952s] -- Up-to-date: /home/kohjj27/my_ws/install/topic_ex_c/lib/topic_ex_c/topic_pub
[7.952s] -- Installing: /home/kohjj27/my_ws/install/topic_ex_c/lib/topic_ex_c/topic_sub
[7.956s] -- Set runtime path of "/home/kohjj27/my_ws/install/topic_ex_c/lib/topic_ex_c/topic_sub" to ""
[7.957s] -- Up-to-date: /home/kohjj27/my_ws/install/topic_ex_c/share/ament_index/resource_index/package_run_dependencies/topic_ex_c
[7.957s] -- Up-to-date: /home/kohjj27/my_ws/install/topic_ex_c/share/ament_index/resource_index/parent_prefix_path/topic_ex_c
[7.957s] -- Up-to-date: /home/kohjj27/my_ws/install/topic_ex_c/share/topic_ex_c/environment/ament_prefix_path.sh
[7.957s] -- Installing: /home/kohjj27/my_ws/install/topic_ex_c/share/topic_ex_c/environment/ament_prefix_path.dsv
[7.957s] -- Up-to-date: /home/kohjj27/my_ws/install/topic_ex_c/share/topic_ex_c/environment/path.sh
[7.957s] -- Installing: /home/kohjj27/my_ws/install/topic_ex_c/share/topic_ex_c/environment/path.dsv
[7.957s] -- Up-to-date: /home/kohjj27/my_ws/install/topic_ex_c/share/topic_ex_c/local_setup.bash
[7.957s] -- Up-to-date: /home/kohjj27/my_ws/install/topic_ex_c/share/topic_ex_c/local_setup.sh
[7.957s] -- Up-to-date: /home/kohjj27/my_ws/install/topic_ex_c/share/topic_ex_c/local_setup.zsh
[7.957s] -- Installing: /home/kohjj27/my_ws/install/topic_ex_c/share/topic_ex_c/local_setup.dsv
[7.958s] -- Installing: /home/kohjj27/my_ws/install/topic_ex_c/share/topic_ex_c/package.dsv
[7.958s] -- Up-to-date: /home/kohjj27/my_ws/install/topic_ex_c/share/ament_index/resource_index/packages/topic_ex_c
[7.958s] -- Up-to-date: /home/kohjj27/my_ws/install/topic_ex_c/share/topic_ex_c/cmake/topic_ex_cConfig.cmake
[7.958s] -- Up-to-date: /home/kohjj27/my_ws/install/topic_ex_c/share/topic_ex_c/cmake/topic_ex_cConfig-version.cmake
[7.958s] -- Up-to-date: /home/kohjj27/my_ws/install/topic_ex_c/share/topic_ex_c/package.xml
[7.961s] Invoked command in '/home/kohjj27/my_ws/build/topic_ex_c' returned '0': CMAKE_PREFIX_PATH=/opt/ros/humble /usr/bin/cmake --install /home/kohjj27/my_ws/build/topic_ex_c
