[0.011s] Invoking command in '/home/kohjj27/my_ws/build/turtlebot3_simulations': CMAKE_PREFIX_PATH=/home/kohjj27/my_ws/install/turtlebot3_gazebo:/home/kohjj27/my_ws/install/turtlebot3_fake_node:/home/kohjj27/my_ws/install/wanderbot:/home/kohjj27/my_ws/install/turtlebot3_simulations:/home/kohjj27/my_ws/install/topic_ex_c:/opt/ros/humble /usr/bin/cmake /home/kohjj27/my_ws/src/turtlebot3_simulations/turtlebot3_simulations -DAMENT_CMAKE_SYMLINK_INSTALL=1 -DCMAKE_INSTALL_PREFIX=/home/kohjj27/my_ws/install/turtlebot3_simulations
[0.025s] -- Found ament_cmake: 1.3.11 (/opt/ros/humble/share/ament_cmake/cmake)
[0.149s] -- Override CMake install command with custom implementation using symlinks instead of copying resources
[0.223s] -- Configuring done
[0.227s] -- Generating done
[0.230s] -- Build files have been written to: /home/kohjj27/my_ws/build/turtlebot3_simulations
[0.233s] Invoked command in '/home/kohjj27/my_ws/build/turtlebot3_simulations' returned '0': CMAKE_PREFIX_PATH=/home/kohjj27/my_ws/install/turtlebot3_gazebo:/home/kohjj27/my_ws/install/turtlebot3_fake_node:/home/kohjj27/my_ws/install/wanderbot:/home/kohjj27/my_ws/install/turtlebot3_simulations:/home/kohjj27/my_ws/install/topic_ex_c:/opt/ros/humble /usr/bin/cmake /home/kohjj27/my_ws/src/turtlebot3_simulations/turtlebot3_simulations -DAMENT_CMAKE_SYMLINK_INSTALL=1 -DCMAKE_INSTALL_PREFIX=/home/kohjj27/my_ws/install/turtlebot3_simulations
[0.235s] Invoking command in '/home/kohjj27/my_ws/build/turtlebot3_simulations': CMAKE_PREFIX_PATH=/home/kohjj27/my_ws/install/turtlebot3_gazebo:/home/kohjj27/my_ws/install/turtlebot3_fake_node:/home/kohjj27/my_ws/install/wanderbot:/home/kohjj27/my_ws/install/turtlebot3_simulations:/home/kohjj27/my_ws/install/topic_ex_c:/opt/ros/humble /usr/bin/cmake --build /home/kohjj27/my_ws/build/turtlebot3_simulations -- -j16 -l16
[0.283s] Invoked command in '/home/kohjj27/my_ws/build/turtlebot3_simulations' returned '0': CMAKE_PREFIX_PATH=/home/kohjj27/my_ws/install/turtlebot3_gazebo:/home/kohjj27/my_ws/install/turtlebot3_fake_node:/home/kohjj27/my_ws/install/wanderbot:/home/kohjj27/my_ws/install/turtlebot3_simulations:/home/kohjj27/my_ws/install/topic_ex_c:/opt/ros/humble /usr/bin/cmake --build /home/kohjj27/my_ws/build/turtlebot3_simulations -- -j16 -l16
[0.285s] Invoking command in '/home/kohjj27/my_ws/build/turtlebot3_simulations': CMAKE_PREFIX_PATH=/home/kohjj27/my_ws/install/turtlebot3_gazebo:/home/kohjj27/my_ws/install/turtlebot3_fake_node:/home/kohjj27/my_ws/install/wanderbot:/home/kohjj27/my_ws/install/turtlebot3_simulations:/home/kohjj27/my_ws/install/topic_ex_c:/opt/ros/humble /usr/bin/cmake --install /home/kohjj27/my_ws/build/turtlebot3_simulations
[0.294s] -- Install configuration: ""
[0.294s] -- Execute custom install script
[0.294s] -- Symlinking: /home/kohjj27/my_ws/install/turtlebot3_simulations/share/ament_index/resource_index/package_run_dependencies/turtlebot3_simulations
[0.306s] -- Symlinking: /home/kohjj27/my_ws/install/turtlebot3_simulations/share/ament_index/resource_index/parent_prefix_path/turtlebot3_simulations
[0.318s] -- Symlinking: /home/kohjj27/my_ws/install/turtlebot3_simulations/share/turtlebot3_simulations/environment/ament_prefix_path.sh
[0.330s] -- Symlinking: /home/kohjj27/my_ws/install/turtlebot3_simulations/share/turtlebot3_simulations/environment/ament_prefix_path.dsv
[0.343s] -- Symlinking: /home/kohjj27/my_ws/install/turtlebot3_simulations/share/turtlebot3_simulations/environment/path.sh
[0.354s] -- Symlinking: /home/kohjj27/my_ws/install/turtlebot3_simulations/share/turtlebot3_simulations/environment/path.dsv
[0.367s] -- Symlinking: /home/kohjj27/my_ws/install/turtlebot3_simulations/share/turtlebot3_simulations/local_setup.bash
[0.378s] -- Symlinking: /home/kohjj27/my_ws/install/turtlebot3_simulations/share/turtlebot3_simulations/local_setup.sh
[0.390s] -- Symlinking: /home/kohjj27/my_ws/install/turtlebot3_simulations/share/turtlebot3_simulations/local_setup.zsh
[0.401s] -- Symlinking: /home/kohjj27/my_ws/install/turtlebot3_simulations/share/turtlebot3_simulations/local_setup.dsv
[0.413s] -- Symlinking: /home/kohjj27/my_ws/install/turtlebot3_simulations/share/turtlebot3_simulations/package.dsv
[0.425s] -- Symlinking: /home/kohjj27/my_ws/install/turtlebot3_simulations/share/ament_index/resource_index/packages/turtlebot3_simulations
[0.436s] -- Symlinking: /home/kohjj27/my_ws/install/turtlebot3_simulations/share/turtlebot3_simulations/cmake/turtlebot3_simulationsConfig.cmake
[0.448s] -- Symlinking: /home/kohjj27/my_ws/install/turtlebot3_simulations/share/turtlebot3_simulations/cmake/turtlebot3_simulationsConfig-version.cmake
[0.459s] -- Symlinking: /home/kohjj27/my_ws/install/turtlebot3_simulations/share/turtlebot3_simulations/package.xml
[0.473s] Invoked command in '/home/kohjj27/my_ws/build/turtlebot3_simulations' returned '0': CMAKE_PREFIX_PATH=/home/kohjj27/my_ws/install/turtlebot3_gazebo:/home/kohjj27/my_ws/install/turtlebot3_fake_node:/home/kohjj27/my_ws/install/wanderbot:/home/kohjj27/my_ws/install/turtlebot3_simulations:/home/kohjj27/my_ws/install/topic_ex_c:/opt/ros/humble /usr/bin/cmake --install /home/kohjj27/my_ws/build/turtlebot3_simulations
