[0.112s] DEBUG:colcon:Command line arguments: ['/usr/bin/colcon', 'build', '--symlink-install']
[0.112s] DEBUG:colcon:Parsed command line arguments: Namespace(log_base=None, log_level=None, verb_name='build', build_base='build', install_base='install', merge_install=False, symlink_install=True, test_result_base=None, continue_on_error=False, executor='parallel', parallel_workers=16, event_handlers=None, ignore_user_meta=False, metas=['./colcon.meta'], base_paths=['.'], packages_ignore=None, packages_ignore_regex=None, paths=None, packages_up_to=None, packages_up_to_regex=None, packages_above=None, packages_above_and_dependencies=None, packages_above_depth=None, packages_select_by_dep=None, packages_skip_by_dep=None, packages_skip_up_to=None, packages_select_build_failed=False, packages_skip_build_finished=False, packages_select_test_failures=False, packages_skip_test_passed=False, packages_select=None, packages_skip=None, packages_select_regex=None, packages_skip_regex=None, packages_start=None, packages_end=None, allow_overriding=[], cmake_args=None, cmake_target=None, cmake_target_skip_unavailable=False, cmake_clean_cache=False, cmake_clean_first=False, cmake_force_configure=False, ament_cmake_args=None, catkin_cmake_args=None, catkin_skip_building_tests=False, mixin_files=None, mixin=None, verb_parser=<colcon_mixin.mixin.mixin_argument.MixinArgumentDecorator object at 0x715a08451780>, verb_extension=<colcon_core.verb.build.BuildVerb object at 0x715a085d3100>, main=<bound method BuildVerb.main of <colcon_core.verb.build.BuildVerb object at 0x715a085d3100>>, mixin_verb=('build',))
[0.291s] Level 1:colcon.colcon_core.package_discovery:discover_packages(colcon_meta) check parameters
[0.291s] Level 1:colcon.colcon_core.package_discovery:discover_packages(recursive) check parameters
[0.291s] Level 1:colcon.colcon_core.package_discovery:discover_packages(ignore) check parameters
[0.291s] Level 1:colcon.colcon_core.package_discovery:discover_packages(path) check parameters
[0.291s] Level 1:colcon.colcon_core.package_discovery:discover_packages(colcon_meta) discover
[0.291s] Level 1:colcon.colcon_core.package_discovery:discover_packages(recursive) discover
[0.291s] INFO:colcon.colcon_core.package_discovery:Crawling recursively for packages in '/home/kohjj27/my_ws'
[0.292s] Level 1:colcon.colcon_core.package_identification:_identify(.) by extensions ['ignore', 'ignore_ament_install']
[0.292s] Level 1:colcon.colcon_core.package_identification:_identify(.) by extension 'ignore'
[0.292s] Level 1:colcon.colcon_core.package_identification:_identify(.) by extension 'ignore_ament_install'
[0.292s] Level 1:colcon.colcon_core.package_identification:_identify(.) by extensions ['colcon_pkg']
[0.292s] Level 1:colcon.colcon_core.package_identification:_identify(.) by extension 'colcon_pkg'
[0.292s] Level 1:colcon.colcon_core.package_identification:_identify(.) by extensions ['colcon_meta']
[0.292s] Level 1:colcon.colcon_core.package_identification:_identify(.) by extension 'colcon_meta'
[0.292s] Level 1:colcon.colcon_core.package_identification:_identify(.) by extensions ['ros']
[0.292s] Level 1:colcon.colcon_core.package_identification:_identify(.) by extension 'ros'
[0.303s] Level 1:colcon.colcon_core.package_identification:_identify(.) by extensions ['cmake', 'python']
[0.303s] Level 1:colcon.colcon_core.package_identification:_identify(.) by extension 'cmake'
[0.303s] Level 1:colcon.colcon_core.package_identification:_identify(.) by extension 'python'
[0.303s] Level 1:colcon.colcon_core.package_identification:_identify(.) by extensions ['python_setup_py']
[0.303s] Level 1:colcon.colcon_core.package_identification:_identify(.) by extension 'python_setup_py'
[0.303s] Level 1:colcon.colcon_core.package_identification:_identify(build) by extensions ['ignore', 'ignore_ament_install']
[0.303s] Level 1:colcon.colcon_core.package_identification:_identify(build) by extension 'ignore'
[0.303s] Level 1:colcon.colcon_core.package_identification:_identify(build) ignored
[0.303s] Level 1:colcon.colcon_core.package_identification:_identify(install) by extensions ['ignore', 'ignore_ament_install']
[0.303s] Level 1:colcon.colcon_core.package_identification:_identify(install) by extension 'ignore'
[0.303s] Level 1:colcon.colcon_core.package_identification:_identify(install) ignored
[0.303s] Level 1:colcon.colcon_core.package_identification:_identify(log) by extensions ['ignore', 'ignore_ament_install']
[0.304s] Level 1:colcon.colcon_core.package_identification:_identify(log) by extension 'ignore'
[0.304s] Level 1:colcon.colcon_core.package_identification:_identify(log) ignored
[0.304s] Level 1:colcon.colcon_core.package_identification:_identify(src) by extensions ['ignore', 'ignore_ament_install']
[0.304s] Level 1:colcon.colcon_core.package_identification:_identify(src) by extension 'ignore'
[0.304s] Level 1:colcon.colcon_core.package_identification:_identify(src) by extension 'ignore_ament_install'
[0.304s] Level 1:colcon.colcon_core.package_identification:_identify(src) by extensions ['colcon_pkg']
[0.304s] Level 1:colcon.colcon_core.package_identification:_identify(src) by extension 'colcon_pkg'
[0.304s] Level 1:colcon.colcon_core.package_identification:_identify(src) by extensions ['colcon_meta']
[0.304s] Level 1:colcon.colcon_core.package_identification:_identify(src) by extension 'colcon_meta'
[0.304s] Level 1:colcon.colcon_core.package_identification:_identify(src) by extensions ['ros']
[0.304s] Level 1:colcon.colcon_core.package_identification:_identify(src) by extension 'ros'
[0.304s] Level 1:colcon.colcon_core.package_identification:_identify(src) by extensions ['cmake', 'python']
[0.304s] Level 1:colcon.colcon_core.package_identification:_identify(src) by extension 'cmake'
[0.304s] Level 1:colcon.colcon_core.package_identification:_identify(src) by extension 'python'
[0.304s] Level 1:colcon.colcon_core.package_identification:_identify(src) by extensions ['python_setup_py']
[0.304s] Level 1:colcon.colcon_core.package_identification:_identify(src) by extension 'python_setup_py'
[0.304s] Level 1:colcon.colcon_core.package_identification:_identify(src/topic_ex_c) by extensions ['ignore', 'ignore_ament_install']
[0.304s] Level 1:colcon.colcon_core.package_identification:_identify(src/topic_ex_c) by extension 'ignore'
[0.304s] Level 1:colcon.colcon_core.package_identification:_identify(src/topic_ex_c) by extension 'ignore_ament_install'
[0.305s] Level 1:colcon.colcon_core.package_identification:_identify(src/topic_ex_c) by extensions ['colcon_pkg']
[0.305s] Level 1:colcon.colcon_core.package_identification:_identify(src/topic_ex_c) by extension 'colcon_pkg'
[0.305s] Level 1:colcon.colcon_core.package_identification:_identify(src/topic_ex_c) by extensions ['colcon_meta']
[0.305s] Level 1:colcon.colcon_core.package_identification:_identify(src/topic_ex_c) by extension 'colcon_meta'
[0.305s] Level 1:colcon.colcon_core.package_identification:_identify(src/topic_ex_c) by extensions ['ros']
[0.305s] Level 1:colcon.colcon_core.package_identification:_identify(src/topic_ex_c) by extension 'ros'
[0.307s] DEBUG:colcon.colcon_core.package_identification:Package 'src/topic_ex_c' with type 'ros.ament_cmake' and name 'topic_ex_c'
[0.307s] Level 1:colcon.colcon_core.package_identification:_identify(src/turtlebot3_simulations) by extensions ['ignore', 'ignore_ament_install']
[0.307s] Level 1:colcon.colcon_core.package_identification:_identify(src/turtlebot3_simulations) by extension 'ignore'
[0.307s] Level 1:colcon.colcon_core.package_identification:_identify(src/turtlebot3_simulations) by extension 'ignore_ament_install'
[0.307s] Level 1:colcon.colcon_core.package_identification:_identify(src/turtlebot3_simulations) by extensions ['colcon_pkg']
[0.307s] Level 1:colcon.colcon_core.package_identification:_identify(src/turtlebot3_simulations) by extension 'colcon_pkg'
[0.307s] Level 1:colcon.colcon_core.package_identification:_identify(src/turtlebot3_simulations) by extensions ['colcon_meta']
[0.307s] Level 1:colcon.colcon_core.package_identification:_identify(src/turtlebot3_simulations) by extension 'colcon_meta'
[0.307s] Level 1:colcon.colcon_core.package_identification:_identify(src/turtlebot3_simulations) by extensions ['ros']
[0.307s] Level 1:colcon.colcon_core.package_identification:_identify(src/turtlebot3_simulations) by extension 'ros'
[0.308s] Level 1:colcon.colcon_core.package_identification:_identify(src/turtlebot3_simulations) by extensions ['cmake', 'python']
[0.308s] Level 1:colcon.colcon_core.package_identification:_identify(src/turtlebot3_simulations) by extension 'cmake'
[0.308s] Level 1:colcon.colcon_core.package_identification:_identify(src/turtlebot3_simulations) by extension 'python'
[0.308s] Level 1:colcon.colcon_core.package_identification:_identify(src/turtlebot3_simulations) by extensions ['python_setup_py']
[0.308s] Level 1:colcon.colcon_core.package_identification:_identify(src/turtlebot3_simulations) by extension 'python_setup_py'
[0.308s] Level 1:colcon.colcon_core.package_identification:_identify(src/turtlebot3_simulations/turtlebot3_fake_node) by extensions ['ignore', 'ignore_ament_install']
[0.308s] Level 1:colcon.colcon_core.package_identification:_identify(src/turtlebot3_simulations/turtlebot3_fake_node) by extension 'ignore'
[0.308s] Level 1:colcon.colcon_core.package_identification:_identify(src/turtlebot3_simulations/turtlebot3_fake_node) by extension 'ignore_ament_install'
[0.308s] Level 1:colcon.colcon_core.package_identification:_identify(src/turtlebot3_simulations/turtlebot3_fake_node) by extensions ['colcon_pkg']
[0.308s] Level 1:colcon.colcon_core.package_identification:_identify(src/turtlebot3_simulations/turtlebot3_fake_node) by extension 'colcon_pkg'
[0.308s] Level 1:colcon.colcon_core.package_identification:_identify(src/turtlebot3_simulations/turtlebot3_fake_node) by extensions ['colcon_meta']
[0.308s] Level 1:colcon.colcon_core.package_identification:_identify(src/turtlebot3_simulations/turtlebot3_fake_node) by extension 'colcon_meta'
[0.308s] Level 1:colcon.colcon_core.package_identification:_identify(src/turtlebot3_simulations/turtlebot3_fake_node) by extensions ['ros']
[0.308s] Level 1:colcon.colcon_core.package_identification:_identify(src/turtlebot3_simulations/turtlebot3_fake_node) by extension 'ros'
[0.309s] DEBUG:colcon.colcon_core.package_identification:Package 'src/turtlebot3_simulations/turtlebot3_fake_node' with type 'ros.ament_cmake' and name 'turtlebot3_fake_node'
[0.310s] Level 1:colcon.colcon_core.package_identification:_identify(src/turtlebot3_simulations/turtlebot3_gazebo) by extensions ['ignore', 'ignore_ament_install']
[0.310s] Level 1:colcon.colcon_core.package_identification:_identify(src/turtlebot3_simulations/turtlebot3_gazebo) by extension 'ignore'
[0.310s] Level 1:colcon.colcon_core.package_identification:_identify(src/turtlebot3_simulations/turtlebot3_gazebo) by extension 'ignore_ament_install'
[0.310s] Level 1:colcon.colcon_core.package_identification:_identify(src/turtlebot3_simulations/turtlebot3_gazebo) by extensions ['colcon_pkg']
[0.310s] Level 1:colcon.colcon_core.package_identification:_identify(src/turtlebot3_simulations/turtlebot3_gazebo) by extension 'colcon_pkg'
[0.310s] Level 1:colcon.colcon_core.package_identification:_identify(src/turtlebot3_simulations/turtlebot3_gazebo) by extensions ['colcon_meta']
[0.310s] Level 1:colcon.colcon_core.package_identification:_identify(src/turtlebot3_simulations/turtlebot3_gazebo) by extension 'colcon_meta'
[0.310s] Level 1:colcon.colcon_core.package_identification:_identify(src/turtlebot3_simulations/turtlebot3_gazebo) by extensions ['ros']
[0.310s] Level 1:colcon.colcon_core.package_identification:_identify(src/turtlebot3_simulations/turtlebot3_gazebo) by extension 'ros'
[0.311s] DEBUG:colcon.colcon_core.package_identification:Package 'src/turtlebot3_simulations/turtlebot3_gazebo' with type 'ros.ament_cmake' and name 'turtlebot3_gazebo'
[0.311s] Level 1:colcon.colcon_core.package_identification:_identify(src/turtlebot3_simulations/turtlebot3_simulations) by extensions ['ignore', 'ignore_ament_install']
[0.311s] Level 1:colcon.colcon_core.package_identification:_identify(src/turtlebot3_simulations/turtlebot3_simulations) by extension 'ignore'
[0.311s] Level 1:colcon.colcon_core.package_identification:_identify(src/turtlebot3_simulations/turtlebot3_simulations) by extension 'ignore_ament_install'
[0.311s] Level 1:colcon.colcon_core.package_identification:_identify(src/turtlebot3_simulations/turtlebot3_simulations) by extensions ['colcon_pkg']
[0.311s] Level 1:colcon.colcon_core.package_identification:_identify(src/turtlebot3_simulations/turtlebot3_simulations) by extension 'colcon_pkg'
[0.311s] Level 1:colcon.colcon_core.package_identification:_identify(src/turtlebot3_simulations/turtlebot3_simulations) by extensions ['colcon_meta']
[0.311s] Level 1:colcon.colcon_core.package_identification:_identify(src/turtlebot3_simulations/turtlebot3_simulations) by extension 'colcon_meta'
[0.311s] Level 1:colcon.colcon_core.package_identification:_identify(src/turtlebot3_simulations/turtlebot3_simulations) by extensions ['ros']
[0.311s] Level 1:colcon.colcon_core.package_identification:_identify(src/turtlebot3_simulations/turtlebot3_simulations) by extension 'ros'
[0.312s] DEBUG:colcon.colcon_core.package_identification:Package 'src/turtlebot3_simulations/turtlebot3_simulations' with type 'ros.ament_cmake' and name 'turtlebot3_simulations'
[0.312s] Level 1:colcon.colcon_core.package_identification:_identify(src/wanderbot) by extensions ['ignore', 'ignore_ament_install']
[0.312s] Level 1:colcon.colcon_core.package_identification:_identify(src/wanderbot) by extension 'ignore'
[0.312s] Level 1:colcon.colcon_core.package_identification:_identify(src/wanderbot) by extension 'ignore_ament_install'
[0.312s] Level 1:colcon.colcon_core.package_identification:_identify(src/wanderbot) by extensions ['colcon_pkg']
[0.312s] Level 1:colcon.colcon_core.package_identification:_identify(src/wanderbot) by extension 'colcon_pkg'
[0.312s] Level 1:colcon.colcon_core.package_identification:_identify(src/wanderbot) by extensions ['colcon_meta']
[0.312s] Level 1:colcon.colcon_core.package_identification:_identify(src/wanderbot) by extension 'colcon_meta'
[0.312s] Level 1:colcon.colcon_core.package_identification:_identify(src/wanderbot) by extensions ['ros']
[0.312s] Level 1:colcon.colcon_core.package_identification:_identify(src/wanderbot) by extension 'ros'
[0.313s] DEBUG:colcon.colcon_core.package_identification:Package 'src/wanderbot' with type 'ros.ament_cmake' and name 'wanderbot'
[0.313s] Level 1:colcon.colcon_core.package_discovery:discover_packages(recursive) using defaults
[0.313s] Level 1:colcon.colcon_core.package_discovery:discover_packages(ignore) discover
[0.313s] Level 1:colcon.colcon_core.package_discovery:discover_packages(ignore) using defaults
[0.313s] Level 1:colcon.colcon_core.package_discovery:discover_packages(path) discover
[0.313s] Level 1:colcon.colcon_core.package_discovery:discover_packages(path) using defaults
[0.342s] Level 1:colcon.colcon_core.package_discovery:discover_packages(prefix_path) check parameters
[0.342s] Level 1:colcon.colcon_core.package_discovery:discover_packages(prefix_path) discover
[0.344s] DEBUG:colcon.colcon_installed_package_information.package_discovery:Found 5 installed packages in /home/kohjj27/my_ws/install
[0.346s] DEBUG:colcon.colcon_installed_package_information.package_discovery:Found 375 installed packages in /opt/ros/humble
[0.348s] Level 1:colcon.colcon_core.package_discovery:discover_packages(prefix_path) using defaults
[0.395s] Level 5:colcon.colcon_core.verb:set package 'topic_ex_c' build argument 'cmake_args' from command line to 'None'
[0.395s] Level 5:colcon.colcon_core.verb:set package 'topic_ex_c' build argument 'cmake_target' from command line to 'None'
[0.395s] Level 5:colcon.colcon_core.verb:set package 'topic_ex_c' build argument 'cmake_target_skip_unavailable' from command line to 'False'
[0.395s] Level 5:colcon.colcon_core.verb:set package 'topic_ex_c' build argument 'cmake_clean_cache' from command line to 'False'
[0.396s] Level 5:colcon.colcon_core.verb:set package 'topic_ex_c' build argument 'cmake_clean_first' from command line to 'False'
[0.396s] Level 5:colcon.colcon_core.verb:set package 'topic_ex_c' build argument 'cmake_force_configure' from command line to 'False'
[0.396s] Level 5:colcon.colcon_core.verb:set package 'topic_ex_c' build argument 'ament_cmake_args' from command line to 'None'
[0.396s] Level 5:colcon.colcon_core.verb:set package 'topic_ex_c' build argument 'catkin_cmake_args' from command line to 'None'
[0.396s] Level 5:colcon.colcon_core.verb:set package 'topic_ex_c' build argument 'catkin_skip_building_tests' from command line to 'False'
[0.396s] DEBUG:colcon.colcon_core.verb:Building package 'topic_ex_c' with the following arguments: {'ament_cmake_args': None, 'build_base': '/home/kohjj27/my_ws/build/topic_ex_c', 'catkin_cmake_args': None, 'catkin_skip_building_tests': False, 'cmake_args': None, 'cmake_clean_cache': False, 'cmake_clean_first': False, 'cmake_force_configure': False, 'cmake_target': None, 'cmake_target_skip_unavailable': False, 'install_base': '/home/kohjj27/my_ws/install/topic_ex_c', 'merge_install': False, 'path': '/home/kohjj27/my_ws/src/topic_ex_c', 'symlink_install': True, 'test_result_base': None}
[0.396s] Level 5:colcon.colcon_core.verb:set package 'turtlebot3_fake_node' build argument 'cmake_args' from command line to 'None'
[0.396s] Level 5:colcon.colcon_core.verb:set package 'turtlebot3_fake_node' build argument 'cmake_target' from command line to 'None'
[0.396s] Level 5:colcon.colcon_core.verb:set package 'turtlebot3_fake_node' build argument 'cmake_target_skip_unavailable' from command line to 'False'
[0.396s] Level 5:colcon.colcon_core.verb:set package 'turtlebot3_fake_node' build argument 'cmake_clean_cache' from command line to 'False'
[0.396s] Level 5:colcon.colcon_core.verb:set package 'turtlebot3_fake_node' build argument 'cmake_clean_first' from command line to 'False'
[0.396s] Level 5:colcon.colcon_core.verb:set package 'turtlebot3_fake_node' build argument 'cmake_force_configure' from command line to 'False'
[0.396s] Level 5:colcon.colcon_core.verb:set package 'turtlebot3_fake_node' build argument 'ament_cmake_args' from command line to 'None'
[0.396s] Level 5:colcon.colcon_core.verb:set package 'turtlebot3_fake_node' build argument 'catkin_cmake_args' from command line to 'None'
[0.396s] Level 5:colcon.colcon_core.verb:set package 'turtlebot3_fake_node' build argument 'catkin_skip_building_tests' from command line to 'False'
[0.396s] DEBUG:colcon.colcon_core.verb:Building package 'turtlebot3_fake_node' with the following arguments: {'ament_cmake_args': None, 'build_base': '/home/kohjj27/my_ws/build/turtlebot3_fake_node', 'catkin_cmake_args': None, 'catkin_skip_building_tests': False, 'cmake_args': None, 'cmake_clean_cache': False, 'cmake_clean_first': False, 'cmake_force_configure': False, 'cmake_target': None, 'cmake_target_skip_unavailable': False, 'install_base': '/home/kohjj27/my_ws/install/turtlebot3_fake_node', 'merge_install': False, 'path': '/home/kohjj27/my_ws/src/turtlebot3_simulations/turtlebot3_fake_node', 'symlink_install': True, 'test_result_base': None}
[0.397s] Level 5:colcon.colcon_core.verb:set package 'turtlebot3_gazebo' build argument 'cmake_args' from command line to 'None'
[0.397s] Level 5:colcon.colcon_core.verb:set package 'turtlebot3_gazebo' build argument 'cmake_target' from command line to 'None'
[0.397s] Level 5:colcon.colcon_core.verb:set package 'turtlebot3_gazebo' build argument 'cmake_target_skip_unavailable' from command line to 'False'
[0.397s] Level 5:colcon.colcon_core.verb:set package 'turtlebot3_gazebo' build argument 'cmake_clean_cache' from command line to 'False'
[0.397s] Level 5:colcon.colcon_core.verb:set package 'turtlebot3_gazebo' build argument 'cmake_clean_first' from command line to 'False'
[0.397s] Level 5:colcon.colcon_core.verb:set package 'turtlebot3_gazebo' build argument 'cmake_force_configure' from command line to 'False'
[0.397s] Level 5:colcon.colcon_core.verb:set package 'turtlebot3_gazebo' build argument 'ament_cmake_args' from command line to 'None'
[0.397s] Level 5:colcon.colcon_core.verb:set package 'turtlebot3_gazebo' build argument 'catkin_cmake_args' from command line to 'None'
[0.397s] Level 5:colcon.colcon_core.verb:set package 'turtlebot3_gazebo' build argument 'catkin_skip_building_tests' from command line to 'False'
[0.397s] DEBUG:colcon.colcon_core.verb:Building package 'turtlebot3_gazebo' with the following arguments: {'ament_cmake_args': None, 'build_base': '/home/kohjj27/my_ws/build/turtlebot3_gazebo', 'catkin_cmake_args': None, 'catkin_skip_building_tests': False, 'cmake_args': None, 'cmake_clean_cache': False, 'cmake_clean_first': False, 'cmake_force_configure': False, 'cmake_target': None, 'cmake_target_skip_unavailable': False, 'install_base': '/home/kohjj27/my_ws/install/turtlebot3_gazebo', 'merge_install': False, 'path': '/home/kohjj27/my_ws/src/turtlebot3_simulations/turtlebot3_gazebo', 'symlink_install': True, 'test_result_base': None}
[0.397s] Level 5:colcon.colcon_core.verb:set package 'wanderbot' build argument 'cmake_args' from command line to 'None'
[0.397s] Level 5:colcon.colcon_core.verb:set package 'wanderbot' build argument 'cmake_target' from command line to 'None'
[0.397s] Level 5:colcon.colcon_core.verb:set package 'wanderbot' build argument 'cmake_target_skip_unavailable' from command line to 'False'
[0.397s] Level 5:colcon.colcon_core.verb:set package 'wanderbot' build argument 'cmake_clean_cache' from command line to 'False'
[0.397s] Level 5:colcon.colcon_core.verb:set package 'wanderbot' build argument 'cmake_clean_first' from command line to 'False'
[0.397s] Level 5:colcon.colcon_core.verb:set package 'wanderbot' build argument 'cmake_force_configure' from command line to 'False'
[0.397s] Level 5:colcon.colcon_core.verb:set package 'wanderbot' build argument 'ament_cmake_args' from command line to 'None'
[0.397s] Level 5:colcon.colcon_core.verb:set package 'wanderbot' build argument 'catkin_cmake_args' from command line to 'None'
[0.397s] Level 5:colcon.colcon_core.verb:set package 'wanderbot' build argument 'catkin_skip_building_tests' from command line to 'False'
[0.397s] DEBUG:colcon.colcon_core.verb:Building package 'wanderbot' with the following arguments: {'ament_cmake_args': None, 'build_base': '/home/kohjj27/my_ws/build/wanderbot', 'catkin_cmake_args': None, 'catkin_skip_building_tests': False, 'cmake_args': None, 'cmake_clean_cache': False, 'cmake_clean_first': False, 'cmake_force_configure': False, 'cmake_target': None, 'cmake_target_skip_unavailable': False, 'install_base': '/home/kohjj27/my_ws/install/wanderbot', 'merge_install': False, 'path': '/home/kohjj27/my_ws/src/wanderbot', 'symlink_install': True, 'test_result_base': None}
[0.398s] Level 5:colcon.colcon_core.verb:set package 'turtlebot3_simulations' build argument 'cmake_args' from command line to 'None'
[0.398s] Level 5:colcon.colcon_core.verb:set package 'turtlebot3_simulations' build argument 'cmake_target' from command line to 'None'
[0.398s] Level 5:colcon.colcon_core.verb:set package 'turtlebot3_simulations' build argument 'cmake_target_skip_unavailable' from command line to 'False'
[0.398s] Level 5:colcon.colcon_core.verb:set package 'turtlebot3_simulations' build argument 'cmake_clean_cache' from command line to 'False'
[0.398s] Level 5:colcon.colcon_core.verb:set package 'turtlebot3_simulations' build argument 'cmake_clean_first' from command line to 'False'
[0.398s] Level 5:colcon.colcon_core.verb:set package 'turtlebot3_simulations' build argument 'cmake_force_configure' from command line to 'False'
[0.398s] Level 5:colcon.colcon_core.verb:set package 'turtlebot3_simulations' build argument 'ament_cmake_args' from command line to 'None'
[0.398s] Level 5:colcon.colcon_core.verb:set package 'turtlebot3_simulations' build argument 'catkin_cmake_args' from command line to 'None'
[0.398s] Level 5:colcon.colcon_core.verb:set package 'turtlebot3_simulations' build argument 'catkin_skip_building_tests' from command line to 'False'
[0.398s] DEBUG:colcon.colcon_core.verb:Building package 'turtlebot3_simulations' with the following arguments: {'ament_cmake_args': None, 'build_base': '/home/kohjj27/my_ws/build/turtlebot3_simulations', 'catkin_cmake_args': None, 'catkin_skip_building_tests': False, 'cmake_args': None, 'cmake_clean_cache': False, 'cmake_clean_first': False, 'cmake_force_configure': False, 'cmake_target': None, 'cmake_target_skip_unavailable': False, 'install_base': '/home/kohjj27/my_ws/install/turtlebot3_simulations', 'merge_install': False, 'path': '/home/kohjj27/my_ws/src/turtlebot3_simulations/turtlebot3_simulations', 'symlink_install': True, 'test_result_base': None}
[0.398s] INFO:colcon.colcon_core.executor:Executing jobs using 'parallel' executor
[0.399s] DEBUG:colcon.colcon_parallel_executor.executor.parallel:run_until_complete
[0.399s] INFO:colcon.colcon_ros.task.ament_cmake.build:Building ROS package in '/home/kohjj27/my_ws/src/turtlebot3_simulations/turtlebot3_fake_node' with build type 'ament_cmake'
[0.399s] INFO:colcon.colcon_cmake.task.cmake.build:Building CMake package in '/home/kohjj27/my_ws/src/turtlebot3_simulations/turtlebot3_fake_node'
[0.401s] INFO:colcon.colcon_core.plugin_system:Skipping extension 'colcon_core.shell.bat': Not used on non-Windows systems
[0.402s] INFO:colcon.colcon_core.shell:Skip shell extension 'powershell' for command environment: Not usable outside of PowerShell
[0.402s] DEBUG:colcon.colcon_core.shell:Skip shell extension 'dsv' for command environment
[0.406s] INFO:colcon.colcon_ros.task.ament_cmake.build:Building ROS package in '/home/kohjj27/my_ws/src/turtlebot3_simulations/turtlebot3_gazebo' with build type 'ament_cmake'
[0.406s] INFO:colcon.colcon_cmake.task.cmake.build:Building CMake package in '/home/kohjj27/my_ws/src/turtlebot3_simulations/turtlebot3_gazebo'
[0.406s] INFO:colcon.colcon_core.shell:Skip shell extension 'powershell' for command environment: Not usable outside of PowerShell
[0.406s] DEBUG:colcon.colcon_core.shell:Skip shell extension 'dsv' for command environment
[0.410s] INFO:colcon.colcon_ros.task.ament_cmake.build:Building ROS package in '/home/kohjj27/my_ws/src/topic_ex_c' with build type 'ament_cmake'
[0.411s] INFO:colcon.colcon_cmake.task.cmake.build:Building CMake package in '/home/kohjj27/my_ws/src/topic_ex_c'
[0.411s] INFO:colcon.colcon_core.shell:Skip shell extension 'powershell' for command environment: Not usable outside of PowerShell
[0.411s] DEBUG:colcon.colcon_core.shell:Skip shell extension 'dsv' for command environment
[0.415s] INFO:colcon.colcon_ros.task.ament_cmake.build:Building ROS package in '/home/kohjj27/my_ws/src/wanderbot' with build type 'ament_cmake'
[0.415s] INFO:colcon.colcon_cmake.task.cmake.build:Building CMake package in '/home/kohjj27/my_ws/src/wanderbot'
[0.415s] INFO:colcon.colcon_core.shell:Skip shell extension 'powershell' for command environment: Not usable outside of PowerShell
[0.415s] DEBUG:colcon.colcon_core.shell:Skip shell extension 'dsv' for command environment
[0.424s] DEBUG:colcon.colcon_core.event_handler.log_command:Invoking command in '/home/kohjj27/my_ws/build/turtlebot3_fake_node': CMAKE_PREFIX_PATH=${CMAKE_PREFIX_PATH}:/opt/ros/humble /usr/bin/cmake /home/kohjj27/my_ws/src/turtlebot3_simulations/turtlebot3_fake_node -DAMENT_CMAKE_SYMLINK_INSTALL=1 -DCMAKE_INSTALL_PREFIX=/home/kohjj27/my_ws/install/turtlebot3_fake_node
[0.426s] DEBUG:colcon.colcon_core.event_handler.log_command:Invoking command in '/home/kohjj27/my_ws/build/turtlebot3_gazebo': CMAKE_PREFIX_PATH=${CMAKE_PREFIX_PATH}:/opt/ros/humble /usr/bin/cmake /home/kohjj27/my_ws/src/turtlebot3_simulations/turtlebot3_gazebo -DAMENT_CMAKE_SYMLINK_INSTALL=1 -DCMAKE_INSTALL_PREFIX=/home/kohjj27/my_ws/install/turtlebot3_gazebo
[0.430s] DEBUG:colcon.colcon_core.event_handler.log_command:Invoking command in '/home/kohjj27/my_ws/build/topic_ex_c': CMAKE_PREFIX_PATH=${CMAKE_PREFIX_PATH}:/opt/ros/humble /usr/bin/cmake /home/kohjj27/my_ws/src/topic_ex_c -DAMENT_CMAKE_SYMLINK_INSTALL=1 -DCMAKE_INSTALL_PREFIX=/home/kohjj27/my_ws/install/topic_ex_c
[0.434s] DEBUG:colcon.colcon_core.event_handler.log_command:Invoking command in '/home/kohjj27/my_ws/build/wanderbot': CMAKE_PREFIX_PATH=${CMAKE_PREFIX_PATH}:/opt/ros/humble /usr/bin/cmake /home/kohjj27/my_ws/src/wanderbot -DAMENT_CMAKE_SYMLINK_INSTALL=1 -DCMAKE_INSTALL_PREFIX=/home/kohjj27/my_ws/install/wanderbot
[0.951s] DEBUG:colcon.colcon_core.event_handler.log_command:Invoked command in '/home/kohjj27/my_ws/build/topic_ex_c' returned '0': CMAKE_PREFIX_PATH=${CMAKE_PREFIX_PATH}:/opt/ros/humble /usr/bin/cmake /home/kohjj27/my_ws/src/topic_ex_c -DAMENT_CMAKE_SYMLINK_INSTALL=1 -DCMAKE_INSTALL_PREFIX=/home/kohjj27/my_ws/install/topic_ex_c
[0.954s] DEBUG:colcon.colcon_core.event_handler.log_command:Invoking command in '/home/kohjj27/my_ws/build/topic_ex_c': CMAKE_PREFIX_PATH=${CMAKE_PREFIX_PATH}:/opt/ros/humble /usr/bin/cmake --build /home/kohjj27/my_ws/build/topic_ex_c -- -j16 -l16
[0.994s] DEBUG:colcon.colcon_core.event_handler.log_command:Invoked command in '/home/kohjj27/my_ws/build/wanderbot' returned '0': CMAKE_PREFIX_PATH=${CMAKE_PREFIX_PATH}:/opt/ros/humble /usr/bin/cmake /home/kohjj27/my_ws/src/wanderbot -DAMENT_CMAKE_SYMLINK_INSTALL=1 -DCMAKE_INSTALL_PREFIX=/home/kohjj27/my_ws/install/wanderbot
[0.996s] DEBUG:colcon.colcon_core.event_handler.log_command:Invoking command in '/home/kohjj27/my_ws/build/wanderbot': CMAKE_PREFIX_PATH=${CMAKE_PREFIX_PATH}:/opt/ros/humble /usr/bin/cmake --build /home/kohjj27/my_ws/build/wanderbot -- -j16 -l16
[1.063s] DEBUG:colcon.colcon_core.event_handler.log_command:Invoked command in '/home/kohjj27/my_ws/build/turtlebot3_fake_node' returned '0': CMAKE_PREFIX_PATH=${CMAKE_PREFIX_PATH}:/opt/ros/humble /usr/bin/cmake /home/kohjj27/my_ws/src/turtlebot3_simulations/turtlebot3_fake_node -DAMENT_CMAKE_SYMLINK_INSTALL=1 -DCMAKE_INSTALL_PREFIX=/home/kohjj27/my_ws/install/turtlebot3_fake_node
[1.065s] DEBUG:colcon.colcon_core.event_handler.log_command:Invoking command in '/home/kohjj27/my_ws/build/turtlebot3_fake_node': CMAKE_PREFIX_PATH=${CMAKE_PREFIX_PATH}:/opt/ros/humble /usr/bin/cmake --build /home/kohjj27/my_ws/build/turtlebot3_fake_node -- -j16 -l16
[1.457s] DEBUG:colcon.colcon_core.event_handler.log_command:Invoked command in '/home/kohjj27/my_ws/build/topic_ex_c' returned '0': CMAKE_PREFIX_PATH=${CMAKE_PREFIX_PATH}:/opt/ros/humble /usr/bin/cmake --build /home/kohjj27/my_ws/build/topic_ex_c -- -j16 -l16
[1.470s] DEBUG:colcon.colcon_core.event_handler.log_command:Invoking command in '/home/kohjj27/my_ws/build/topic_ex_c': CMAKE_PREFIX_PATH=${CMAKE_PREFIX_PATH}:/opt/ros/humble /usr/bin/cmake --install /home/kohjj27/my_ws/build/topic_ex_c
[1.537s] DEBUG:colcon.colcon_core.event_handler.log_command:Invoked command in '/home/kohjj27/my_ws/build/wanderbot' returned '0': CMAKE_PREFIX_PATH=${CMAKE_PREFIX_PATH}:/opt/ros/humble /usr/bin/cmake --build /home/kohjj27/my_ws/build/wanderbot -- -j16 -l16
[1.540s] DEBUG:colcon.colcon_core.event_handler.log_command:Invoking command in '/home/kohjj27/my_ws/build/wanderbot': CMAKE_PREFIX_PATH=${CMAKE_PREFIX_PATH}:/opt/ros/humble /usr/bin/cmake --install /home/kohjj27/my_ws/build/wanderbot
[1.683s] DEBUG:colcon.colcon_core.event_handler.log_command:Invoked command in '/home/kohjj27/my_ws/build/turtlebot3_fake_node' returned '0': CMAKE_PREFIX_PATH=${CMAKE_PREFIX_PATH}:/opt/ros/humble /usr/bin/cmake --build /home/kohjj27/my_ws/build/turtlebot3_fake_node -- -j16 -l16
[1.685s] DEBUG:colcon.colcon_core.event_handler.log_command:Invoking command in '/home/kohjj27/my_ws/build/turtlebot3_fake_node': CMAKE_PREFIX_PATH=${CMAKE_PREFIX_PATH}:/opt/ros/humble /usr/bin/cmake --install /home/kohjj27/my_ws/build/turtlebot3_fake_node
[1.691s] Level 1:colcon.colcon_core.environment:create_environment_scripts_only(topic_ex_c)
[1.692s] DEBUG:colcon.colcon_core.event_handler.log_command:Invoked command in '/home/kohjj27/my_ws/build/topic_ex_c' returned '0': CMAKE_PREFIX_PATH=${CMAKE_PREFIX_PATH}:/opt/ros/humble /usr/bin/cmake --install /home/kohjj27/my_ws/build/topic_ex_c
[1.694s] Level 1:colcon.colcon_core.environment:checking '/home/kohjj27/my_ws/install/topic_ex_c' for CMake module files
[1.695s] Level 1:colcon.colcon_core.environment:checking '/home/kohjj27/my_ws/install/topic_ex_c' for CMake config files
[1.695s] Level 1:colcon.colcon_core.shell:create_environment_hook('topic_ex_c', 'cmake_prefix_path')
[1.695s] INFO:colcon.colcon_core.shell:Creating environment hook '/home/kohjj27/my_ws/install/topic_ex_c/share/topic_ex_c/hook/cmake_prefix_path.ps1'
[1.696s] INFO:colcon.colcon_core.shell:Creating environment descriptor '/home/kohjj27/my_ws/install/topic_ex_c/share/topic_ex_c/hook/cmake_prefix_path.dsv'
[1.697s] INFO:colcon.colcon_core.shell:Creating environment hook '/home/kohjj27/my_ws/install/topic_ex_c/share/topic_ex_c/hook/cmake_prefix_path.sh'
[1.697s] Level 1:colcon.colcon_core.environment:checking '/home/kohjj27/my_ws/install/topic_ex_c/lib'
[1.698s] Level 1:colcon.colcon_core.environment:checking '/home/kohjj27/my_ws/install/topic_ex_c/bin'
[1.698s] Level 1:colcon.colcon_core.environment:checking '/home/kohjj27/my_ws/install/topic_ex_c/lib/pkgconfig/topic_ex_c.pc'
[1.698s] Level 1:colcon.colcon_core.environment:checking '/home/kohjj27/my_ws/install/topic_ex_c/lib/python3.10/site-packages'
[1.698s] Level 1:colcon.colcon_core.environment:checking '/home/kohjj27/my_ws/install/topic_ex_c/bin'
[1.698s] INFO:colcon.colcon_core.shell:Creating package script '/home/kohjj27/my_ws/install/topic_ex_c/share/topic_ex_c/package.ps1'
[1.699s] INFO:colcon.colcon_core.shell:Creating package descriptor '/home/kohjj27/my_ws/install/topic_ex_c/share/topic_ex_c/package.dsv'
[1.700s] INFO:colcon.colcon_core.shell:Creating package script '/home/kohjj27/my_ws/install/topic_ex_c/share/topic_ex_c/package.sh'
[1.701s] INFO:colcon.colcon_core.shell:Creating package script '/home/kohjj27/my_ws/install/topic_ex_c/share/topic_ex_c/package.bash'
[1.702s] INFO:colcon.colcon_core.shell:Creating package script '/home/kohjj27/my_ws/install/topic_ex_c/share/topic_ex_c/package.zsh'
[1.702s] Level 1:colcon.colcon_core.environment:create_file_with_runtime_dependencies(/home/kohjj27/my_ws/install/topic_ex_c/share/colcon-core/packages/topic_ex_c)
[1.703s] Level 1:colcon.colcon_core.environment:create_environment_scripts_only(topic_ex_c)
[1.703s] Level 1:colcon.colcon_core.environment:checking '/home/kohjj27/my_ws/install/topic_ex_c' for CMake module files
[1.704s] Level 1:colcon.colcon_core.environment:checking '/home/kohjj27/my_ws/install/topic_ex_c' for CMake config files
[1.704s] Level 1:colcon.colcon_core.shell:create_environment_hook('topic_ex_c', 'cmake_prefix_path')
[1.704s] INFO:colcon.colcon_core.shell:Creating environment hook '/home/kohjj27/my_ws/install/topic_ex_c/share/topic_ex_c/hook/cmake_prefix_path.ps1'
[1.704s] INFO:colcon.colcon_core.shell:Creating environment descriptor '/home/kohjj27/my_ws/install/topic_ex_c/share/topic_ex_c/hook/cmake_prefix_path.dsv'
[1.705s] INFO:colcon.colcon_core.shell:Creating environment hook '/home/kohjj27/my_ws/install/topic_ex_c/share/topic_ex_c/hook/cmake_prefix_path.sh'
[1.705s] Level 1:colcon.colcon_core.environment:checking '/home/kohjj27/my_ws/install/topic_ex_c/lib'
[1.705s] Level 1:colcon.colcon_core.environment:checking '/home/kohjj27/my_ws/install/topic_ex_c/bin'
[1.706s] Level 1:colcon.colcon_core.environment:checking '/home/kohjj27/my_ws/install/topic_ex_c/lib/pkgconfig/topic_ex_c.pc'
[1.706s] Level 1:colcon.colcon_core.environment:checking '/home/kohjj27/my_ws/install/topic_ex_c/lib/python3.10/site-packages'
[1.706s] Level 1:colcon.colcon_core.environment:checking '/home/kohjj27/my_ws/install/topic_ex_c/bin'
[1.706s] INFO:colcon.colcon_core.shell:Creating package script '/home/kohjj27/my_ws/install/topic_ex_c/share/topic_ex_c/package.ps1'
[1.707s] INFO:colcon.colcon_core.shell:Creating package descriptor '/home/kohjj27/my_ws/install/topic_ex_c/share/topic_ex_c/package.dsv'
[1.708s] INFO:colcon.colcon_core.shell:Creating package script '/home/kohjj27/my_ws/install/topic_ex_c/share/topic_ex_c/package.sh'
[1.708s] INFO:colcon.colcon_core.shell:Creating package script '/home/kohjj27/my_ws/install/topic_ex_c/share/topic_ex_c/package.bash'
[1.708s] INFO:colcon.colcon_core.shell:Creating package script '/home/kohjj27/my_ws/install/topic_ex_c/share/topic_ex_c/package.zsh'
[1.709s] Level 1:colcon.colcon_core.environment:create_file_with_runtime_dependencies(/home/kohjj27/my_ws/install/topic_ex_c/share/colcon-core/packages/topic_ex_c)
[1.751s] Level 1:colcon.colcon_core.environment:create_environment_scripts_only(wanderbot)
[1.752s] Level 1:colcon.colcon_core.environment:checking '/home/kohjj27/my_ws/install/wanderbot' for CMake module files
[1.752s] DEBUG:colcon.colcon_core.event_handler.log_command:Invoked command in '/home/kohjj27/my_ws/build/wanderbot' returned '0': CMAKE_PREFIX_PATH=${CMAKE_PREFIX_PATH}:/opt/ros/humble /usr/bin/cmake --install /home/kohjj27/my_ws/build/wanderbot
[1.753s] Level 1:colcon.colcon_core.environment:checking '/home/kohjj27/my_ws/install/wanderbot' for CMake config files
[1.754s] Level 1:colcon.colcon_core.shell:create_environment_hook('wanderbot', 'cmake_prefix_path')
[1.754s] INFO:colcon.colcon_core.shell:Creating environment hook '/home/kohjj27/my_ws/install/wanderbot/share/wanderbot/hook/cmake_prefix_path.ps1'
[1.754s] INFO:colcon.colcon_core.shell:Creating environment descriptor '/home/kohjj27/my_ws/install/wanderbot/share/wanderbot/hook/cmake_prefix_path.dsv'
[1.755s] INFO:colcon.colcon_core.shell:Creating environment hook '/home/kohjj27/my_ws/install/wanderbot/share/wanderbot/hook/cmake_prefix_path.sh'
[1.755s] Level 1:colcon.colcon_core.environment:checking '/home/kohjj27/my_ws/install/wanderbot/lib'
[1.755s] Level 1:colcon.colcon_core.environment:checking '/home/kohjj27/my_ws/install/wanderbot/bin'
[1.755s] Level 1:colcon.colcon_core.environment:checking '/home/kohjj27/my_ws/install/wanderbot/lib/pkgconfig/wanderbot.pc'
[1.756s] Level 1:colcon.colcon_core.environment:checking '/home/kohjj27/my_ws/install/wanderbot/lib/python3.10/site-packages'
[1.756s] Level 1:colcon.colcon_core.environment:checking '/home/kohjj27/my_ws/install/wanderbot/bin'
[1.756s] INFO:colcon.colcon_core.shell:Creating package script '/home/kohjj27/my_ws/install/wanderbot/share/wanderbot/package.ps1'
[1.757s] INFO:colcon.colcon_core.shell:Creating package descriptor '/home/kohjj27/my_ws/install/wanderbot/share/wanderbot/package.dsv'
[1.757s] INFO:colcon.colcon_core.shell:Creating package script '/home/kohjj27/my_ws/install/wanderbot/share/wanderbot/package.sh'
[1.757s] INFO:colcon.colcon_core.shell:Creating package script '/home/kohjj27/my_ws/install/wanderbot/share/wanderbot/package.bash'
[1.758s] INFO:colcon.colcon_core.shell:Creating package script '/home/kohjj27/my_ws/install/wanderbot/share/wanderbot/package.zsh'
[1.758s] Level 1:colcon.colcon_core.environment:create_file_with_runtime_dependencies(/home/kohjj27/my_ws/install/wanderbot/share/colcon-core/packages/wanderbot)
[1.759s] Level 1:colcon.colcon_core.environment:create_environment_scripts_only(wanderbot)
[1.759s] Level 1:colcon.colcon_core.environment:checking '/home/kohjj27/my_ws/install/wanderbot' for CMake module files
[1.759s] Level 1:colcon.colcon_core.environment:checking '/home/kohjj27/my_ws/install/wanderbot' for CMake config files
[1.760s] Level 1:colcon.colcon_core.shell:create_environment_hook('wanderbot', 'cmake_prefix_path')
[1.760s] INFO:colcon.colcon_core.shell:Creating environment hook '/home/kohjj27/my_ws/install/wanderbot/share/wanderbot/hook/cmake_prefix_path.ps1'
[1.760s] INFO:colcon.colcon_core.shell:Creating environment descriptor '/home/kohjj27/my_ws/install/wanderbot/share/wanderbot/hook/cmake_prefix_path.dsv'
[1.761s] INFO:colcon.colcon_core.shell:Creating environment hook '/home/kohjj27/my_ws/install/wanderbot/share/wanderbot/hook/cmake_prefix_path.sh'
[1.761s] Level 1:colcon.colcon_core.environment:checking '/home/kohjj27/my_ws/install/wanderbot/lib'
[1.761s] Level 1:colcon.colcon_core.environment:checking '/home/kohjj27/my_ws/install/wanderbot/bin'
[1.761s] Level 1:colcon.colcon_core.environment:checking '/home/kohjj27/my_ws/install/wanderbot/lib/pkgconfig/wanderbot.pc'
[1.762s] Level 1:colcon.colcon_core.environment:checking '/home/kohjj27/my_ws/install/wanderbot/lib/python3.10/site-packages'
[1.762s] Level 1:colcon.colcon_core.environment:checking '/home/kohjj27/my_ws/install/wanderbot/bin'
[1.762s] INFO:colcon.colcon_core.shell:Creating package script '/home/kohjj27/my_ws/install/wanderbot/share/wanderbot/package.ps1'
[1.763s] INFO:colcon.colcon_core.shell:Creating package descriptor '/home/kohjj27/my_ws/install/wanderbot/share/wanderbot/package.dsv'
[1.763s] INFO:colcon.colcon_core.shell:Creating package script '/home/kohjj27/my_ws/install/wanderbot/share/wanderbot/package.sh'
[1.764s] INFO:colcon.colcon_core.shell:Creating package script '/home/kohjj27/my_ws/install/wanderbot/share/wanderbot/package.bash'
[1.764s] INFO:colcon.colcon_core.shell:Creating package script '/home/kohjj27/my_ws/install/wanderbot/share/wanderbot/package.zsh'
[1.765s] Level 1:colcon.colcon_core.environment:create_file_with_runtime_dependencies(/home/kohjj27/my_ws/install/wanderbot/share/colcon-core/packages/wanderbot)
[1.784s] DEBUG:colcon.colcon_core.event_handler.log_command:Invoked command in '/home/kohjj27/my_ws/build/turtlebot3_gazebo' returned '0': CMAKE_PREFIX_PATH=${CMAKE_PREFIX_PATH}:/opt/ros/humble /usr/bin/cmake /home/kohjj27/my_ws/src/turtlebot3_simulations/turtlebot3_gazebo -DAMENT_CMAKE_SYMLINK_INSTALL=1 -DCMAKE_INSTALL_PREFIX=/home/kohjj27/my_ws/install/turtlebot3_gazebo
[1.786s] DEBUG:colcon.colcon_core.event_handler.log_command:Invoking command in '/home/kohjj27/my_ws/build/turtlebot3_gazebo': CMAKE_PREFIX_PATH=${CMAKE_PREFIX_PATH}:/opt/ros/humble /usr/bin/cmake --build /home/kohjj27/my_ws/build/turtlebot3_gazebo -- -j16 -l16
[1.978s] Level 1:colcon.colcon_core.environment:create_environment_scripts_only(turtlebot3_fake_node)
[1.978s] Level 1:colcon.colcon_core.environment:checking '/home/kohjj27/my_ws/install/turtlebot3_fake_node' for CMake module files
[1.979s] DEBUG:colcon.colcon_core.event_handler.log_command:Invoked command in '/home/kohjj27/my_ws/build/turtlebot3_fake_node' returned '0': CMAKE_PREFIX_PATH=${CMAKE_PREFIX_PATH}:/opt/ros/humble /usr/bin/cmake --install /home/kohjj27/my_ws/build/turtlebot3_fake_node
[1.979s] Level 1:colcon.colcon_core.environment:checking '/home/kohjj27/my_ws/install/turtlebot3_fake_node' for CMake config files
[1.979s] Level 1:colcon.colcon_core.shell:create_environment_hook('turtlebot3_fake_node', 'cmake_prefix_path')
[1.980s] INFO:colcon.colcon_core.shell:Creating environment hook '/home/kohjj27/my_ws/install/turtlebot3_fake_node/share/turtlebot3_fake_node/hook/cmake_prefix_path.ps1'
[1.980s] INFO:colcon.colcon_core.shell:Creating environment descriptor '/home/kohjj27/my_ws/install/turtlebot3_fake_node/share/turtlebot3_fake_node/hook/cmake_prefix_path.dsv'
[1.981s] INFO:colcon.colcon_core.shell:Creating environment hook '/home/kohjj27/my_ws/install/turtlebot3_fake_node/share/turtlebot3_fake_node/hook/cmake_prefix_path.sh'
[1.981s] Level 1:colcon.colcon_core.environment:checking '/home/kohjj27/my_ws/install/turtlebot3_fake_node/lib'
[1.981s] Level 1:colcon.colcon_core.environment:checking '/home/kohjj27/my_ws/install/turtlebot3_fake_node/bin'
[1.981s] Level 1:colcon.colcon_core.environment:checking '/home/kohjj27/my_ws/install/turtlebot3_fake_node/lib/pkgconfig/turtlebot3_fake_node.pc'
[1.982s] Level 1:colcon.colcon_core.environment:checking '/home/kohjj27/my_ws/install/turtlebot3_fake_node/lib/python3.10/site-packages'
[1.982s] Level 1:colcon.colcon_core.environment:checking '/home/kohjj27/my_ws/install/turtlebot3_fake_node/bin'
[1.982s] INFO:colcon.colcon_core.shell:Creating package script '/home/kohjj27/my_ws/install/turtlebot3_fake_node/share/turtlebot3_fake_node/package.ps1'
[1.982s] INFO:colcon.colcon_core.shell:Creating package descriptor '/home/kohjj27/my_ws/install/turtlebot3_fake_node/share/turtlebot3_fake_node/package.dsv'
[1.983s] INFO:colcon.colcon_core.shell:Creating package script '/home/kohjj27/my_ws/install/turtlebot3_fake_node/share/turtlebot3_fake_node/package.sh'
[1.983s] INFO:colcon.colcon_core.shell:Creating package script '/home/kohjj27/my_ws/install/turtlebot3_fake_node/share/turtlebot3_fake_node/package.bash'
[1.984s] INFO:colcon.colcon_core.shell:Creating package script '/home/kohjj27/my_ws/install/turtlebot3_fake_node/share/turtlebot3_fake_node/package.zsh'
[1.984s] Level 1:colcon.colcon_core.environment:create_file_with_runtime_dependencies(/home/kohjj27/my_ws/install/turtlebot3_fake_node/share/colcon-core/packages/turtlebot3_fake_node)
[1.985s] Level 1:colcon.colcon_core.environment:create_environment_scripts_only(turtlebot3_fake_node)
[1.985s] Level 1:colcon.colcon_core.environment:checking '/home/kohjj27/my_ws/install/turtlebot3_fake_node' for CMake module files
[1.986s] Level 1:colcon.colcon_core.environment:checking '/home/kohjj27/my_ws/install/turtlebot3_fake_node' for CMake config files
[1.986s] Level 1:colcon.colcon_core.shell:create_environment_hook('turtlebot3_fake_node', 'cmake_prefix_path')
[1.986s] INFO:colcon.colcon_core.shell:Creating environment hook '/home/kohjj27/my_ws/install/turtlebot3_fake_node/share/turtlebot3_fake_node/hook/cmake_prefix_path.ps1'
[1.987s] INFO:colcon.colcon_core.shell:Creating environment descriptor '/home/kohjj27/my_ws/install/turtlebot3_fake_node/share/turtlebot3_fake_node/hook/cmake_prefix_path.dsv'
[1.987s] INFO:colcon.colcon_core.shell:Creating environment hook '/home/kohjj27/my_ws/install/turtlebot3_fake_node/share/turtlebot3_fake_node/hook/cmake_prefix_path.sh'
[1.988s] Level 1:colcon.colcon_core.environment:checking '/home/kohjj27/my_ws/install/turtlebot3_fake_node/lib'
[1.988s] Level 1:colcon.colcon_core.environment:checking '/home/kohjj27/my_ws/install/turtlebot3_fake_node/bin'
[1.988s] Level 1:colcon.colcon_core.environment:checking '/home/kohjj27/my_ws/install/turtlebot3_fake_node/lib/pkgconfig/turtlebot3_fake_node.pc'
[1.988s] Level 1:colcon.colcon_core.environment:checking '/home/kohjj27/my_ws/install/turtlebot3_fake_node/lib/python3.10/site-packages'
[1.988s] Level 1:colcon.colcon_core.environment:checking '/home/kohjj27/my_ws/install/turtlebot3_fake_node/bin'
[1.988s] INFO:colcon.colcon_core.shell:Creating package script '/home/kohjj27/my_ws/install/turtlebot3_fake_node/share/turtlebot3_fake_node/package.ps1'
[1.989s] INFO:colcon.colcon_core.shell:Creating package descriptor '/home/kohjj27/my_ws/install/turtlebot3_fake_node/share/turtlebot3_fake_node/package.dsv'
[1.989s] INFO:colcon.colcon_core.shell:Creating package script '/home/kohjj27/my_ws/install/turtlebot3_fake_node/share/turtlebot3_fake_node/package.sh'
[1.990s] INFO:colcon.colcon_core.shell:Creating package script '/home/kohjj27/my_ws/install/turtlebot3_fake_node/share/turtlebot3_fake_node/package.bash'
[1.990s] INFO:colcon.colcon_core.shell:Creating package script '/home/kohjj27/my_ws/install/turtlebot3_fake_node/share/turtlebot3_fake_node/package.zsh'
[1.991s] Level 1:colcon.colcon_core.environment:create_file_with_runtime_dependencies(/home/kohjj27/my_ws/install/turtlebot3_fake_node/share/colcon-core/packages/turtlebot3_fake_node)
[2.402s] DEBUG:colcon.colcon_core.event_handler.log_command:Invoked command in '/home/kohjj27/my_ws/build/turtlebot3_gazebo' returned '0': CMAKE_PREFIX_PATH=${CMAKE_PREFIX_PATH}:/opt/ros/humble /usr/bin/cmake --build /home/kohjj27/my_ws/build/turtlebot3_gazebo -- -j16 -l16
[2.404s] DEBUG:colcon.colcon_core.event_handler.log_command:Invoking command in '/home/kohjj27/my_ws/build/turtlebot3_gazebo': CMAKE_PREFIX_PATH=${CMAKE_PREFIX_PATH}:/opt/ros/humble /usr/bin/cmake --install /home/kohjj27/my_ws/build/turtlebot3_gazebo
[3.341s] Level 1:colcon.colcon_core.environment:create_environment_scripts_only(turtlebot3_gazebo)
[3.342s] Level 1:colcon.colcon_core.environment:checking '/home/kohjj27/my_ws/install/turtlebot3_gazebo' for CMake module files
[3.342s] DEBUG:colcon.colcon_core.event_handler.log_command:Invoked command in '/home/kohjj27/my_ws/build/turtlebot3_gazebo' returned '0': CMAKE_PREFIX_PATH=${CMAKE_PREFIX_PATH}:/opt/ros/humble /usr/bin/cmake --install /home/kohjj27/my_ws/build/turtlebot3_gazebo
[3.343s] Level 1:colcon.colcon_core.environment:checking '/home/kohjj27/my_ws/install/turtlebot3_gazebo' for CMake config files
[3.343s] Level 1:colcon.colcon_core.shell:create_environment_hook('turtlebot3_gazebo', 'cmake_prefix_path')
[3.343s] INFO:colcon.colcon_core.shell:Creating environment hook '/home/kohjj27/my_ws/install/turtlebot3_gazebo/share/turtlebot3_gazebo/hook/cmake_prefix_path.ps1'
[3.344s] INFO:colcon.colcon_core.shell:Creating environment descriptor '/home/kohjj27/my_ws/install/turtlebot3_gazebo/share/turtlebot3_gazebo/hook/cmake_prefix_path.dsv'
[3.344s] INFO:colcon.colcon_core.shell:Creating environment hook '/home/kohjj27/my_ws/install/turtlebot3_gazebo/share/turtlebot3_gazebo/hook/cmake_prefix_path.sh'
[3.345s] Level 1:colcon.colcon_core.environment:checking '/home/kohjj27/my_ws/install/turtlebot3_gazebo/lib'
[3.345s] Level 1:colcon.colcon_core.environment:checking '/home/kohjj27/my_ws/install/turtlebot3_gazebo/bin'
[3.345s] Level 1:colcon.colcon_core.environment:checking '/home/kohjj27/my_ws/install/turtlebot3_gazebo/lib/pkgconfig/turtlebot3_gazebo.pc'
[3.345s] Level 1:colcon.colcon_core.environment:checking '/home/kohjj27/my_ws/install/turtlebot3_gazebo/lib/python3.10/site-packages'
[3.345s] Level 1:colcon.colcon_core.environment:checking '/home/kohjj27/my_ws/install/turtlebot3_gazebo/bin'
[3.346s] INFO:colcon.colcon_core.shell:Creating package script '/home/kohjj27/my_ws/install/turtlebot3_gazebo/share/turtlebot3_gazebo/package.ps1'
[3.346s] INFO:colcon.colcon_core.shell:Creating package descriptor '/home/kohjj27/my_ws/install/turtlebot3_gazebo/share/turtlebot3_gazebo/package.dsv'
[3.347s] INFO:colcon.colcon_core.shell:Creating package script '/home/kohjj27/my_ws/install/turtlebot3_gazebo/share/turtlebot3_gazebo/package.sh'
[3.347s] INFO:colcon.colcon_core.shell:Creating package script '/home/kohjj27/my_ws/install/turtlebot3_gazebo/share/turtlebot3_gazebo/package.bash'
[3.347s] INFO:colcon.colcon_core.shell:Creating package script '/home/kohjj27/my_ws/install/turtlebot3_gazebo/share/turtlebot3_gazebo/package.zsh'
[3.348s] Level 1:colcon.colcon_core.environment:create_file_with_runtime_dependencies(/home/kohjj27/my_ws/install/turtlebot3_gazebo/share/colcon-core/packages/turtlebot3_gazebo)
[3.348s] Level 1:colcon.colcon_core.environment:create_environment_scripts_only(turtlebot3_gazebo)
[3.348s] Level 1:colcon.colcon_core.environment:checking '/home/kohjj27/my_ws/install/turtlebot3_gazebo' for CMake module files
[3.349s] Level 1:colcon.colcon_core.environment:checking '/home/kohjj27/my_ws/install/turtlebot3_gazebo' for CMake config files
[3.349s] Level 1:colcon.colcon_core.shell:create_environment_hook('turtlebot3_gazebo', 'cmake_prefix_path')
[3.350s] INFO:colcon.colcon_core.shell:Creating environment hook '/home/kohjj27/my_ws/install/turtlebot3_gazebo/share/turtlebot3_gazebo/hook/cmake_prefix_path.ps1'
[3.350s] INFO:colcon.colcon_core.shell:Creating environment descriptor '/home/kohjj27/my_ws/install/turtlebot3_gazebo/share/turtlebot3_gazebo/hook/cmake_prefix_path.dsv'
[3.350s] INFO:colcon.colcon_core.shell:Creating environment hook '/home/kohjj27/my_ws/install/turtlebot3_gazebo/share/turtlebot3_gazebo/hook/cmake_prefix_path.sh'
[3.351s] Level 1:colcon.colcon_core.environment:checking '/home/kohjj27/my_ws/install/turtlebot3_gazebo/lib'
[3.351s] Level 1:colcon.colcon_core.environment:checking '/home/kohjj27/my_ws/install/turtlebot3_gazebo/bin'
[3.351s] Level 1:colcon.colcon_core.environment:checking '/home/kohjj27/my_ws/install/turtlebot3_gazebo/lib/pkgconfig/turtlebot3_gazebo.pc'
[3.351s] Level 1:colcon.colcon_core.environment:checking '/home/kohjj27/my_ws/install/turtlebot3_gazebo/lib/python3.10/site-packages'
[3.351s] Level 1:colcon.colcon_core.environment:checking '/home/kohjj27/my_ws/install/turtlebot3_gazebo/bin'
[3.352s] INFO:colcon.colcon_core.shell:Creating package script '/home/kohjj27/my_ws/install/turtlebot3_gazebo/share/turtlebot3_gazebo/package.ps1'
[3.352s] INFO:colcon.colcon_core.shell:Creating package descriptor '/home/kohjj27/my_ws/install/turtlebot3_gazebo/share/turtlebot3_gazebo/package.dsv'
[3.353s] INFO:colcon.colcon_core.shell:Creating package script '/home/kohjj27/my_ws/install/turtlebot3_gazebo/share/turtlebot3_gazebo/package.sh'
[3.353s] INFO:colcon.colcon_core.shell:Creating package script '/home/kohjj27/my_ws/install/turtlebot3_gazebo/share/turtlebot3_gazebo/package.bash'
[3.354s] INFO:colcon.colcon_core.shell:Creating package script '/home/kohjj27/my_ws/install/turtlebot3_gazebo/share/turtlebot3_gazebo/package.zsh'
[3.354s] Level 1:colcon.colcon_core.environment:create_file_with_runtime_dependencies(/home/kohjj27/my_ws/install/turtlebot3_gazebo/share/colcon-core/packages/turtlebot3_gazebo)
[3.354s] INFO:colcon.colcon_ros.task.ament_cmake.build:Building ROS package in '/home/kohjj27/my_ws/src/turtlebot3_simulations/turtlebot3_simulations' with build type 'ament_cmake'
[3.354s] INFO:colcon.colcon_cmake.task.cmake.build:Building CMake package in '/home/kohjj27/my_ws/src/turtlebot3_simulations/turtlebot3_simulations'
[3.355s] INFO:colcon.colcon_core.shell:Skip shell extension 'powershell' for command environment: Not usable outside of PowerShell
[3.355s] DEBUG:colcon.colcon_core.shell:Skip shell extension 'dsv' for command environment
[3.367s] DEBUG:colcon.colcon_core.event_handler.log_command:Invoking command in '/home/kohjj27/my_ws/build/turtlebot3_simulations': CMAKE_PREFIX_PATH=/home/kohjj27/my_ws/install/turtlebot3_gazebo:/home/kohjj27/my_ws/install/turtlebot3_fake_node:/home/kohjj27/my_ws/install/wanderbot:/home/kohjj27/my_ws/install/turtlebot3_simulations:/home/kohjj27/my_ws/install/topic_ex_c:/opt/ros/humble /usr/bin/cmake /home/kohjj27/my_ws/src/turtlebot3_simulations/turtlebot3_simulations -DAMENT_CMAKE_SYMLINK_INSTALL=1 -DCMAKE_INSTALL_PREFIX=/home/kohjj27/my_ws/install/turtlebot3_simulations
[3.588s] DEBUG:colcon.colcon_core.event_handler.log_command:Invoked command in '/home/kohjj27/my_ws/build/turtlebot3_simulations' returned '0': CMAKE_PREFIX_PATH=/home/kohjj27/my_ws/install/turtlebot3_gazebo:/home/kohjj27/my_ws/install/turtlebot3_fake_node:/home/kohjj27/my_ws/install/wanderbot:/home/kohjj27/my_ws/install/turtlebot3_simulations:/home/kohjj27/my_ws/install/topic_ex_c:/opt/ros/humble /usr/bin/cmake /home/kohjj27/my_ws/src/turtlebot3_simulations/turtlebot3_simulations -DAMENT_CMAKE_SYMLINK_INSTALL=1 -DCMAKE_INSTALL_PREFIX=/home/kohjj27/my_ws/install/turtlebot3_simulations
[3.590s] DEBUG:colcon.colcon_core.event_handler.log_command:Invoking command in '/home/kohjj27/my_ws/build/turtlebot3_simulations': CMAKE_PREFIX_PATH=/home/kohjj27/my_ws/install/turtlebot3_gazebo:/home/kohjj27/my_ws/install/turtlebot3_fake_node:/home/kohjj27/my_ws/install/wanderbot:/home/kohjj27/my_ws/install/turtlebot3_simulations:/home/kohjj27/my_ws/install/topic_ex_c:/opt/ros/humble /usr/bin/cmake --build /home/kohjj27/my_ws/build/turtlebot3_simulations -- -j16 -l16
[3.638s] DEBUG:colcon.colcon_core.event_handler.log_command:Invoked command in '/home/kohjj27/my_ws/build/turtlebot3_simulations' returned '0': CMAKE_PREFIX_PATH=/home/kohjj27/my_ws/install/turtlebot3_gazebo:/home/kohjj27/my_ws/install/turtlebot3_fake_node:/home/kohjj27/my_ws/install/wanderbot:/home/kohjj27/my_ws/install/turtlebot3_simulations:/home/kohjj27/my_ws/install/topic_ex_c:/opt/ros/humble /usr/bin/cmake --build /home/kohjj27/my_ws/build/turtlebot3_simulations -- -j16 -l16
[3.640s] DEBUG:colcon.colcon_core.event_handler.log_command:Invoking command in '/home/kohjj27/my_ws/build/turtlebot3_simulations': CMAKE_PREFIX_PATH=/home/kohjj27/my_ws/install/turtlebot3_gazebo:/home/kohjj27/my_ws/install/turtlebot3_fake_node:/home/kohjj27/my_ws/install/wanderbot:/home/kohjj27/my_ws/install/turtlebot3_simulations:/home/kohjj27/my_ws/install/topic_ex_c:/opt/ros/humble /usr/bin/cmake --install /home/kohjj27/my_ws/build/turtlebot3_simulations
[3.828s] Level 1:colcon.colcon_core.environment:create_environment_scripts_only(turtlebot3_simulations)
[3.828s] Level 1:colcon.colcon_core.environment:checking '/home/kohjj27/my_ws/install/turtlebot3_simulations' for CMake module files
[3.829s] DEBUG:colcon.colcon_core.event_handler.log_command:Invoked command in '/home/kohjj27/my_ws/build/turtlebot3_simulations' returned '0': CMAKE_PREFIX_PATH=/home/kohjj27/my_ws/install/turtlebot3_gazebo:/home/kohjj27/my_ws/install/turtlebot3_fake_node:/home/kohjj27/my_ws/install/wanderbot:/home/kohjj27/my_ws/install/turtlebot3_simulations:/home/kohjj27/my_ws/install/topic_ex_c:/opt/ros/humble /usr/bin/cmake --install /home/kohjj27/my_ws/build/turtlebot3_simulations
[3.829s] Level 1:colcon.colcon_core.environment:checking '/home/kohjj27/my_ws/install/turtlebot3_simulations' for CMake config files
[3.829s] Level 1:colcon.colcon_core.shell:create_environment_hook('turtlebot3_simulations', 'cmake_prefix_path')
[3.830s] INFO:colcon.colcon_core.shell:Creating environment hook '/home/kohjj27/my_ws/install/turtlebot3_simulations/share/turtlebot3_simulations/hook/cmake_prefix_path.ps1'
[3.830s] INFO:colcon.colcon_core.shell:Creating environment descriptor '/home/kohjj27/my_ws/install/turtlebot3_simulations/share/turtlebot3_simulations/hook/cmake_prefix_path.dsv'
[3.831s] INFO:colcon.colcon_core.shell:Creating environment hook '/home/kohjj27/my_ws/install/turtlebot3_simulations/share/turtlebot3_simulations/hook/cmake_prefix_path.sh'
[3.831s] Level 1:colcon.colcon_core.environment:checking '/home/kohjj27/my_ws/install/turtlebot3_simulations/bin'
[3.831s] Level 1:colcon.colcon_core.environment:checking '/home/kohjj27/my_ws/install/turtlebot3_simulations/lib/pkgconfig/turtlebot3_simulations.pc'
[3.832s] Level 1:colcon.colcon_core.environment:checking '/home/kohjj27/my_ws/install/turtlebot3_simulations/lib/python3.10/site-packages'
[3.832s] Level 1:colcon.colcon_core.environment:checking '/home/kohjj27/my_ws/install/turtlebot3_simulations/bin'
[3.832s] INFO:colcon.colcon_core.shell:Creating package script '/home/kohjj27/my_ws/install/turtlebot3_simulations/share/turtlebot3_simulations/package.ps1'
[3.832s] INFO:colcon.colcon_core.shell:Creating package descriptor '/home/kohjj27/my_ws/install/turtlebot3_simulations/share/turtlebot3_simulations/package.dsv'
[3.833s] INFO:colcon.colcon_core.shell:Creating package script '/home/kohjj27/my_ws/install/turtlebot3_simulations/share/turtlebot3_simulations/package.sh'
[3.833s] INFO:colcon.colcon_core.shell:Creating package script '/home/kohjj27/my_ws/install/turtlebot3_simulations/share/turtlebot3_simulations/package.bash'
[3.834s] INFO:colcon.colcon_core.shell:Creating package script '/home/kohjj27/my_ws/install/turtlebot3_simulations/share/turtlebot3_simulations/package.zsh'
[3.834s] Level 1:colcon.colcon_core.environment:create_file_with_runtime_dependencies(/home/kohjj27/my_ws/install/turtlebot3_simulations/share/colcon-core/packages/turtlebot3_simulations)
[3.834s] Level 1:colcon.colcon_core.environment:create_environment_scripts_only(turtlebot3_simulations)
[3.835s] Level 1:colcon.colcon_core.environment:checking '/home/kohjj27/my_ws/install/turtlebot3_simulations' for CMake module files
[3.835s] Level 1:colcon.colcon_core.environment:checking '/home/kohjj27/my_ws/install/turtlebot3_simulations' for CMake config files
[3.835s] Level 1:colcon.colcon_core.shell:create_environment_hook('turtlebot3_simulations', 'cmake_prefix_path')
[3.836s] INFO:colcon.colcon_core.shell:Creating environment hook '/home/kohjj27/my_ws/install/turtlebot3_simulations/share/turtlebot3_simulations/hook/cmake_prefix_path.ps1'
[3.838s] INFO:colcon.colcon_core.shell:Creating environment descriptor '/home/kohjj27/my_ws/install/turtlebot3_simulations/share/turtlebot3_simulations/hook/cmake_prefix_path.dsv'
[3.839s] INFO:colcon.colcon_core.shell:Creating environment hook '/home/kohjj27/my_ws/install/turtlebot3_simulations/share/turtlebot3_simulations/hook/cmake_prefix_path.sh'
[3.840s] Level 1:colcon.colcon_core.environment:checking '/home/kohjj27/my_ws/install/turtlebot3_simulations/bin'
[3.840s] Level 1:colcon.colcon_core.environment:checking '/home/kohjj27/my_ws/install/turtlebot3_simulations/lib/pkgconfig/turtlebot3_simulations.pc'
[3.840s] Level 1:colcon.colcon_core.environment:checking '/home/kohjj27/my_ws/install/turtlebot3_simulations/lib/python3.10/site-packages'
[3.841s] Level 1:colcon.colcon_core.environment:checking '/home/kohjj27/my_ws/install/turtlebot3_simulations/bin'
[3.841s] INFO:colcon.colcon_core.shell:Creating package script '/home/kohjj27/my_ws/install/turtlebot3_simulations/share/turtlebot3_simulations/package.ps1'
[3.841s] INFO:colcon.colcon_core.shell:Creating package descriptor '/home/kohjj27/my_ws/install/turtlebot3_simulations/share/turtlebot3_simulations/package.dsv'
[3.842s] INFO:colcon.colcon_core.shell:Creating package script '/home/kohjj27/my_ws/install/turtlebot3_simulations/share/turtlebot3_simulations/package.sh'
[3.842s] INFO:colcon.colcon_core.shell:Creating package script '/home/kohjj27/my_ws/install/turtlebot3_simulations/share/turtlebot3_simulations/package.bash'
[3.843s] INFO:colcon.colcon_core.shell:Creating package script '/home/kohjj27/my_ws/install/turtlebot3_simulations/share/turtlebot3_simulations/package.zsh'
[3.843s] Level 1:colcon.colcon_core.environment:create_file_with_runtime_dependencies(/home/kohjj27/my_ws/install/turtlebot3_simulations/share/colcon-core/packages/turtlebot3_simulations)
[3.843s] DEBUG:colcon.colcon_parallel_executor.executor.parallel:closing loop
[3.844s] DEBUG:colcon.colcon_parallel_executor.executor.parallel:loop closed
[3.844s] DEBUG:colcon.colcon_parallel_executor.executor.parallel:run_until_complete finished with '0'
[3.844s] DEBUG:colcon.colcon_core.event_reactor:joining thread
[3.850s] INFO:colcon.colcon_core.plugin_system:Skipping extension 'colcon_notification.desktop_notification.terminal_notifier': Not used on non-Darwin systems
[3.850s] INFO:colcon.colcon_core.plugin_system:Skipping extension 'colcon_notification.desktop_notification.win32': Not used on non-Windows systems
[3.850s] INFO:colcon.colcon_notification.desktop_notification:Sending desktop notification using 'notify2'
[3.862s] DEBUG:colcon.colcon_core.event_reactor:joined thread
[3.863s] INFO:colcon.colcon_core.shell:Creating prefix script '/home/kohjj27/my_ws/install/local_setup.ps1'
[3.864s] INFO:colcon.colcon_core.shell:Creating prefix util module '/home/kohjj27/my_ws/install/_local_setup_util_ps1.py'
[3.865s] INFO:colcon.colcon_core.shell:Creating prefix chain script '/home/kohjj27/my_ws/install/setup.ps1'
[3.867s] INFO:colcon.colcon_core.shell:Creating prefix script '/home/kohjj27/my_ws/install/local_setup.sh'
[3.867s] INFO:colcon.colcon_core.shell:Creating prefix util module '/home/kohjj27/my_ws/install/_local_setup_util_sh.py'
[3.868s] INFO:colcon.colcon_core.shell:Creating prefix chain script '/home/kohjj27/my_ws/install/setup.sh'
[3.869s] INFO:colcon.colcon_core.shell:Creating prefix script '/home/kohjj27/my_ws/install/local_setup.bash'
[3.869s] INFO:colcon.colcon_core.shell:Creating prefix chain script '/home/kohjj27/my_ws/install/setup.bash'
[3.871s] INFO:colcon.colcon_core.shell:Creating prefix script '/home/kohjj27/my_ws/install/local_setup.zsh'
[3.871s] INFO:colcon.colcon_core.shell:Creating prefix chain script '/home/kohjj27/my_ws/install/setup.zsh'
