[0.019s] Invoking command in '/home/kohjj27/my_ws/build/wanderbot': CMAKE_PREFIX_PATH=${CMAKE_PREFIX_PATH}:/opt/ros/humble /usr/bin/cmake /home/kohjj27/my_ws/src/wanderbot -DAMENT_CMAKE_SYMLINK_INSTALL=1 -DCMAKE_INSTALL_PREFIX=/home/kohjj27/my_ws/install/wanderbot
[0.032s] -- Found ament_cmake: 1.3.11 (/opt/ros/humble/share/ament_cmake/cmake)
[0.163s] -- Override CMake install command with custom implementation using symlinks instead of copying resources
[0.171s] -- Found rclcpp: 16.0.12 (/opt/ros/humble/share/rclcpp/cmake)
[0.202s] -- Found rosidl_generator_c: 3.1.6 (/opt/ros/humble/share/rosidl_generator_c/cmake)
[0.204s] -- Found rosidl_adapter: 3.1.6 (/opt/ros/humble/share/rosidl_adapter/cmake)
[0.210s] -- Found rosidl_generator_cpp: 3.1.6 (/opt/ros/humble/share/rosidl_generator_cpp/cmake)
[0.220s] -- Using all available rosidl_typesupport_c: rosidl_typesupport_fastrtps_c;rosidl_typesupport_introspection_c
[0.232s] -- Using all available rosidl_typesupport_cpp: rosidl_typesupport_fastrtps_cpp;rosidl_typesupport_introspection_cpp
[0.264s] -- Found rmw_implementation_cmake: 6.1.2 (/opt/ros/humble/share/rmw_implementation_cmake/cmake)
[0.266s] -- Found rmw_fastrtps_cpp: 6.2.7 (/opt/ros/humble/share/rmw_fastrtps_cpp/cmake)
[0.390s] -- Using RMW implementation 'rmw_fastrtps_cpp' as default
[0.439s] -- Found geometry_msgs: 4.8.0 (/opt/ros/humble/share/geometry_msgs/cmake)
[0.452s] -- Found sensor_msgs: 4.8.0 (/opt/ros/humble/share/sensor_msgs/cmake)
[0.472s] -- Found ament_lint_auto: 0.12.12 (/opt/ros/humble/share/ament_lint_auto/cmake)
[0.547s] -- Added test 'cppcheck' to perform static code analysis on C / C++ code
[0.547s] -- Configured cppcheck include dirs: 
[0.547s] -- Configured cppcheck exclude dirs and/or files: 
[0.548s] -- Added test 'lint_cmake' to check CMake code style
[0.549s] -- Added test 'uncrustify' to check C / C++ code style
[0.549s] -- Configured uncrustify additional arguments: 
[0.549s] -- Added test 'xmllint' to check XML markup files
[0.550s] -- Configuring done
[0.564s] -- Generating done
[0.570s] -- Build files have been written to: /home/kohjj27/my_ws/build/wanderbot
[0.578s] Invoked command in '/home/kohjj27/my_ws/build/wanderbot' returned '0': CMAKE_PREFIX_PATH=${CMAKE_PREFIX_PATH}:/opt/ros/humble /usr/bin/cmake /home/kohjj27/my_ws/src/wanderbot -DAMENT_CMAKE_SYMLINK_INSTALL=1 -DCMAKE_INSTALL_PREFIX=/home/kohjj27/my_ws/install/wanderbot
[0.581s] Invoking command in '/home/kohjj27/my_ws/build/wanderbot': CMAKE_PREFIX_PATH=${CMAKE_PREFIX_PATH}:/opt/ros/humble /usr/bin/cmake --build /home/kohjj27/my_ws/build/wanderbot -- -j16 -l16
[0.632s] [35m[1mConsolidate compiler generated dependencies of target go_rot[0m
[0.632s] [35m[1mConsolidate compiler generated dependencies of target go_scan[0m
[0.654s] [ 50%] [32m[1mLinking CXX executable go_scan[0m
[0.654s] [ 50%] [32m[1mLinking CXX executable go_rot[0m
[0.908s] [ 75%] Built target go_rot
[1.107s] [100%] Built target go_scan
[1.122s] Invoked command in '/home/kohjj27/my_ws/build/wanderbot' returned '0': CMAKE_PREFIX_PATH=${CMAKE_PREFIX_PATH}:/opt/ros/humble /usr/bin/cmake --build /home/kohjj27/my_ws/build/wanderbot -- -j16 -l16
[1.124s] Invoking command in '/home/kohjj27/my_ws/build/wanderbot': CMAKE_PREFIX_PATH=${CMAKE_PREFIX_PATH}:/opt/ros/humble /usr/bin/cmake --install /home/kohjj27/my_ws/build/wanderbot
[1.133s] -- Install configuration: ""
[1.134s] -- Execute custom install script
[1.134s] -- Symlinking: /home/kohjj27/my_ws/install/wanderbot/lib/wanderbot/go_rot
[1.146s] -- Symlinking: /home/kohjj27/my_ws/install/wanderbot/lib/wanderbot/go_scan
[1.158s] -- Symlinking: /home/kohjj27/my_ws/install/wanderbot/share/ament_index/resource_index/package_run_dependencies/wanderbot
[1.171s] -- Symlinking: /home/kohjj27/my_ws/install/wanderbot/share/ament_index/resource_index/parent_prefix_path/wanderbot
[1.183s] -- Symlinking: /home/kohjj27/my_ws/install/wanderbot/share/wanderbot/environment/ament_prefix_path.sh
[1.195s] -- Symlinking: /home/kohjj27/my_ws/install/wanderbot/share/wanderbot/environment/ament_prefix_path.dsv
[1.207s] -- Symlinking: /home/kohjj27/my_ws/install/wanderbot/share/wanderbot/environment/path.sh
[1.219s] -- Symlinking: /home/kohjj27/my_ws/install/wanderbot/share/wanderbot/environment/path.dsv
[1.230s] -- Symlinking: /home/kohjj27/my_ws/install/wanderbot/share/wanderbot/local_setup.bash
[1.242s] -- Symlinking: /home/kohjj27/my_ws/install/wanderbot/share/wanderbot/local_setup.sh
[1.253s] -- Symlinking: /home/kohjj27/my_ws/install/wanderbot/share/wanderbot/local_setup.zsh
[1.264s] -- Symlinking: /home/kohjj27/my_ws/install/wanderbot/share/wanderbot/local_setup.dsv
[1.277s] -- Symlinking: /home/kohjj27/my_ws/install/wanderbot/share/wanderbot/package.dsv
[1.287s] -- Symlinking: /home/kohjj27/my_ws/install/wanderbot/share/ament_index/resource_index/packages/wanderbot
[1.299s] -- Symlinking: /home/kohjj27/my_ws/install/wanderbot/share/wanderbot/cmake/wanderbotConfig.cmake
[1.310s] -- Symlinking: /home/kohjj27/my_ws/install/wanderbot/share/wanderbot/cmake/wanderbotConfig-version.cmake
[1.322s] -- Symlinking: /home/kohjj27/my_ws/install/wanderbot/share/wanderbot/package.xml
[1.337s] Invoked command in '/home/kohjj27/my_ws/build/wanderbot' returned '0': CMAKE_PREFIX_PATH=${CMAKE_PREFIX_PATH}:/opt/ros/humble /usr/bin/cmake --install /home/kohjj27/my_ws/build/wanderbot
