[0.108s] DEBUG:colcon:Command line arguments: ['/usr/bin/colcon', 'build']
[0.108s] DEBUG:colcon:Parsed command line arguments: Namespace(log_base=None, log_level=None, verb_name='build', build_base='build', install_base='install', merge_install=False, symlink_install=False, test_result_base=None, continue_on_error=False, executor='parallel', parallel_workers=16, event_handlers=None, ignore_user_meta=False, metas=['./colcon.meta'], base_paths=['.'], packages_ignore=None, packages_ignore_regex=None, paths=None, packages_up_to=None, packages_up_to_regex=None, packages_above=None, packages_above_and_dependencies=None, packages_above_depth=None, packages_select_by_dep=None, packages_skip_by_dep=None, packages_skip_up_to=None, packages_select_build_failed=False, packages_skip_build_finished=False, packages_select_test_failures=False, packages_skip_test_passed=False, packages_select=None, packages_skip=None, packages_select_regex=None, packages_skip_regex=None, packages_start=None, packages_end=None, allow_overriding=[], cmake_args=None, cmake_target=None, cmake_target_skip_unavailable=False, cmake_clean_cache=False, cmake_clean_first=False, cmake_force_configure=False, ament_cmake_args=None, catkin_cmake_args=None, catkin_skip_building_tests=False, mixin_files=None, mixin=None, verb_parser=<colcon_mixin.mixin.mixin_argument.MixinArgumentDecorator object at 0x7003fa251bd0>, verb_extension=<colcon_core.verb.build.BuildVerb object at 0x7003fa3cf070>, main=<bound method BuildVerb.main of <colcon_core.verb.build.BuildVerb object at 0x7003fa3cf070>>, mixin_verb=('build',))
[0.280s] Level 1:colcon.colcon_core.package_discovery:discover_packages(colcon_meta) check parameters
[0.280s] Level 1:colcon.colcon_core.package_discovery:discover_packages(recursive) check parameters
[0.280s] Level 1:colcon.colcon_core.package_discovery:discover_packages(ignore) check parameters
[0.280s] Level 1:colcon.colcon_core.package_discovery:discover_packages(path) check parameters
[0.280s] Level 1:colcon.colcon_core.package_discovery:discover_packages(colcon_meta) discover
[0.280s] Level 1:colcon.colcon_core.package_discovery:discover_packages(recursive) discover
[0.280s] INFO:colcon.colcon_core.package_discovery:Crawling recursively for packages in '/home/kohjj27/my_ws'
[0.280s] Level 1:colcon.colcon_core.package_identification:_identify(.) by extensions ['ignore', 'ignore_ament_install']
[0.280s] Level 1:colcon.colcon_core.package_identification:_identify(.) by extension 'ignore'
[0.280s] Level 1:colcon.colcon_core.package_identification:_identify(.) by extension 'ignore_ament_install'
[0.280s] Level 1:colcon.colcon_core.package_identification:_identify(.) by extensions ['colcon_pkg']
[0.281s] Level 1:colcon.colcon_core.package_identification:_identify(.) by extension 'colcon_pkg'
[0.281s] Level 1:colcon.colcon_core.package_identification:_identify(.) by extensions ['colcon_meta']
[0.281s] Level 1:colcon.colcon_core.package_identification:_identify(.) by extension 'colcon_meta'
[0.281s] Level 1:colcon.colcon_core.package_identification:_identify(.) by extensions ['ros']
[0.281s] Level 1:colcon.colcon_core.package_identification:_identify(.) by extension 'ros'
[0.291s] Level 1:colcon.colcon_core.package_identification:_identify(.) by extensions ['cmake', 'python']
[0.291s] Level 1:colcon.colcon_core.package_identification:_identify(.) by extension 'cmake'
[0.291s] Level 1:colcon.colcon_core.package_identification:_identify(.) by extension 'python'
[0.291s] Level 1:colcon.colcon_core.package_identification:_identify(.) by extensions ['python_setup_py']
[0.291s] Level 1:colcon.colcon_core.package_identification:_identify(.) by extension 'python_setup_py'
[0.292s] Level 1:colcon.colcon_core.package_identification:_identify(build) by extensions ['ignore', 'ignore_ament_install']
[0.292s] Level 1:colcon.colcon_core.package_identification:_identify(build) by extension 'ignore'
[0.292s] Level 1:colcon.colcon_core.package_identification:_identify(build) ignored
[0.292s] Level 1:colcon.colcon_core.package_identification:_identify(install) by extensions ['ignore', 'ignore_ament_install']
[0.292s] Level 1:colcon.colcon_core.package_identification:_identify(install) by extension 'ignore'
[0.292s] Level 1:colcon.colcon_core.package_identification:_identify(install) ignored
[0.292s] Level 1:colcon.colcon_core.package_identification:_identify(log) by extensions ['ignore', 'ignore_ament_install']
[0.292s] Level 1:colcon.colcon_core.package_identification:_identify(log) by extension 'ignore'
[0.292s] Level 1:colcon.colcon_core.package_identification:_identify(log) ignored
[0.292s] Level 1:colcon.colcon_core.package_identification:_identify(src) by extensions ['ignore', 'ignore_ament_install']
[0.292s] Level 1:colcon.colcon_core.package_identification:_identify(src) by extension 'ignore'
[0.292s] Level 1:colcon.colcon_core.package_identification:_identify(src) by extension 'ignore_ament_install'
[0.292s] Level 1:colcon.colcon_core.package_identification:_identify(src) by extensions ['colcon_pkg']
[0.292s] Level 1:colcon.colcon_core.package_identification:_identify(src) by extension 'colcon_pkg'
[0.293s] Level 1:colcon.colcon_core.package_identification:_identify(src) by extensions ['colcon_meta']
[0.293s] Level 1:colcon.colcon_core.package_identification:_identify(src) by extension 'colcon_meta'
[0.293s] Level 1:colcon.colcon_core.package_identification:_identify(src) by extensions ['ros']
[0.293s] Level 1:colcon.colcon_core.package_identification:_identify(src) by extension 'ros'
[0.293s] Level 1:colcon.colcon_core.package_identification:_identify(src) by extensions ['cmake', 'python']
[0.293s] Level 1:colcon.colcon_core.package_identification:_identify(src) by extension 'cmake'
[0.293s] Level 1:colcon.colcon_core.package_identification:_identify(src) by extension 'python'
[0.293s] Level 1:colcon.colcon_core.package_identification:_identify(src) by extensions ['python_setup_py']
[0.293s] Level 1:colcon.colcon_core.package_identification:_identify(src) by extension 'python_setup_py'
[0.293s] Level 1:colcon.colcon_core.package_identification:_identify(src/topic_ex_c) by extensions ['ignore', 'ignore_ament_install']
[0.293s] Level 1:colcon.colcon_core.package_identification:_identify(src/topic_ex_c) by extension 'ignore'
[0.293s] Level 1:colcon.colcon_core.package_identification:_identify(src/topic_ex_c) by extension 'ignore_ament_install'
[0.293s] Level 1:colcon.colcon_core.package_identification:_identify(src/topic_ex_c) by extensions ['colcon_pkg']
[0.293s] Level 1:colcon.colcon_core.package_identification:_identify(src/topic_ex_c) by extension 'colcon_pkg'
[0.293s] Level 1:colcon.colcon_core.package_identification:_identify(src/topic_ex_c) by extensions ['colcon_meta']
[0.293s] Level 1:colcon.colcon_core.package_identification:_identify(src/topic_ex_c) by extension 'colcon_meta'
[0.293s] Level 1:colcon.colcon_core.package_identification:_identify(src/topic_ex_c) by extensions ['ros']
[0.293s] Level 1:colcon.colcon_core.package_identification:_identify(src/topic_ex_c) by extension 'ros'
[0.295s] DEBUG:colcon.colcon_core.package_identification:Package 'src/topic_ex_c' with type 'ros.ament_cmake' and name 'topic_ex_c'
[0.296s] Level 1:colcon.colcon_core.package_identification:_identify(src/turtlebot3_simulations) by extensions ['ignore', 'ignore_ament_install']
[0.296s] Level 1:colcon.colcon_core.package_identification:_identify(src/turtlebot3_simulations) by extension 'ignore'
[0.296s] Level 1:colcon.colcon_core.package_identification:_identify(src/turtlebot3_simulations) by extension 'ignore_ament_install'
[0.296s] Level 1:colcon.colcon_core.package_identification:_identify(src/turtlebot3_simulations) by extensions ['colcon_pkg']
[0.296s] Level 1:colcon.colcon_core.package_identification:_identify(src/turtlebot3_simulations) by extension 'colcon_pkg'
[0.296s] Level 1:colcon.colcon_core.package_identification:_identify(src/turtlebot3_simulations) by extensions ['colcon_meta']
[0.296s] Level 1:colcon.colcon_core.package_identification:_identify(src/turtlebot3_simulations) by extension 'colcon_meta'
[0.296s] Level 1:colcon.colcon_core.package_identification:_identify(src/turtlebot3_simulations) by extensions ['ros']
[0.296s] Level 1:colcon.colcon_core.package_identification:_identify(src/turtlebot3_simulations) by extension 'ros'
[0.296s] Level 1:colcon.colcon_core.package_identification:_identify(src/turtlebot3_simulations) by extensions ['cmake', 'python']
[0.296s] Level 1:colcon.colcon_core.package_identification:_identify(src/turtlebot3_simulations) by extension 'cmake'
[0.296s] Level 1:colcon.colcon_core.package_identification:_identify(src/turtlebot3_simulations) by extension 'python'
[0.296s] Level 1:colcon.colcon_core.package_identification:_identify(src/turtlebot3_simulations) by extensions ['python_setup_py']
[0.296s] Level 1:colcon.colcon_core.package_identification:_identify(src/turtlebot3_simulations) by extension 'python_setup_py'
[0.296s] Level 1:colcon.colcon_core.package_identification:_identify(src/turtlebot3_simulations/turtlebot3_fake_node) by extensions ['ignore', 'ignore_ament_install']
[0.296s] Level 1:colcon.colcon_core.package_identification:_identify(src/turtlebot3_simulations/turtlebot3_fake_node) by extension 'ignore'
[0.296s] Level 1:colcon.colcon_core.package_identification:_identify(src/turtlebot3_simulations/turtlebot3_fake_node) by extension 'ignore_ament_install'
[0.296s] Level 1:colcon.colcon_core.package_identification:_identify(src/turtlebot3_simulations/turtlebot3_fake_node) by extensions ['colcon_pkg']
[0.297s] Level 1:colcon.colcon_core.package_identification:_identify(src/turtlebot3_simulations/turtlebot3_fake_node) by extension 'colcon_pkg'
[0.297s] Level 1:colcon.colcon_core.package_identification:_identify(src/turtlebot3_simulations/turtlebot3_fake_node) by extensions ['colcon_meta']
[0.297s] Level 1:colcon.colcon_core.package_identification:_identify(src/turtlebot3_simulations/turtlebot3_fake_node) by extension 'colcon_meta'
[0.297s] Level 1:colcon.colcon_core.package_identification:_identify(src/turtlebot3_simulations/turtlebot3_fake_node) by extensions ['ros']
[0.297s] Level 1:colcon.colcon_core.package_identification:_identify(src/turtlebot3_simulations/turtlebot3_fake_node) by extension 'ros'
[0.298s] DEBUG:colcon.colcon_core.package_identification:Package 'src/turtlebot3_simulations/turtlebot3_fake_node' with type 'ros.ament_cmake' and name 'turtlebot3_fake_node'
[0.298s] Level 1:colcon.colcon_core.package_identification:_identify(src/turtlebot3_simulations/turtlebot3_gazebo) by extensions ['ignore', 'ignore_ament_install']
[0.298s] Level 1:colcon.colcon_core.package_identification:_identify(src/turtlebot3_simulations/turtlebot3_gazebo) by extension 'ignore'
[0.298s] Level 1:colcon.colcon_core.package_identification:_identify(src/turtlebot3_simulations/turtlebot3_gazebo) by extension 'ignore_ament_install'
[0.298s] Level 1:colcon.colcon_core.package_identification:_identify(src/turtlebot3_simulations/turtlebot3_gazebo) by extensions ['colcon_pkg']
[0.298s] Level 1:colcon.colcon_core.package_identification:_identify(src/turtlebot3_simulations/turtlebot3_gazebo) by extension 'colcon_pkg'
[0.298s] Level 1:colcon.colcon_core.package_identification:_identify(src/turtlebot3_simulations/turtlebot3_gazebo) by extensions ['colcon_meta']
[0.298s] Level 1:colcon.colcon_core.package_identification:_identify(src/turtlebot3_simulations/turtlebot3_gazebo) by extension 'colcon_meta'
[0.298s] Level 1:colcon.colcon_core.package_identification:_identify(src/turtlebot3_simulations/turtlebot3_gazebo) by extensions ['ros']
[0.298s] Level 1:colcon.colcon_core.package_identification:_identify(src/turtlebot3_simulations/turtlebot3_gazebo) by extension 'ros'
[0.299s] DEBUG:colcon.colcon_core.package_identification:Package 'src/turtlebot3_simulations/turtlebot3_gazebo' with type 'ros.ament_cmake' and name 'turtlebot3_gazebo'
[0.299s] Level 1:colcon.colcon_core.package_identification:_identify(src/turtlebot3_simulations/turtlebot3_simulations) by extensions ['ignore', 'ignore_ament_install']
[0.299s] Level 1:colcon.colcon_core.package_identification:_identify(src/turtlebot3_simulations/turtlebot3_simulations) by extension 'ignore'
[0.299s] Level 1:colcon.colcon_core.package_identification:_identify(src/turtlebot3_simulations/turtlebot3_simulations) by extension 'ignore_ament_install'
[0.299s] Level 1:colcon.colcon_core.package_identification:_identify(src/turtlebot3_simulations/turtlebot3_simulations) by extensions ['colcon_pkg']
[0.299s] Level 1:colcon.colcon_core.package_identification:_identify(src/turtlebot3_simulations/turtlebot3_simulations) by extension 'colcon_pkg'
[0.299s] Level 1:colcon.colcon_core.package_identification:_identify(src/turtlebot3_simulations/turtlebot3_simulations) by extensions ['colcon_meta']
[0.300s] Level 1:colcon.colcon_core.package_identification:_identify(src/turtlebot3_simulations/turtlebot3_simulations) by extension 'colcon_meta'
[0.300s] Level 1:colcon.colcon_core.package_identification:_identify(src/turtlebot3_simulations/turtlebot3_simulations) by extensions ['ros']
[0.300s] Level 1:colcon.colcon_core.package_identification:_identify(src/turtlebot3_simulations/turtlebot3_simulations) by extension 'ros'
[0.300s] DEBUG:colcon.colcon_core.package_identification:Package 'src/turtlebot3_simulations/turtlebot3_simulations' with type 'ros.ament_cmake' and name 'turtlebot3_simulations'
[0.300s] Level 1:colcon.colcon_core.package_identification:_identify(src/wanderbot) by extensions ['ignore', 'ignore_ament_install']
[0.300s] Level 1:colcon.colcon_core.package_identification:_identify(src/wanderbot) by extension 'ignore'
[0.300s] Level 1:colcon.colcon_core.package_identification:_identify(src/wanderbot) by extension 'ignore_ament_install'
[0.300s] Level 1:colcon.colcon_core.package_identification:_identify(src/wanderbot) by extensions ['colcon_pkg']
[0.300s] Level 1:colcon.colcon_core.package_identification:_identify(src/wanderbot) by extension 'colcon_pkg'
[0.300s] Level 1:colcon.colcon_core.package_identification:_identify(src/wanderbot) by extensions ['colcon_meta']
[0.301s] Level 1:colcon.colcon_core.package_identification:_identify(src/wanderbot) by extension 'colcon_meta'
[0.301s] Level 1:colcon.colcon_core.package_identification:_identify(src/wanderbot) by extensions ['ros']
[0.301s] Level 1:colcon.colcon_core.package_identification:_identify(src/wanderbot) by extension 'ros'
[0.301s] DEBUG:colcon.colcon_core.package_identification:Package 'src/wanderbot' with type 'ros.ament_cmake' and name 'wanderbot'
[0.301s] Level 1:colcon.colcon_core.package_discovery:discover_packages(recursive) using defaults
[0.301s] Level 1:colcon.colcon_core.package_discovery:discover_packages(ignore) discover
[0.301s] Level 1:colcon.colcon_core.package_discovery:discover_packages(ignore) using defaults
[0.301s] Level 1:colcon.colcon_core.package_discovery:discover_packages(path) discover
[0.301s] Level 1:colcon.colcon_core.package_discovery:discover_packages(path) using defaults
[0.332s] Level 1:colcon.colcon_core.package_discovery:discover_packages(prefix_path) check parameters
[0.332s] Level 1:colcon.colcon_core.package_discovery:discover_packages(prefix_path) discover
[0.335s] DEBUG:colcon.colcon_installed_package_information.package_discovery:Found 374 installed packages in /opt/ros/humble
[0.337s] Level 1:colcon.colcon_core.package_discovery:discover_packages(prefix_path) using defaults
[0.383s] Level 5:colcon.colcon_core.verb:set package 'topic_ex_c' build argument 'cmake_args' from command line to 'None'
[0.383s] Level 5:colcon.colcon_core.verb:set package 'topic_ex_c' build argument 'cmake_target' from command line to 'None'
[0.383s] Level 5:colcon.colcon_core.verb:set package 'topic_ex_c' build argument 'cmake_target_skip_unavailable' from command line to 'False'
[0.383s] Level 5:colcon.colcon_core.verb:set package 'topic_ex_c' build argument 'cmake_clean_cache' from command line to 'False'
[0.383s] Level 5:colcon.colcon_core.verb:set package 'topic_ex_c' build argument 'cmake_clean_first' from command line to 'False'
[0.383s] Level 5:colcon.colcon_core.verb:set package 'topic_ex_c' build argument 'cmake_force_configure' from command line to 'False'
[0.383s] Level 5:colcon.colcon_core.verb:set package 'topic_ex_c' build argument 'ament_cmake_args' from command line to 'None'
[0.383s] Level 5:colcon.colcon_core.verb:set package 'topic_ex_c' build argument 'catkin_cmake_args' from command line to 'None'
[0.383s] Level 5:colcon.colcon_core.verb:set package 'topic_ex_c' build argument 'catkin_skip_building_tests' from command line to 'False'
[0.383s] DEBUG:colcon.colcon_core.verb:Building package 'topic_ex_c' with the following arguments: {'ament_cmake_args': None, 'build_base': '/home/kohjj27/my_ws/build/topic_ex_c', 'catkin_cmake_args': None, 'catkin_skip_building_tests': False, 'cmake_args': None, 'cmake_clean_cache': False, 'cmake_clean_first': False, 'cmake_force_configure': False, 'cmake_target': None, 'cmake_target_skip_unavailable': False, 'install_base': '/home/kohjj27/my_ws/install/topic_ex_c', 'merge_install': False, 'path': '/home/kohjj27/my_ws/src/topic_ex_c', 'symlink_install': False, 'test_result_base': None}
[0.383s] Level 5:colcon.colcon_core.verb:set package 'turtlebot3_fake_node' build argument 'cmake_args' from command line to 'None'
[0.383s] Level 5:colcon.colcon_core.verb:set package 'turtlebot3_fake_node' build argument 'cmake_target' from command line to 'None'
[0.383s] Level 5:colcon.colcon_core.verb:set package 'turtlebot3_fake_node' build argument 'cmake_target_skip_unavailable' from command line to 'False'
[0.383s] Level 5:colcon.colcon_core.verb:set package 'turtlebot3_fake_node' build argument 'cmake_clean_cache' from command line to 'False'
[0.383s] Level 5:colcon.colcon_core.verb:set package 'turtlebot3_fake_node' build argument 'cmake_clean_first' from command line to 'False'
[0.383s] Level 5:colcon.colcon_core.verb:set package 'turtlebot3_fake_node' build argument 'cmake_force_configure' from command line to 'False'
[0.383s] Level 5:colcon.colcon_core.verb:set package 'turtlebot3_fake_node' build argument 'ament_cmake_args' from command line to 'None'
[0.383s] Level 5:colcon.colcon_core.verb:set package 'turtlebot3_fake_node' build argument 'catkin_cmake_args' from command line to 'None'
[0.383s] Level 5:colcon.colcon_core.verb:set package 'turtlebot3_fake_node' build argument 'catkin_skip_building_tests' from command line to 'False'
[0.383s] DEBUG:colcon.colcon_core.verb:Building package 'turtlebot3_fake_node' with the following arguments: {'ament_cmake_args': None, 'build_base': '/home/kohjj27/my_ws/build/turtlebot3_fake_node', 'catkin_cmake_args': None, 'catkin_skip_building_tests': False, 'cmake_args': None, 'cmake_clean_cache': False, 'cmake_clean_first': False, 'cmake_force_configure': False, 'cmake_target': None, 'cmake_target_skip_unavailable': False, 'install_base': '/home/kohjj27/my_ws/install/turtlebot3_fake_node', 'merge_install': False, 'path': '/home/kohjj27/my_ws/src/turtlebot3_simulations/turtlebot3_fake_node', 'symlink_install': False, 'test_result_base': None}
[0.384s] Level 5:colcon.colcon_core.verb:set package 'turtlebot3_gazebo' build argument 'cmake_args' from command line to 'None'
[0.384s] Level 5:colcon.colcon_core.verb:set package 'turtlebot3_gazebo' build argument 'cmake_target' from command line to 'None'
[0.384s] Level 5:colcon.colcon_core.verb:set package 'turtlebot3_gazebo' build argument 'cmake_target_skip_unavailable' from command line to 'False'
[0.384s] Level 5:colcon.colcon_core.verb:set package 'turtlebot3_gazebo' build argument 'cmake_clean_cache' from command line to 'False'
[0.384s] Level 5:colcon.colcon_core.verb:set package 'turtlebot3_gazebo' build argument 'cmake_clean_first' from command line to 'False'
[0.384s] Level 5:colcon.colcon_core.verb:set package 'turtlebot3_gazebo' build argument 'cmake_force_configure' from command line to 'False'
[0.384s] Level 5:colcon.colcon_core.verb:set package 'turtlebot3_gazebo' build argument 'ament_cmake_args' from command line to 'None'
[0.384s] Level 5:colcon.colcon_core.verb:set package 'turtlebot3_gazebo' build argument 'catkin_cmake_args' from command line to 'None'
[0.384s] Level 5:colcon.colcon_core.verb:set package 'turtlebot3_gazebo' build argument 'catkin_skip_building_tests' from command line to 'False'
[0.384s] DEBUG:colcon.colcon_core.verb:Building package 'turtlebot3_gazebo' with the following arguments: {'ament_cmake_args': None, 'build_base': '/home/kohjj27/my_ws/build/turtlebot3_gazebo', 'catkin_cmake_args': None, 'catkin_skip_building_tests': False, 'cmake_args': None, 'cmake_clean_cache': False, 'cmake_clean_first': False, 'cmake_force_configure': False, 'cmake_target': None, 'cmake_target_skip_unavailable': False, 'install_base': '/home/kohjj27/my_ws/install/turtlebot3_gazebo', 'merge_install': False, 'path': '/home/kohjj27/my_ws/src/turtlebot3_simulations/turtlebot3_gazebo', 'symlink_install': False, 'test_result_base': None}
[0.384s] Level 5:colcon.colcon_core.verb:set package 'wanderbot' build argument 'cmake_args' from command line to 'None'
[0.384s] Level 5:colcon.colcon_core.verb:set package 'wanderbot' build argument 'cmake_target' from command line to 'None'
[0.384s] Level 5:colcon.colcon_core.verb:set package 'wanderbot' build argument 'cmake_target_skip_unavailable' from command line to 'False'
[0.384s] Level 5:colcon.colcon_core.verb:set package 'wanderbot' build argument 'cmake_clean_cache' from command line to 'False'
[0.384s] Level 5:colcon.colcon_core.verb:set package 'wanderbot' build argument 'cmake_clean_first' from command line to 'False'
[0.384s] Level 5:colcon.colcon_core.verb:set package 'wanderbot' build argument 'cmake_force_configure' from command line to 'False'
[0.384s] Level 5:colcon.colcon_core.verb:set package 'wanderbot' build argument 'ament_cmake_args' from command line to 'None'
[0.384s] Level 5:colcon.colcon_core.verb:set package 'wanderbot' build argument 'catkin_cmake_args' from command line to 'None'
[0.384s] Level 5:colcon.colcon_core.verb:set package 'wanderbot' build argument 'catkin_skip_building_tests' from command line to 'False'
[0.385s] DEBUG:colcon.colcon_core.verb:Building package 'wanderbot' with the following arguments: {'ament_cmake_args': None, 'build_base': '/home/kohjj27/my_ws/build/wanderbot', 'catkin_cmake_args': None, 'catkin_skip_building_tests': False, 'cmake_args': None, 'cmake_clean_cache': False, 'cmake_clean_first': False, 'cmake_force_configure': False, 'cmake_target': None, 'cmake_target_skip_unavailable': False, 'install_base': '/home/kohjj27/my_ws/install/wanderbot', 'merge_install': False, 'path': '/home/kohjj27/my_ws/src/wanderbot', 'symlink_install': False, 'test_result_base': None}
[0.385s] Level 5:colcon.colcon_core.verb:set package 'turtlebot3_simulations' build argument 'cmake_args' from command line to 'None'
[0.385s] Level 5:colcon.colcon_core.verb:set package 'turtlebot3_simulations' build argument 'cmake_target' from command line to 'None'
[0.385s] Level 5:colcon.colcon_core.verb:set package 'turtlebot3_simulations' build argument 'cmake_target_skip_unavailable' from command line to 'False'
[0.385s] Level 5:colcon.colcon_core.verb:set package 'turtlebot3_simulations' build argument 'cmake_clean_cache' from command line to 'False'
[0.385s] Level 5:colcon.colcon_core.verb:set package 'turtlebot3_simulations' build argument 'cmake_clean_first' from command line to 'False'
[0.385s] Level 5:colcon.colcon_core.verb:set package 'turtlebot3_simulations' build argument 'cmake_force_configure' from command line to 'False'
[0.385s] Level 5:colcon.colcon_core.verb:set package 'turtlebot3_simulations' build argument 'ament_cmake_args' from command line to 'None'
[0.385s] Level 5:colcon.colcon_core.verb:set package 'turtlebot3_simulations' build argument 'catkin_cmake_args' from command line to 'None'
[0.385s] Level 5:colcon.colcon_core.verb:set package 'turtlebot3_simulations' build argument 'catkin_skip_building_tests' from command line to 'False'
[0.385s] DEBUG:colcon.colcon_core.verb:Building package 'turtlebot3_simulations' with the following arguments: {'ament_cmake_args': None, 'build_base': '/home/kohjj27/my_ws/build/turtlebot3_simulations', 'catkin_cmake_args': None, 'catkin_skip_building_tests': False, 'cmake_args': None, 'cmake_clean_cache': False, 'cmake_clean_first': False, 'cmake_force_configure': False, 'cmake_target': None, 'cmake_target_skip_unavailable': False, 'install_base': '/home/kohjj27/my_ws/install/turtlebot3_simulations', 'merge_install': False, 'path': '/home/kohjj27/my_ws/src/turtlebot3_simulations/turtlebot3_simulations', 'symlink_install': False, 'test_result_base': None}
[0.385s] INFO:colcon.colcon_core.executor:Executing jobs using 'parallel' executor
[0.386s] DEBUG:colcon.colcon_parallel_executor.executor.parallel:run_until_complete
[0.387s] INFO:colcon.colcon_ros.task.ament_cmake.build:Building ROS package in '/home/kohjj27/my_ws/src/turtlebot3_simulations/turtlebot3_fake_node' with build type 'ament_cmake'
[0.387s] INFO:colcon.colcon_cmake.task.cmake.build:Building CMake package in '/home/kohjj27/my_ws/src/turtlebot3_simulations/turtlebot3_fake_node'
[0.389s] INFO:colcon.colcon_core.plugin_system:Skipping extension 'colcon_core.shell.bat': Not used on non-Windows systems
[0.389s] INFO:colcon.colcon_core.shell:Skip shell extension 'powershell' for command environment: Not usable outside of PowerShell
[0.389s] DEBUG:colcon.colcon_core.shell:Skip shell extension 'dsv' for command environment
[0.393s] INFO:colcon.colcon_ros.task.ament_cmake.build:Building ROS package in '/home/kohjj27/my_ws/src/turtlebot3_simulations/turtlebot3_gazebo' with build type 'ament_cmake'
[0.393s] INFO:colcon.colcon_cmake.task.cmake.build:Building CMake package in '/home/kohjj27/my_ws/src/turtlebot3_simulations/turtlebot3_gazebo'
[0.393s] INFO:colcon.colcon_core.shell:Skip shell extension 'powershell' for command environment: Not usable outside of PowerShell
[0.393s] DEBUG:colcon.colcon_core.shell:Skip shell extension 'dsv' for command environment
[0.396s] INFO:colcon.colcon_ros.task.ament_cmake.build:Building ROS package in '/home/kohjj27/my_ws/src/topic_ex_c' with build type 'ament_cmake'
[0.396s] INFO:colcon.colcon_cmake.task.cmake.build:Building CMake package in '/home/kohjj27/my_ws/src/topic_ex_c'
[0.397s] INFO:colcon.colcon_core.shell:Skip shell extension 'powershell' for command environment: Not usable outside of PowerShell
[0.397s] DEBUG:colcon.colcon_core.shell:Skip shell extension 'dsv' for command environment
[0.400s] INFO:colcon.colcon_ros.task.ament_cmake.build:Building ROS package in '/home/kohjj27/my_ws/src/wanderbot' with build type 'ament_cmake'
[0.400s] INFO:colcon.colcon_cmake.task.cmake.build:Building CMake package in '/home/kohjj27/my_ws/src/wanderbot'
[0.400s] INFO:colcon.colcon_core.shell:Skip shell extension 'powershell' for command environment: Not usable outside of PowerShell
[0.400s] DEBUG:colcon.colcon_core.shell:Skip shell extension 'dsv' for command environment
[0.409s] DEBUG:colcon.colcon_core.event_handler.log_command:Invoking command in '/home/kohjj27/my_ws/build/turtlebot3_fake_node': CMAKE_PREFIX_PATH=/opt/ros/humble /usr/bin/cmake --build /home/kohjj27/my_ws/build/turtlebot3_fake_node -- -j16 -l16
[0.412s] DEBUG:colcon.colcon_core.event_handler.log_command:Invoking command in '/home/kohjj27/my_ws/build/turtlebot3_gazebo': CMAKE_PREFIX_PATH=/opt/ros/humble /usr/bin/cmake --build /home/kohjj27/my_ws/build/turtlebot3_gazebo -- -j16 -l16
[0.415s] DEBUG:colcon.colcon_core.event_handler.log_command:Invoking command in '/home/kohjj27/my_ws/build/topic_ex_c': CMAKE_PREFIX_PATH=/opt/ros/humble /usr/bin/cmake --build /home/kohjj27/my_ws/build/topic_ex_c -- -j16 -l16
[0.420s] DEBUG:colcon.colcon_core.event_handler.log_command:Invoking command in '/home/kohjj27/my_ws/build/wanderbot': CMAKE_PREFIX_PATH=/opt/ros/humble /usr/bin/cmake --build /home/kohjj27/my_ws/build/wanderbot -- -j16 -l16
[0.501s] DEBUG:colcon.colcon_core.event_handler.log_command:Invoked command in '/home/kohjj27/my_ws/build/turtlebot3_fake_node' returned '0': CMAKE_PREFIX_PATH=/opt/ros/humble /usr/bin/cmake --build /home/kohjj27/my_ws/build/turtlebot3_fake_node -- -j16 -l16
[0.517s] DEBUG:colcon.colcon_core.event_handler.log_command:Invoking command in '/home/kohjj27/my_ws/build/turtlebot3_fake_node': CMAKE_PREFIX_PATH=/opt/ros/humble /usr/bin/cmake --install /home/kohjj27/my_ws/build/turtlebot3_fake_node
[0.517s] DEBUG:colcon.colcon_core.event_handler.log_command:Invoked command in '/home/kohjj27/my_ws/build/topic_ex_c' returned '0': CMAKE_PREFIX_PATH=/opt/ros/humble /usr/bin/cmake --build /home/kohjj27/my_ws/build/topic_ex_c -- -j16 -l16
[0.519s] DEBUG:colcon.colcon_core.event_handler.log_command:Invoking command in '/home/kohjj27/my_ws/build/topic_ex_c': CMAKE_PREFIX_PATH=/opt/ros/humble /usr/bin/cmake --install /home/kohjj27/my_ws/build/topic_ex_c
[0.524s] DEBUG:colcon.colcon_core.event_handler.log_command:Invoked command in '/home/kohjj27/my_ws/build/turtlebot3_gazebo' returned '0': CMAKE_PREFIX_PATH=/opt/ros/humble /usr/bin/cmake --build /home/kohjj27/my_ws/build/turtlebot3_gazebo -- -j16 -l16
[0.526s] DEBUG:colcon.colcon_core.event_handler.log_command:Invoking command in '/home/kohjj27/my_ws/build/turtlebot3_gazebo': CMAKE_PREFIX_PATH=/opt/ros/humble /usr/bin/cmake --install /home/kohjj27/my_ws/build/turtlebot3_gazebo
[0.530s] Level 1:colcon.colcon_core.environment:create_environment_scripts_only(turtlebot3_fake_node)
[0.530s] DEBUG:colcon.colcon_core.event_handler.log_command:Invoked command in '/home/kohjj27/my_ws/build/turtlebot3_fake_node' returned '0': CMAKE_PREFIX_PATH=/opt/ros/humble /usr/bin/cmake --install /home/kohjj27/my_ws/build/turtlebot3_fake_node
[0.534s] Level 1:colcon.colcon_core.environment:checking '/home/kohjj27/my_ws/install/turtlebot3_fake_node' for CMake module files
[0.535s] Level 1:colcon.colcon_core.environment:checking '/home/kohjj27/my_ws/install/turtlebot3_fake_node' for CMake config files
[0.535s] Level 1:colcon.colcon_core.shell:create_environment_hook('turtlebot3_fake_node', 'cmake_prefix_path')
[0.535s] INFO:colcon.colcon_core.shell:Creating environment hook '/home/kohjj27/my_ws/install/turtlebot3_fake_node/share/turtlebot3_fake_node/hook/cmake_prefix_path.ps1'
[0.536s] INFO:colcon.colcon_core.shell:Creating environment descriptor '/home/kohjj27/my_ws/install/turtlebot3_fake_node/share/turtlebot3_fake_node/hook/cmake_prefix_path.dsv'
[0.537s] INFO:colcon.colcon_core.shell:Creating environment hook '/home/kohjj27/my_ws/install/turtlebot3_fake_node/share/turtlebot3_fake_node/hook/cmake_prefix_path.sh'
[0.539s] Level 1:colcon.colcon_core.environment:checking '/home/kohjj27/my_ws/install/turtlebot3_fake_node/lib'
[0.540s] Level 1:colcon.colcon_core.environment:checking '/home/kohjj27/my_ws/install/turtlebot3_fake_node/bin'
[0.540s] Level 1:colcon.colcon_core.environment:checking '/home/kohjj27/my_ws/install/turtlebot3_fake_node/lib/pkgconfig/turtlebot3_fake_node.pc'
[0.540s] Level 1:colcon.colcon_core.environment:checking '/home/kohjj27/my_ws/install/turtlebot3_fake_node/lib/python3.10/site-packages'
[0.541s] Level 1:colcon.colcon_core.environment:checking '/home/kohjj27/my_ws/install/turtlebot3_fake_node/bin'
[0.541s] INFO:colcon.colcon_core.shell:Creating package script '/home/kohjj27/my_ws/install/turtlebot3_fake_node/share/turtlebot3_fake_node/package.ps1'
[0.543s] INFO:colcon.colcon_core.shell:Creating package descriptor '/home/kohjj27/my_ws/install/turtlebot3_fake_node/share/turtlebot3_fake_node/package.dsv'
[0.545s] INFO:colcon.colcon_core.shell:Creating package script '/home/kohjj27/my_ws/install/turtlebot3_fake_node/share/turtlebot3_fake_node/package.sh'
[0.548s] INFO:colcon.colcon_core.shell:Creating package script '/home/kohjj27/my_ws/install/turtlebot3_fake_node/share/turtlebot3_fake_node/package.bash'
[0.550s] INFO:colcon.colcon_core.shell:Creating package script '/home/kohjj27/my_ws/install/turtlebot3_fake_node/share/turtlebot3_fake_node/package.zsh'
[0.550s] Level 1:colcon.colcon_core.environment:create_file_with_runtime_dependencies(/home/kohjj27/my_ws/install/turtlebot3_fake_node/share/colcon-core/packages/turtlebot3_fake_node)
[0.551s] Level 1:colcon.colcon_core.environment:create_environment_scripts_only(turtlebot3_fake_node)
[0.551s] Level 1:colcon.colcon_core.environment:checking '/home/kohjj27/my_ws/install/turtlebot3_fake_node' for CMake module files
[0.552s] Level 1:colcon.colcon_core.environment:checking '/home/kohjj27/my_ws/install/turtlebot3_fake_node' for CMake config files
[0.552s] Level 1:colcon.colcon_core.shell:create_environment_hook('turtlebot3_fake_node', 'cmake_prefix_path')
[0.552s] INFO:colcon.colcon_core.shell:Creating environment hook '/home/kohjj27/my_ws/install/turtlebot3_fake_node/share/turtlebot3_fake_node/hook/cmake_prefix_path.ps1'
[0.553s] INFO:colcon.colcon_core.shell:Creating environment descriptor '/home/kohjj27/my_ws/install/turtlebot3_fake_node/share/turtlebot3_fake_node/hook/cmake_prefix_path.dsv'
[0.553s] INFO:colcon.colcon_core.shell:Creating environment hook '/home/kohjj27/my_ws/install/turtlebot3_fake_node/share/turtlebot3_fake_node/hook/cmake_prefix_path.sh'
[0.554s] Level 1:colcon.colcon_core.environment:checking '/home/kohjj27/my_ws/install/turtlebot3_fake_node/lib'
[0.554s] Level 1:colcon.colcon_core.environment:checking '/home/kohjj27/my_ws/install/turtlebot3_fake_node/bin'
[0.554s] Level 1:colcon.colcon_core.environment:checking '/home/kohjj27/my_ws/install/turtlebot3_fake_node/lib/pkgconfig/turtlebot3_fake_node.pc'
[0.554s] Level 1:colcon.colcon_core.environment:checking '/home/kohjj27/my_ws/install/turtlebot3_fake_node/lib/python3.10/site-packages'
[0.554s] Level 1:colcon.colcon_core.environment:checking '/home/kohjj27/my_ws/install/turtlebot3_fake_node/bin'
[0.554s] INFO:colcon.colcon_core.shell:Creating package script '/home/kohjj27/my_ws/install/turtlebot3_fake_node/share/turtlebot3_fake_node/package.ps1'
[0.555s] INFO:colcon.colcon_core.shell:Creating package descriptor '/home/kohjj27/my_ws/install/turtlebot3_fake_node/share/turtlebot3_fake_node/package.dsv'
[0.555s] INFO:colcon.colcon_core.shell:Creating package script '/home/kohjj27/my_ws/install/turtlebot3_fake_node/share/turtlebot3_fake_node/package.sh'
[0.556s] INFO:colcon.colcon_core.shell:Creating package script '/home/kohjj27/my_ws/install/turtlebot3_fake_node/share/turtlebot3_fake_node/package.bash'
[0.556s] INFO:colcon.colcon_core.shell:Creating package script '/home/kohjj27/my_ws/install/turtlebot3_fake_node/share/turtlebot3_fake_node/package.zsh'
[0.557s] Level 1:colcon.colcon_core.environment:create_file_with_runtime_dependencies(/home/kohjj27/my_ws/install/turtlebot3_fake_node/share/colcon-core/packages/turtlebot3_fake_node)
[0.558s] Level 1:colcon.colcon_core.environment:create_environment_scripts_only(topic_ex_c)
[0.558s] Level 1:colcon.colcon_core.environment:checking '/home/kohjj27/my_ws/install/topic_ex_c' for CMake module files
[0.559s] DEBUG:colcon.colcon_core.event_handler.log_command:Invoked command in '/home/kohjj27/my_ws/build/topic_ex_c' returned '0': CMAKE_PREFIX_PATH=/opt/ros/humble /usr/bin/cmake --install /home/kohjj27/my_ws/build/topic_ex_c
[0.559s] Level 1:colcon.colcon_core.environment:checking '/home/kohjj27/my_ws/install/topic_ex_c' for CMake config files
[0.559s] Level 1:colcon.colcon_core.shell:create_environment_hook('topic_ex_c', 'cmake_prefix_path')
[0.560s] INFO:colcon.colcon_core.shell:Creating environment hook '/home/kohjj27/my_ws/install/topic_ex_c/share/topic_ex_c/hook/cmake_prefix_path.ps1'
[0.560s] INFO:colcon.colcon_core.shell:Creating environment descriptor '/home/kohjj27/my_ws/install/topic_ex_c/share/topic_ex_c/hook/cmake_prefix_path.dsv'
[0.560s] INFO:colcon.colcon_core.shell:Creating environment hook '/home/kohjj27/my_ws/install/topic_ex_c/share/topic_ex_c/hook/cmake_prefix_path.sh'
[0.561s] Level 1:colcon.colcon_core.environment:checking '/home/kohjj27/my_ws/install/topic_ex_c/lib'
[0.561s] Level 1:colcon.colcon_core.environment:checking '/home/kohjj27/my_ws/install/topic_ex_c/bin'
[0.561s] Level 1:colcon.colcon_core.environment:checking '/home/kohjj27/my_ws/install/topic_ex_c/lib/pkgconfig/topic_ex_c.pc'
[0.561s] Level 1:colcon.colcon_core.environment:checking '/home/kohjj27/my_ws/install/topic_ex_c/lib/python3.10/site-packages'
[0.561s] Level 1:colcon.colcon_core.environment:checking '/home/kohjj27/my_ws/install/topic_ex_c/bin'
[0.562s] INFO:colcon.colcon_core.shell:Creating package script '/home/kohjj27/my_ws/install/topic_ex_c/share/topic_ex_c/package.ps1'
[0.562s] INFO:colcon.colcon_core.shell:Creating package descriptor '/home/kohjj27/my_ws/install/topic_ex_c/share/topic_ex_c/package.dsv'
[0.563s] INFO:colcon.colcon_core.shell:Creating package script '/home/kohjj27/my_ws/install/topic_ex_c/share/topic_ex_c/package.sh'
[0.563s] INFO:colcon.colcon_core.shell:Creating package script '/home/kohjj27/my_ws/install/topic_ex_c/share/topic_ex_c/package.bash'
[0.563s] INFO:colcon.colcon_core.shell:Creating package script '/home/kohjj27/my_ws/install/topic_ex_c/share/topic_ex_c/package.zsh'
[0.564s] Level 1:colcon.colcon_core.environment:create_file_with_runtime_dependencies(/home/kohjj27/my_ws/install/topic_ex_c/share/colcon-core/packages/topic_ex_c)
[0.564s] Level 1:colcon.colcon_core.environment:create_environment_scripts_only(topic_ex_c)
[0.564s] Level 1:colcon.colcon_core.environment:checking '/home/kohjj27/my_ws/install/topic_ex_c' for CMake module files
[0.565s] Level 1:colcon.colcon_core.environment:checking '/home/kohjj27/my_ws/install/topic_ex_c' for CMake config files
[0.565s] Level 1:colcon.colcon_core.shell:create_environment_hook('topic_ex_c', 'cmake_prefix_path')
[0.565s] INFO:colcon.colcon_core.shell:Creating environment hook '/home/kohjj27/my_ws/install/topic_ex_c/share/topic_ex_c/hook/cmake_prefix_path.ps1'
[0.565s] INFO:colcon.colcon_core.shell:Creating environment descriptor '/home/kohjj27/my_ws/install/topic_ex_c/share/topic_ex_c/hook/cmake_prefix_path.dsv'
[0.566s] INFO:colcon.colcon_core.shell:Creating environment hook '/home/kohjj27/my_ws/install/topic_ex_c/share/topic_ex_c/hook/cmake_prefix_path.sh'
[0.566s] Level 1:colcon.colcon_core.environment:checking '/home/kohjj27/my_ws/install/topic_ex_c/lib'
[0.566s] Level 1:colcon.colcon_core.environment:checking '/home/kohjj27/my_ws/install/topic_ex_c/bin'
[0.566s] Level 1:colcon.colcon_core.environment:checking '/home/kohjj27/my_ws/install/topic_ex_c/lib/pkgconfig/topic_ex_c.pc'
[0.567s] Level 1:colcon.colcon_core.environment:checking '/home/kohjj27/my_ws/install/topic_ex_c/lib/python3.10/site-packages'
[0.567s] Level 1:colcon.colcon_core.environment:checking '/home/kohjj27/my_ws/install/topic_ex_c/bin'
[0.567s] INFO:colcon.colcon_core.shell:Creating package script '/home/kohjj27/my_ws/install/topic_ex_c/share/topic_ex_c/package.ps1'
[0.567s] INFO:colcon.colcon_core.shell:Creating package descriptor '/home/kohjj27/my_ws/install/topic_ex_c/share/topic_ex_c/package.dsv'
[0.568s] INFO:colcon.colcon_core.shell:Creating package script '/home/kohjj27/my_ws/install/topic_ex_c/share/topic_ex_c/package.sh'
[0.568s] INFO:colcon.colcon_core.shell:Creating package script '/home/kohjj27/my_ws/install/topic_ex_c/share/topic_ex_c/package.bash'
[0.569s] INFO:colcon.colcon_core.shell:Creating package script '/home/kohjj27/my_ws/install/topic_ex_c/share/topic_ex_c/package.zsh'
[0.569s] Level 1:colcon.colcon_core.environment:create_file_with_runtime_dependencies(/home/kohjj27/my_ws/install/topic_ex_c/share/colcon-core/packages/topic_ex_c)
[0.570s] Level 1:colcon.colcon_core.environment:create_environment_scripts_only(turtlebot3_gazebo)
[0.570s] Level 1:colcon.colcon_core.environment:checking '/home/kohjj27/my_ws/install/turtlebot3_gazebo' for CMake module files
[0.571s] DEBUG:colcon.colcon_core.event_handler.log_command:Invoked command in '/home/kohjj27/my_ws/build/turtlebot3_gazebo' returned '0': CMAKE_PREFIX_PATH=/opt/ros/humble /usr/bin/cmake --install /home/kohjj27/my_ws/build/turtlebot3_gazebo
[0.571s] Level 1:colcon.colcon_core.environment:checking '/home/kohjj27/my_ws/install/turtlebot3_gazebo' for CMake config files
[0.571s] Level 1:colcon.colcon_core.shell:create_environment_hook('turtlebot3_gazebo', 'cmake_prefix_path')
[0.571s] INFO:colcon.colcon_core.shell:Creating environment hook '/home/kohjj27/my_ws/install/turtlebot3_gazebo/share/turtlebot3_gazebo/hook/cmake_prefix_path.ps1'
[0.572s] INFO:colcon.colcon_core.shell:Creating environment descriptor '/home/kohjj27/my_ws/install/turtlebot3_gazebo/share/turtlebot3_gazebo/hook/cmake_prefix_path.dsv'
[0.572s] INFO:colcon.colcon_core.shell:Creating environment hook '/home/kohjj27/my_ws/install/turtlebot3_gazebo/share/turtlebot3_gazebo/hook/cmake_prefix_path.sh'
[0.573s] Level 1:colcon.colcon_core.environment:checking '/home/kohjj27/my_ws/install/turtlebot3_gazebo/lib'
[0.573s] Level 1:colcon.colcon_core.environment:checking '/home/kohjj27/my_ws/install/turtlebot3_gazebo/bin'
[0.573s] Level 1:colcon.colcon_core.environment:checking '/home/kohjj27/my_ws/install/turtlebot3_gazebo/lib/pkgconfig/turtlebot3_gazebo.pc'
[0.573s] Level 1:colcon.colcon_core.environment:checking '/home/kohjj27/my_ws/install/turtlebot3_gazebo/lib/python3.10/site-packages'
[0.573s] Level 1:colcon.colcon_core.environment:checking '/home/kohjj27/my_ws/install/turtlebot3_gazebo/bin'
[0.573s] INFO:colcon.colcon_core.shell:Creating package script '/home/kohjj27/my_ws/install/turtlebot3_gazebo/share/turtlebot3_gazebo/package.ps1'
[0.574s] INFO:colcon.colcon_core.shell:Creating package descriptor '/home/kohjj27/my_ws/install/turtlebot3_gazebo/share/turtlebot3_gazebo/package.dsv'
[0.574s] INFO:colcon.colcon_core.shell:Creating package script '/home/kohjj27/my_ws/install/turtlebot3_gazebo/share/turtlebot3_gazebo/package.sh'
[0.575s] INFO:colcon.colcon_core.shell:Creating package script '/home/kohjj27/my_ws/install/turtlebot3_gazebo/share/turtlebot3_gazebo/package.bash'
[0.575s] INFO:colcon.colcon_core.shell:Creating package script '/home/kohjj27/my_ws/install/turtlebot3_gazebo/share/turtlebot3_gazebo/package.zsh'
[0.575s] Level 1:colcon.colcon_core.environment:create_file_with_runtime_dependencies(/home/kohjj27/my_ws/install/turtlebot3_gazebo/share/colcon-core/packages/turtlebot3_gazebo)
[0.576s] Level 1:colcon.colcon_core.environment:create_environment_scripts_only(turtlebot3_gazebo)
[0.576s] Level 1:colcon.colcon_core.environment:checking '/home/kohjj27/my_ws/install/turtlebot3_gazebo' for CMake module files
[0.577s] Level 1:colcon.colcon_core.environment:checking '/home/kohjj27/my_ws/install/turtlebot3_gazebo' for CMake config files
[0.577s] Level 1:colcon.colcon_core.shell:create_environment_hook('turtlebot3_gazebo', 'cmake_prefix_path')
[0.577s] INFO:colcon.colcon_core.shell:Creating environment hook '/home/kohjj27/my_ws/install/turtlebot3_gazebo/share/turtlebot3_gazebo/hook/cmake_prefix_path.ps1'
[0.577s] INFO:colcon.colcon_core.shell:Creating environment descriptor '/home/kohjj27/my_ws/install/turtlebot3_gazebo/share/turtlebot3_gazebo/hook/cmake_prefix_path.dsv'
[0.578s] INFO:colcon.colcon_core.shell:Creating environment hook '/home/kohjj27/my_ws/install/turtlebot3_gazebo/share/turtlebot3_gazebo/hook/cmake_prefix_path.sh'
[0.578s] Level 1:colcon.colcon_core.environment:checking '/home/kohjj27/my_ws/install/turtlebot3_gazebo/lib'
[0.578s] Level 1:colcon.colcon_core.environment:checking '/home/kohjj27/my_ws/install/turtlebot3_gazebo/bin'
[0.578s] Level 1:colcon.colcon_core.environment:checking '/home/kohjj27/my_ws/install/turtlebot3_gazebo/lib/pkgconfig/turtlebot3_gazebo.pc'
[0.579s] Level 1:colcon.colcon_core.environment:checking '/home/kohjj27/my_ws/install/turtlebot3_gazebo/lib/python3.10/site-packages'
[0.579s] Level 1:colcon.colcon_core.environment:checking '/home/kohjj27/my_ws/install/turtlebot3_gazebo/bin'
[0.579s] INFO:colcon.colcon_core.shell:Creating package script '/home/kohjj27/my_ws/install/turtlebot3_gazebo/share/turtlebot3_gazebo/package.ps1'
[0.580s] INFO:colcon.colcon_core.shell:Creating package descriptor '/home/kohjj27/my_ws/install/turtlebot3_gazebo/share/turtlebot3_gazebo/package.dsv'
[0.580s] INFO:colcon.colcon_core.shell:Creating package script '/home/kohjj27/my_ws/install/turtlebot3_gazebo/share/turtlebot3_gazebo/package.sh'
[0.581s] INFO:colcon.colcon_core.shell:Creating package script '/home/kohjj27/my_ws/install/turtlebot3_gazebo/share/turtlebot3_gazebo/package.bash'
[0.581s] INFO:colcon.colcon_core.shell:Creating package script '/home/kohjj27/my_ws/install/turtlebot3_gazebo/share/turtlebot3_gazebo/package.zsh'
[0.582s] Level 1:colcon.colcon_core.environment:create_file_with_runtime_dependencies(/home/kohjj27/my_ws/install/turtlebot3_gazebo/share/colcon-core/packages/turtlebot3_gazebo)
[0.582s] INFO:colcon.colcon_ros.task.ament_cmake.build:Building ROS package in '/home/kohjj27/my_ws/src/turtlebot3_simulations/turtlebot3_simulations' with build type 'ament_cmake'
[0.583s] INFO:colcon.colcon_cmake.task.cmake.build:Building CMake package in '/home/kohjj27/my_ws/src/turtlebot3_simulations/turtlebot3_simulations'
[0.583s] INFO:colcon.colcon_core.shell:Skip shell extension 'powershell' for command environment: Not usable outside of PowerShell
[0.583s] DEBUG:colcon.colcon_core.shell:Skip shell extension 'dsv' for command environment
[0.594s] DEBUG:colcon.colcon_core.event_handler.log_command:Invoking command in '/home/kohjj27/my_ws/build/turtlebot3_simulations': AMENT_PREFIX_PATH=/home/kohjj27/my_ws/install/turtlebot3_gazebo:/home/kohjj27/my_ws/install/turtlebot3_fake_node:${AMENT_PREFIX_PATH} CMAKE_PREFIX_PATH=/home/kohjj27/my_ws/install/turtlebot3_gazebo:/home/kohjj27/my_ws/install/turtlebot3_fake_node:/opt/ros/humble /usr/bin/cmake --build /home/kohjj27/my_ws/build/turtlebot3_simulations -- -j16 -l16
[0.646s] DEBUG:colcon.colcon_core.event_handler.log_command:Invoked command in '/home/kohjj27/my_ws/build/turtlebot3_simulations' returned '0': AMENT_PREFIX_PATH=/home/kohjj27/my_ws/install/turtlebot3_gazebo:/home/kohjj27/my_ws/install/turtlebot3_fake_node:${AMENT_PREFIX_PATH} CMAKE_PREFIX_PATH=/home/kohjj27/my_ws/install/turtlebot3_gazebo:/home/kohjj27/my_ws/install/turtlebot3_fake_node:/opt/ros/humble /usr/bin/cmake --build /home/kohjj27/my_ws/build/turtlebot3_simulations -- -j16 -l16
[0.648s] DEBUG:colcon.colcon_core.event_handler.log_command:Invoking command in '/home/kohjj27/my_ws/build/turtlebot3_simulations': AMENT_PREFIX_PATH=/home/kohjj27/my_ws/install/turtlebot3_gazebo:/home/kohjj27/my_ws/install/turtlebot3_fake_node:${AMENT_PREFIX_PATH} CMAKE_PREFIX_PATH=/home/kohjj27/my_ws/install/turtlebot3_gazebo:/home/kohjj27/my_ws/install/turtlebot3_fake_node:/opt/ros/humble /usr/bin/cmake --install /home/kohjj27/my_ws/build/turtlebot3_simulations
[0.661s] Level 1:colcon.colcon_core.environment:create_environment_scripts_only(turtlebot3_simulations)
[0.661s] DEBUG:colcon.colcon_core.event_handler.log_command:Invoked command in '/home/kohjj27/my_ws/build/turtlebot3_simulations' returned '0': AMENT_PREFIX_PATH=/home/kohjj27/my_ws/install/turtlebot3_gazebo:/home/kohjj27/my_ws/install/turtlebot3_fake_node:${AMENT_PREFIX_PATH} CMAKE_PREFIX_PATH=/home/kohjj27/my_ws/install/turtlebot3_gazebo:/home/kohjj27/my_ws/install/turtlebot3_fake_node:/opt/ros/humble /usr/bin/cmake --install /home/kohjj27/my_ws/build/turtlebot3_simulations
[0.661s] Level 1:colcon.colcon_core.environment:checking '/home/kohjj27/my_ws/install/turtlebot3_simulations' for CMake module files
[0.662s] Level 1:colcon.colcon_core.environment:checking '/home/kohjj27/my_ws/install/turtlebot3_simulations' for CMake config files
[0.662s] Level 1:colcon.colcon_core.shell:create_environment_hook('turtlebot3_simulations', 'cmake_prefix_path')
[0.662s] INFO:colcon.colcon_core.shell:Creating environment hook '/home/kohjj27/my_ws/install/turtlebot3_simulations/share/turtlebot3_simulations/hook/cmake_prefix_path.ps1'
[0.663s] INFO:colcon.colcon_core.shell:Creating environment descriptor '/home/kohjj27/my_ws/install/turtlebot3_simulations/share/turtlebot3_simulations/hook/cmake_prefix_path.dsv'
[0.663s] INFO:colcon.colcon_core.shell:Creating environment hook '/home/kohjj27/my_ws/install/turtlebot3_simulations/share/turtlebot3_simulations/hook/cmake_prefix_path.sh'
[0.664s] Level 1:colcon.colcon_core.environment:checking '/home/kohjj27/my_ws/install/turtlebot3_simulations/bin'
[0.664s] Level 1:colcon.colcon_core.environment:checking '/home/kohjj27/my_ws/install/turtlebot3_simulations/lib/pkgconfig/turtlebot3_simulations.pc'
[0.664s] Level 1:colcon.colcon_core.environment:checking '/home/kohjj27/my_ws/install/turtlebot3_simulations/lib/python3.10/site-packages'
[0.664s] Level 1:colcon.colcon_core.environment:checking '/home/kohjj27/my_ws/install/turtlebot3_simulations/bin'
[0.665s] INFO:colcon.colcon_core.shell:Creating package script '/home/kohjj27/my_ws/install/turtlebot3_simulations/share/turtlebot3_simulations/package.ps1'
[0.665s] INFO:colcon.colcon_core.shell:Creating package descriptor '/home/kohjj27/my_ws/install/turtlebot3_simulations/share/turtlebot3_simulations/package.dsv'
[0.665s] INFO:colcon.colcon_core.shell:Creating package script '/home/kohjj27/my_ws/install/turtlebot3_simulations/share/turtlebot3_simulations/package.sh'
[0.666s] INFO:colcon.colcon_core.shell:Creating package script '/home/kohjj27/my_ws/install/turtlebot3_simulations/share/turtlebot3_simulations/package.bash'
[0.666s] INFO:colcon.colcon_core.shell:Creating package script '/home/kohjj27/my_ws/install/turtlebot3_simulations/share/turtlebot3_simulations/package.zsh'
[0.666s] Level 1:colcon.colcon_core.environment:create_file_with_runtime_dependencies(/home/kohjj27/my_ws/install/turtlebot3_simulations/share/colcon-core/packages/turtlebot3_simulations)
[0.667s] Level 1:colcon.colcon_core.environment:create_environment_scripts_only(turtlebot3_simulations)
[0.667s] Level 1:colcon.colcon_core.environment:checking '/home/kohjj27/my_ws/install/turtlebot3_simulations' for CMake module files
[0.668s] Level 1:colcon.colcon_core.environment:checking '/home/kohjj27/my_ws/install/turtlebot3_simulations' for CMake config files
[0.668s] Level 1:colcon.colcon_core.shell:create_environment_hook('turtlebot3_simulations', 'cmake_prefix_path')
[0.668s] INFO:colcon.colcon_core.shell:Creating environment hook '/home/kohjj27/my_ws/install/turtlebot3_simulations/share/turtlebot3_simulations/hook/cmake_prefix_path.ps1'
[0.668s] INFO:colcon.colcon_core.shell:Creating environment descriptor '/home/kohjj27/my_ws/install/turtlebot3_simulations/share/turtlebot3_simulations/hook/cmake_prefix_path.dsv'
[0.669s] INFO:colcon.colcon_core.shell:Creating environment hook '/home/kohjj27/my_ws/install/turtlebot3_simulations/share/turtlebot3_simulations/hook/cmake_prefix_path.sh'
[0.669s] Level 1:colcon.colcon_core.environment:checking '/home/kohjj27/my_ws/install/turtlebot3_simulations/bin'
[0.669s] Level 1:colcon.colcon_core.environment:checking '/home/kohjj27/my_ws/install/turtlebot3_simulations/lib/pkgconfig/turtlebot3_simulations.pc'
[0.669s] Level 1:colcon.colcon_core.environment:checking '/home/kohjj27/my_ws/install/turtlebot3_simulations/lib/python3.10/site-packages'
[0.670s] Level 1:colcon.colcon_core.environment:checking '/home/kohjj27/my_ws/install/turtlebot3_simulations/bin'
[0.670s] INFO:colcon.colcon_core.shell:Creating package script '/home/kohjj27/my_ws/install/turtlebot3_simulations/share/turtlebot3_simulations/package.ps1'
[0.670s] INFO:colcon.colcon_core.shell:Creating package descriptor '/home/kohjj27/my_ws/install/turtlebot3_simulations/share/turtlebot3_simulations/package.dsv'
[0.671s] INFO:colcon.colcon_core.shell:Creating package script '/home/kohjj27/my_ws/install/turtlebot3_simulations/share/turtlebot3_simulations/package.sh'
[0.671s] INFO:colcon.colcon_core.shell:Creating package script '/home/kohjj27/my_ws/install/turtlebot3_simulations/share/turtlebot3_simulations/package.bash'
[0.672s] INFO:colcon.colcon_core.shell:Creating package script '/home/kohjj27/my_ws/install/turtlebot3_simulations/share/turtlebot3_simulations/package.zsh'
[0.672s] Level 1:colcon.colcon_core.environment:create_file_with_runtime_dependencies(/home/kohjj27/my_ws/install/turtlebot3_simulations/share/colcon-core/packages/turtlebot3_simulations)
[3.818s] DEBUG:colcon.colcon_core.event_handler.log_command:Invoked command in '/home/kohjj27/my_ws/build/wanderbot' returned '2': CMAKE_PREFIX_PATH=/opt/ros/humble /usr/bin/cmake --build /home/kohjj27/my_ws/build/wanderbot -- -j16 -l16
[3.818s] Level 1:colcon.colcon_core.environment:create_environment_scripts_only(wanderbot)
[3.819s] Level 1:colcon.colcon_core.environment:checking '/home/kohjj27/my_ws/install/wanderbot' for CMake module files
[3.819s] Level 1:colcon.colcon_core.environment:checking '/home/kohjj27/my_ws/install/wanderbot' for CMake config files
[3.819s] Level 1:colcon.colcon_core.shell:create_environment_hook('wanderbot', 'cmake_prefix_path')
[3.819s] INFO:colcon.colcon_core.shell:Creating environment hook '/home/kohjj27/my_ws/install/wanderbot/share/wanderbot/hook/cmake_prefix_path.ps1'
[3.820s] INFO:colcon.colcon_core.shell:Creating environment descriptor '/home/kohjj27/my_ws/install/wanderbot/share/wanderbot/hook/cmake_prefix_path.dsv'
[3.820s] INFO:colcon.colcon_core.shell:Creating environment hook '/home/kohjj27/my_ws/install/wanderbot/share/wanderbot/hook/cmake_prefix_path.sh'
[3.821s] Level 1:colcon.colcon_core.environment:checking '/home/kohjj27/my_ws/install/wanderbot/lib'
[3.821s] Level 1:colcon.colcon_core.environment:checking '/home/kohjj27/my_ws/install/wanderbot/bin'
[3.821s] Level 1:colcon.colcon_core.environment:checking '/home/kohjj27/my_ws/install/wanderbot/lib/pkgconfig/wanderbot.pc'
[3.821s] Level 1:colcon.colcon_core.environment:checking '/home/kohjj27/my_ws/install/wanderbot/lib/python3.10/site-packages'
[3.821s] Level 1:colcon.colcon_core.environment:checking '/home/kohjj27/my_ws/install/wanderbot/bin'
[3.822s] INFO:colcon.colcon_core.shell:Creating package script '/home/kohjj27/my_ws/install/wanderbot/share/wanderbot/package.ps1'
[3.822s] INFO:colcon.colcon_core.shell:Creating package descriptor '/home/kohjj27/my_ws/install/wanderbot/share/wanderbot/package.dsv'
[3.823s] INFO:colcon.colcon_core.shell:Creating package script '/home/kohjj27/my_ws/install/wanderbot/share/wanderbot/package.sh'
[3.823s] INFO:colcon.colcon_core.shell:Creating package script '/home/kohjj27/my_ws/install/wanderbot/share/wanderbot/package.bash'
[3.823s] INFO:colcon.colcon_core.shell:Creating package script '/home/kohjj27/my_ws/install/wanderbot/share/wanderbot/package.zsh'
[3.824s] Level 1:colcon.colcon_core.environment:create_file_with_runtime_dependencies(/home/kohjj27/my_ws/install/wanderbot/share/colcon-core/packages/wanderbot)
[3.834s] DEBUG:colcon.colcon_parallel_executor.executor.parallel:closing loop
[3.834s] DEBUG:colcon.colcon_parallel_executor.executor.parallel:loop closed
[3.835s] DEBUG:colcon.colcon_parallel_executor.executor.parallel:run_until_complete finished with '2'
[3.835s] DEBUG:colcon.colcon_core.event_reactor:joining thread
[3.841s] INFO:colcon.colcon_core.plugin_system:Skipping extension 'colcon_notification.desktop_notification.terminal_notifier': Not used on non-Darwin systems
[3.841s] INFO:colcon.colcon_core.plugin_system:Skipping extension 'colcon_notification.desktop_notification.win32': Not used on non-Windows systems
[3.841s] INFO:colcon.colcon_notification.desktop_notification:Sending desktop notification using 'notify2'
[3.852s] DEBUG:colcon.colcon_core.event_reactor:joined thread
[3.852s] INFO:colcon.colcon_core.shell:Creating prefix script '/home/kohjj27/my_ws/install/local_setup.ps1'
[3.853s] INFO:colcon.colcon_core.shell:Creating prefix util module '/home/kohjj27/my_ws/install/_local_setup_util_ps1.py'
[3.855s] INFO:colcon.colcon_core.shell:Creating prefix chain script '/home/kohjj27/my_ws/install/setup.ps1'
[3.856s] INFO:colcon.colcon_core.shell:Creating prefix script '/home/kohjj27/my_ws/install/local_setup.sh'
[3.856s] INFO:colcon.colcon_core.shell:Creating prefix util module '/home/kohjj27/my_ws/install/_local_setup_util_sh.py'
[3.857s] INFO:colcon.colcon_core.shell:Creating prefix chain script '/home/kohjj27/my_ws/install/setup.sh'
[3.858s] INFO:colcon.colcon_core.shell:Creating prefix script '/home/kohjj27/my_ws/install/local_setup.bash'
[3.858s] INFO:colcon.colcon_core.shell:Creating prefix chain script '/home/kohjj27/my_ws/install/setup.bash'
[3.859s] INFO:colcon.colcon_core.shell:Creating prefix script '/home/kohjj27/my_ws/install/local_setup.zsh'
[3.860s] INFO:colcon.colcon_core.shell:Creating prefix chain script '/home/kohjj27/my_ws/install/setup.zsh'
