-- Found ament_cmake: 1.3.11 (/opt/ros/humble/share/ament_cmake/cmake)
-- Override CMake install command with custom implementation using symlinks instead of copying resources
-- Found rclcpp: 16.0.12 (/opt/ros/humble/share/rclcpp/cmake)
-- Found rosidl_generator_c: 3.1.6 (/opt/ros/humble/share/rosidl_generator_c/cmake)
-- Found rosidl_adapter: 3.1.6 (/opt/ros/humble/share/rosidl_adapter/cmake)
-- Found rosidl_generator_cpp: 3.1.6 (/opt/ros/humble/share/rosidl_generator_cpp/cmake)
-- Using all available rosidl_typesupport_c: rosidl_typesupport_fastrtps_c;rosidl_typesupport_introspection_c
-- Using all available rosidl_typesupport_cpp: rosidl_typesupport_fastrtps_cpp;rosidl_typesupport_introspection_cpp
-- Found rmw_implementation_cmake: 6.1.2 (/opt/ros/humble/share/rmw_implementation_cmake/cmake)
-- Found rmw_fastrtps_cpp: 6.2.7 (/opt/ros/humble/share/rmw_fastrtps_cpp/cmake)
-- Using RMW implementation 'rmw_fastrtps_cpp' as default
-- Found ament_lint_auto: 0.12.12 (/opt/ros/humble/share/ament_lint_auto/cmake)
-- Added test 'cppcheck' to perform static code analysis on C / C++ code
-- Configured cppcheck include dirs: 
-- Configured cppcheck exclude dirs and/or files: 
-- Added test 'lint_cmake' to check CMake code style
-- Added test 'uncrustify' to check C / C++ code style
-- Configured uncrustify additional arguments: 
-- Added test 'xmllint' to check XML markup files
-- Configuring done
-- Generating done
-- Build files have been written to: /home/kohjj27/my_ws/build/topic_ex_c
[35m[1mConsolidate compiler generated dependencies of target topic_pub[0m
[35m[1mConsolidate compiler generated dependencies of target topic_sub[0m
[ 50%] [32m[1mLinking CXX executable topic_pub[0m
[ 50%] [32m[1mLinking CXX executable topic_sub[0m
[ 75%] Built target topic_pub
[100%] Built target topic_sub
-- Install configuration: ""
-- Execute custom install script
-- Symlinking: /home/kohjj27/my_ws/install/topic_ex_c/lib/topic_ex_c/topic_pub
-- Symlinking: /home/kohjj27/my_ws/install/topic_ex_c/lib/topic_ex_c/topic_sub
-- Symlinking: /home/kohjj27/my_ws/install/topic_ex_c/share/ament_index/resource_index/package_run_dependencies/topic_ex_c
-- Symlinking: /home/kohjj27/my_ws/install/topic_ex_c/share/ament_index/resource_index/parent_prefix_path/topic_ex_c
-- Symlinking: /home/kohjj27/my_ws/install/topic_ex_c/share/topic_ex_c/environment/ament_prefix_path.sh
-- Symlinking: /home/kohjj27/my_ws/install/topic_ex_c/share/topic_ex_c/environment/ament_prefix_path.dsv
-- Symlinking: /home/kohjj27/my_ws/install/topic_ex_c/share/topic_ex_c/environment/path.sh
-- Symlinking: /home/kohjj27/my_ws/install/topic_ex_c/share/topic_ex_c/environment/path.dsv
-- Symlinking: /home/kohjj27/my_ws/install/topic_ex_c/share/topic_ex_c/local_setup.bash
-- Symlinking: /home/kohjj27/my_ws/install/topic_ex_c/share/topic_ex_c/local_setup.sh
-- Symlinking: /home/kohjj27/my_ws/install/topic_ex_c/share/topic_ex_c/local_setup.zsh
-- Symlinking: /home/kohjj27/my_ws/install/topic_ex_c/share/topic_ex_c/local_setup.dsv
-- Symlinking: /home/kohjj27/my_ws/install/topic_ex_c/share/topic_ex_c/package.dsv
-- Symlinking: /home/kohjj27/my_ws/install/topic_ex_c/share/ament_index/resource_index/packages/topic_ex_c
-- Symlinking: /home/kohjj27/my_ws/install/topic_ex_c/share/topic_ex_c/cmake/topic_ex_cConfig.cmake
-- Symlinking: /home/kohjj27/my_ws/install/topic_ex_c/share/topic_ex_c/cmake/topic_ex_cConfig-version.cmake
-- Symlinking: /home/kohjj27/my_ws/install/topic_ex_c/share/topic_ex_c/package.xml
