[0.121s] DEBUG:colcon:Command line arguments: ['/usr/bin/colcon', 'build']
[0.121s] DEBUG:colcon:Parsed command line arguments: Namespace(log_base=None, log_level=None, verb_name='build', build_base='build', install_base='install', merge_install=False, symlink_install=False, test_result_base=None, continue_on_error=False, executor='parallel', parallel_workers=16, event_handlers=None, ignore_user_meta=False, metas=['./colcon.meta'], base_paths=['.'], packages_ignore=None, packages_ignore_regex=None, paths=None, packages_up_to=None, packages_up_to_regex=None, packages_above=None, packages_above_and_dependencies=None, packages_above_depth=None, packages_select_by_dep=None, packages_skip_by_dep=None, packages_skip_up_to=None, packages_select_build_failed=False, packages_skip_build_finished=False, packages_select_test_failures=False, packages_skip_test_passed=False, packages_select=None, packages_skip=None, packages_select_regex=None, packages_skip_regex=None, packages_start=None, packages_end=None, allow_overriding=[], cmake_args=None, cmake_target=None, cmake_target_skip_unavailable=False, cmake_clean_cache=False, cmake_clean_first=False, cmake_force_configure=False, ament_cmake_args=None, catkin_cmake_args=None, catkin_skip_building_tests=False, mixin_files=None, mixin=None, verb_parser=<colcon_mixin.mixin.mixin_argument.MixinArgumentDecorator object at 0x73b3baa15b70>, verb_extension=<colcon_core.verb.build.BuildVerb object at 0x73b3babdb010>, main=<bound method BuildVerb.main of <colcon_core.verb.build.BuildVerb object at 0x73b3babdb010>>, mixin_verb=('build',))
[0.296s] Level 1:colcon.colcon_core.package_discovery:discover_packages(colcon_meta) check parameters
[0.296s] Level 1:colcon.colcon_core.package_discovery:discover_packages(recursive) check parameters
[0.296s] Level 1:colcon.colcon_core.package_discovery:discover_packages(ignore) check parameters
[0.296s] Level 1:colcon.colcon_core.package_discovery:discover_packages(path) check parameters
[0.296s] Level 1:colcon.colcon_core.package_discovery:discover_packages(colcon_meta) discover
[0.296s] Level 1:colcon.colcon_core.package_discovery:discover_packages(recursive) discover
[0.296s] INFO:colcon.colcon_core.package_discovery:Crawling recursively for packages in '/home/kohjj27/my_ws'
[0.296s] Level 1:colcon.colcon_core.package_identification:_identify(.) by extensions ['ignore', 'ignore_ament_install']
[0.296s] Level 1:colcon.colcon_core.package_identification:_identify(.) by extension 'ignore'
[0.296s] Level 1:colcon.colcon_core.package_identification:_identify(.) by extension 'ignore_ament_install'
[0.296s] Level 1:colcon.colcon_core.package_identification:_identify(.) by extensions ['colcon_pkg']
[0.296s] Level 1:colcon.colcon_core.package_identification:_identify(.) by extension 'colcon_pkg'
[0.296s] Level 1:colcon.colcon_core.package_identification:_identify(.) by extensions ['colcon_meta']
[0.296s] Level 1:colcon.colcon_core.package_identification:_identify(.) by extension 'colcon_meta'
[0.296s] Level 1:colcon.colcon_core.package_identification:_identify(.) by extensions ['ros']
[0.296s] Level 1:colcon.colcon_core.package_identification:_identify(.) by extension 'ros'
[0.307s] Level 1:colcon.colcon_core.package_identification:_identify(.) by extensions ['cmake', 'python']
[0.307s] Level 1:colcon.colcon_core.package_identification:_identify(.) by extension 'cmake'
[0.307s] Level 1:colcon.colcon_core.package_identification:_identify(.) by extension 'python'
[0.307s] Level 1:colcon.colcon_core.package_identification:_identify(.) by extensions ['python_setup_py']
[0.307s] Level 1:colcon.colcon_core.package_identification:_identify(.) by extension 'python_setup_py'
[0.307s] Level 1:colcon.colcon_core.package_identification:_identify(build) by extensions ['ignore', 'ignore_ament_install']
[0.307s] Level 1:colcon.colcon_core.package_identification:_identify(build) by extension 'ignore'
[0.307s] Level 1:colcon.colcon_core.package_identification:_identify(build) ignored
[0.308s] Level 1:colcon.colcon_core.package_identification:_identify(install) by extensions ['ignore', 'ignore_ament_install']
[0.308s] Level 1:colcon.colcon_core.package_identification:_identify(install) by extension 'ignore'
[0.308s] Level 1:colcon.colcon_core.package_identification:_identify(install) ignored
[0.308s] Level 1:colcon.colcon_core.package_identification:_identify(log) by extensions ['ignore', 'ignore_ament_install']
[0.308s] Level 1:colcon.colcon_core.package_identification:_identify(log) by extension 'ignore'
[0.308s] Level 1:colcon.colcon_core.package_identification:_identify(log) ignored
[0.308s] Level 1:colcon.colcon_core.package_identification:_identify(src) by extensions ['ignore', 'ignore_ament_install']
[0.308s] Level 1:colcon.colcon_core.package_identification:_identify(src) by extension 'ignore'
[0.308s] Level 1:colcon.colcon_core.package_identification:_identify(src) by extension 'ignore_ament_install'
[0.308s] Level 1:colcon.colcon_core.package_identification:_identify(src) by extensions ['colcon_pkg']
[0.308s] Level 1:colcon.colcon_core.package_identification:_identify(src) by extension 'colcon_pkg'
[0.308s] Level 1:colcon.colcon_core.package_identification:_identify(src) by extensions ['colcon_meta']
[0.308s] Level 1:colcon.colcon_core.package_identification:_identify(src) by extension 'colcon_meta'
[0.308s] Level 1:colcon.colcon_core.package_identification:_identify(src) by extensions ['ros']
[0.308s] Level 1:colcon.colcon_core.package_identification:_identify(src) by extension 'ros'
[0.308s] Level 1:colcon.colcon_core.package_identification:_identify(src) by extensions ['cmake', 'python']
[0.309s] Level 1:colcon.colcon_core.package_identification:_identify(src) by extension 'cmake'
[0.309s] Level 1:colcon.colcon_core.package_identification:_identify(src) by extension 'python'
[0.309s] Level 1:colcon.colcon_core.package_identification:_identify(src) by extensions ['python_setup_py']
[0.309s] Level 1:colcon.colcon_core.package_identification:_identify(src) by extension 'python_setup_py'
[0.309s] Level 1:colcon.colcon_core.package_identification:_identify(src/topic_ex_c) by extensions ['ignore', 'ignore_ament_install']
[0.309s] Level 1:colcon.colcon_core.package_identification:_identify(src/topic_ex_c) by extension 'ignore'
[0.309s] Level 1:colcon.colcon_core.package_identification:_identify(src/topic_ex_c) by extension 'ignore_ament_install'
[0.309s] Level 1:colcon.colcon_core.package_identification:_identify(src/topic_ex_c) by extensions ['colcon_pkg']
[0.309s] Level 1:colcon.colcon_core.package_identification:_identify(src/topic_ex_c) by extension 'colcon_pkg'
[0.309s] Level 1:colcon.colcon_core.package_identification:_identify(src/topic_ex_c) by extensions ['colcon_meta']
[0.309s] Level 1:colcon.colcon_core.package_identification:_identify(src/topic_ex_c) by extension 'colcon_meta'
[0.309s] Level 1:colcon.colcon_core.package_identification:_identify(src/topic_ex_c) by extensions ['ros']
[0.309s] Level 1:colcon.colcon_core.package_identification:_identify(src/topic_ex_c) by extension 'ros'
[0.311s] DEBUG:colcon.colcon_core.package_identification:Package 'src/topic_ex_c' with type 'ros.ament_cmake' and name 'topic_ex_c'
[0.311s] Level 1:colcon.colcon_core.package_identification:_identify(src/turtlebot3_simulations) by extensions ['ignore', 'ignore_ament_install']
[0.312s] Level 1:colcon.colcon_core.package_identification:_identify(src/turtlebot3_simulations) by extension 'ignore'
[0.312s] Level 1:colcon.colcon_core.package_identification:_identify(src/turtlebot3_simulations) by extension 'ignore_ament_install'
[0.312s] Level 1:colcon.colcon_core.package_identification:_identify(src/turtlebot3_simulations) by extensions ['colcon_pkg']
[0.312s] Level 1:colcon.colcon_core.package_identification:_identify(src/turtlebot3_simulations) by extension 'colcon_pkg'
[0.312s] Level 1:colcon.colcon_core.package_identification:_identify(src/turtlebot3_simulations) by extensions ['colcon_meta']
[0.312s] Level 1:colcon.colcon_core.package_identification:_identify(src/turtlebot3_simulations) by extension 'colcon_meta'
[0.312s] Level 1:colcon.colcon_core.package_identification:_identify(src/turtlebot3_simulations) by extensions ['ros']
[0.312s] Level 1:colcon.colcon_core.package_identification:_identify(src/turtlebot3_simulations) by extension 'ros'
[0.312s] Level 1:colcon.colcon_core.package_identification:_identify(src/turtlebot3_simulations) by extensions ['cmake', 'python']
[0.312s] Level 1:colcon.colcon_core.package_identification:_identify(src/turtlebot3_simulations) by extension 'cmake'
[0.312s] Level 1:colcon.colcon_core.package_identification:_identify(src/turtlebot3_simulations) by extension 'python'
[0.312s] Level 1:colcon.colcon_core.package_identification:_identify(src/turtlebot3_simulations) by extensions ['python_setup_py']
[0.312s] Level 1:colcon.colcon_core.package_identification:_identify(src/turtlebot3_simulations) by extension 'python_setup_py'
[0.312s] Level 1:colcon.colcon_core.package_identification:_identify(src/turtlebot3_simulations/turtlebot3_fake_node) by extensions ['ignore', 'ignore_ament_install']
[0.312s] Level 1:colcon.colcon_core.package_identification:_identify(src/turtlebot3_simulations/turtlebot3_fake_node) by extension 'ignore'
[0.312s] Level 1:colcon.colcon_core.package_identification:_identify(src/turtlebot3_simulations/turtlebot3_fake_node) by extension 'ignore_ament_install'
[0.312s] Level 1:colcon.colcon_core.package_identification:_identify(src/turtlebot3_simulations/turtlebot3_fake_node) by extensions ['colcon_pkg']
[0.312s] Level 1:colcon.colcon_core.package_identification:_identify(src/turtlebot3_simulations/turtlebot3_fake_node) by extension 'colcon_pkg'
[0.312s] Level 1:colcon.colcon_core.package_identification:_identify(src/turtlebot3_simulations/turtlebot3_fake_node) by extensions ['colcon_meta']
[0.312s] Level 1:colcon.colcon_core.package_identification:_identify(src/turtlebot3_simulations/turtlebot3_fake_node) by extension 'colcon_meta'
[0.313s] Level 1:colcon.colcon_core.package_identification:_identify(src/turtlebot3_simulations/turtlebot3_fake_node) by extensions ['ros']
[0.313s] Level 1:colcon.colcon_core.package_identification:_identify(src/turtlebot3_simulations/turtlebot3_fake_node) by extension 'ros'
[0.314s] DEBUG:colcon.colcon_core.package_identification:Package 'src/turtlebot3_simulations/turtlebot3_fake_node' with type 'ros.ament_cmake' and name 'turtlebot3_fake_node'
[0.314s] Level 1:colcon.colcon_core.package_identification:_identify(src/turtlebot3_simulations/turtlebot3_gazebo) by extensions ['ignore', 'ignore_ament_install']
[0.314s] Level 1:colcon.colcon_core.package_identification:_identify(src/turtlebot3_simulations/turtlebot3_gazebo) by extension 'ignore'
[0.314s] Level 1:colcon.colcon_core.package_identification:_identify(src/turtlebot3_simulations/turtlebot3_gazebo) by extension 'ignore_ament_install'
[0.314s] Level 1:colcon.colcon_core.package_identification:_identify(src/turtlebot3_simulations/turtlebot3_gazebo) by extensions ['colcon_pkg']
[0.314s] Level 1:colcon.colcon_core.package_identification:_identify(src/turtlebot3_simulations/turtlebot3_gazebo) by extension 'colcon_pkg'
[0.314s] Level 1:colcon.colcon_core.package_identification:_identify(src/turtlebot3_simulations/turtlebot3_gazebo) by extensions ['colcon_meta']
[0.314s] Level 1:colcon.colcon_core.package_identification:_identify(src/turtlebot3_simulations/turtlebot3_gazebo) by extension 'colcon_meta'
[0.314s] Level 1:colcon.colcon_core.package_identification:_identify(src/turtlebot3_simulations/turtlebot3_gazebo) by extensions ['ros']
[0.314s] Level 1:colcon.colcon_core.package_identification:_identify(src/turtlebot3_simulations/turtlebot3_gazebo) by extension 'ros'
[0.315s] DEBUG:colcon.colcon_core.package_identification:Package 'src/turtlebot3_simulations/turtlebot3_gazebo' with type 'ros.ament_cmake' and name 'turtlebot3_gazebo'
[0.315s] Level 1:colcon.colcon_core.package_identification:_identify(src/turtlebot3_simulations/turtlebot3_simulations) by extensions ['ignore', 'ignore_ament_install']
[0.315s] Level 1:colcon.colcon_core.package_identification:_identify(src/turtlebot3_simulations/turtlebot3_simulations) by extension 'ignore'
[0.315s] Level 1:colcon.colcon_core.package_identification:_identify(src/turtlebot3_simulations/turtlebot3_simulations) by extension 'ignore_ament_install'
[0.315s] Level 1:colcon.colcon_core.package_identification:_identify(src/turtlebot3_simulations/turtlebot3_simulations) by extensions ['colcon_pkg']
[0.315s] Level 1:colcon.colcon_core.package_identification:_identify(src/turtlebot3_simulations/turtlebot3_simulations) by extension 'colcon_pkg'
[0.315s] Level 1:colcon.colcon_core.package_identification:_identify(src/turtlebot3_simulations/turtlebot3_simulations) by extensions ['colcon_meta']
[0.315s] Level 1:colcon.colcon_core.package_identification:_identify(src/turtlebot3_simulations/turtlebot3_simulations) by extension 'colcon_meta'
[0.316s] Level 1:colcon.colcon_core.package_identification:_identify(src/turtlebot3_simulations/turtlebot3_simulations) by extensions ['ros']
[0.316s] Level 1:colcon.colcon_core.package_identification:_identify(src/turtlebot3_simulations/turtlebot3_simulations) by extension 'ros'
[0.316s] DEBUG:colcon.colcon_core.package_identification:Package 'src/turtlebot3_simulations/turtlebot3_simulations' with type 'ros.ament_cmake' and name 'turtlebot3_simulations'
[0.316s] Level 1:colcon.colcon_core.package_identification:_identify(src/wanderbot) by extensions ['ignore', 'ignore_ament_install']
[0.316s] Level 1:colcon.colcon_core.package_identification:_identify(src/wanderbot) by extension 'ignore'
[0.316s] Level 1:colcon.colcon_core.package_identification:_identify(src/wanderbot) by extension 'ignore_ament_install'
[0.316s] Level 1:colcon.colcon_core.package_identification:_identify(src/wanderbot) by extensions ['colcon_pkg']
[0.316s] Level 1:colcon.colcon_core.package_identification:_identify(src/wanderbot) by extension 'colcon_pkg'
[0.316s] Level 1:colcon.colcon_core.package_identification:_identify(src/wanderbot) by extensions ['colcon_meta']
[0.317s] Level 1:colcon.colcon_core.package_identification:_identify(src/wanderbot) by extension 'colcon_meta'
[0.317s] Level 1:colcon.colcon_core.package_identification:_identify(src/wanderbot) by extensions ['ros']
[0.317s] Level 1:colcon.colcon_core.package_identification:_identify(src/wanderbot) by extension 'ros'
[0.317s] DEBUG:colcon.colcon_core.package_identification:Package 'src/wanderbot' with type 'ros.ament_cmake' and name 'wanderbot'
[0.317s] Level 1:colcon.colcon_core.package_discovery:discover_packages(recursive) using defaults
[0.317s] Level 1:colcon.colcon_core.package_discovery:discover_packages(ignore) discover
[0.317s] Level 1:colcon.colcon_core.package_discovery:discover_packages(ignore) using defaults
[0.317s] Level 1:colcon.colcon_core.package_discovery:discover_packages(path) discover
[0.317s] Level 1:colcon.colcon_core.package_discovery:discover_packages(path) using defaults
[0.351s] Level 1:colcon.colcon_core.package_discovery:discover_packages(prefix_path) check parameters
[0.351s] Level 1:colcon.colcon_core.package_discovery:discover_packages(prefix_path) discover
[0.353s] DEBUG:colcon.colcon_installed_package_information.package_discovery:Found 5 installed packages in /home/kohjj27/my_ws/install
[0.355s] DEBUG:colcon.colcon_installed_package_information.package_discovery:Found 374 installed packages in /opt/ros/humble
[0.357s] Level 1:colcon.colcon_core.package_discovery:discover_packages(prefix_path) using defaults
[0.411s] Level 5:colcon.colcon_core.verb:set package 'topic_ex_c' build argument 'cmake_args' from command line to 'None'
[0.411s] Level 5:colcon.colcon_core.verb:set package 'topic_ex_c' build argument 'cmake_target' from command line to 'None'
[0.411s] Level 5:colcon.colcon_core.verb:set package 'topic_ex_c' build argument 'cmake_target_skip_unavailable' from command line to 'False'
[0.411s] Level 5:colcon.colcon_core.verb:set package 'topic_ex_c' build argument 'cmake_clean_cache' from command line to 'False'
[0.411s] Level 5:colcon.colcon_core.verb:set package 'topic_ex_c' build argument 'cmake_clean_first' from command line to 'False'
[0.411s] Level 5:colcon.colcon_core.verb:set package 'topic_ex_c' build argument 'cmake_force_configure' from command line to 'False'
[0.411s] Level 5:colcon.colcon_core.verb:set package 'topic_ex_c' build argument 'ament_cmake_args' from command line to 'None'
[0.411s] Level 5:colcon.colcon_core.verb:set package 'topic_ex_c' build argument 'catkin_cmake_args' from command line to 'None'
[0.411s] Level 5:colcon.colcon_core.verb:set package 'topic_ex_c' build argument 'catkin_skip_building_tests' from command line to 'False'
[0.411s] DEBUG:colcon.colcon_core.verb:Building package 'topic_ex_c' with the following arguments: {'ament_cmake_args': None, 'build_base': '/home/kohjj27/my_ws/build/topic_ex_c', 'catkin_cmake_args': None, 'catkin_skip_building_tests': False, 'cmake_args': None, 'cmake_clean_cache': False, 'cmake_clean_first': False, 'cmake_force_configure': False, 'cmake_target': None, 'cmake_target_skip_unavailable': False, 'install_base': '/home/kohjj27/my_ws/install/topic_ex_c', 'merge_install': False, 'path': '/home/kohjj27/my_ws/src/topic_ex_c', 'symlink_install': False, 'test_result_base': None}
[0.412s] Level 5:colcon.colcon_core.verb:set package 'turtlebot3_fake_node' build argument 'cmake_args' from command line to 'None'
[0.412s] Level 5:colcon.colcon_core.verb:set package 'turtlebot3_fake_node' build argument 'cmake_target' from command line to 'None'
[0.412s] Level 5:colcon.colcon_core.verb:set package 'turtlebot3_fake_node' build argument 'cmake_target_skip_unavailable' from command line to 'False'
[0.412s] Level 5:colcon.colcon_core.verb:set package 'turtlebot3_fake_node' build argument 'cmake_clean_cache' from command line to 'False'
[0.412s] Level 5:colcon.colcon_core.verb:set package 'turtlebot3_fake_node' build argument 'cmake_clean_first' from command line to 'False'
[0.412s] Level 5:colcon.colcon_core.verb:set package 'turtlebot3_fake_node' build argument 'cmake_force_configure' from command line to 'False'
[0.412s] Level 5:colcon.colcon_core.verb:set package 'turtlebot3_fake_node' build argument 'ament_cmake_args' from command line to 'None'
[0.412s] Level 5:colcon.colcon_core.verb:set package 'turtlebot3_fake_node' build argument 'catkin_cmake_args' from command line to 'None'
[0.412s] Level 5:colcon.colcon_core.verb:set package 'turtlebot3_fake_node' build argument 'catkin_skip_building_tests' from command line to 'False'
[0.412s] DEBUG:colcon.colcon_core.verb:Building package 'turtlebot3_fake_node' with the following arguments: {'ament_cmake_args': None, 'build_base': '/home/kohjj27/my_ws/build/turtlebot3_fake_node', 'catkin_cmake_args': None, 'catkin_skip_building_tests': False, 'cmake_args': None, 'cmake_clean_cache': False, 'cmake_clean_first': False, 'cmake_force_configure': False, 'cmake_target': None, 'cmake_target_skip_unavailable': False, 'install_base': '/home/kohjj27/my_ws/install/turtlebot3_fake_node', 'merge_install': False, 'path': '/home/kohjj27/my_ws/src/turtlebot3_simulations/turtlebot3_fake_node', 'symlink_install': False, 'test_result_base': None}
[0.412s] Level 5:colcon.colcon_core.verb:set package 'turtlebot3_gazebo' build argument 'cmake_args' from command line to 'None'
[0.412s] Level 5:colcon.colcon_core.verb:set package 'turtlebot3_gazebo' build argument 'cmake_target' from command line to 'None'
[0.412s] Level 5:colcon.colcon_core.verb:set package 'turtlebot3_gazebo' build argument 'cmake_target_skip_unavailable' from command line to 'False'
[0.412s] Level 5:colcon.colcon_core.verb:set package 'turtlebot3_gazebo' build argument 'cmake_clean_cache' from command line to 'False'
[0.412s] Level 5:colcon.colcon_core.verb:set package 'turtlebot3_gazebo' build argument 'cmake_clean_first' from command line to 'False'
[0.412s] Level 5:colcon.colcon_core.verb:set package 'turtlebot3_gazebo' build argument 'cmake_force_configure' from command line to 'False'
[0.412s] Level 5:colcon.colcon_core.verb:set package 'turtlebot3_gazebo' build argument 'ament_cmake_args' from command line to 'None'
[0.412s] Level 5:colcon.colcon_core.verb:set package 'turtlebot3_gazebo' build argument 'catkin_cmake_args' from command line to 'None'
[0.412s] Level 5:colcon.colcon_core.verb:set package 'turtlebot3_gazebo' build argument 'catkin_skip_building_tests' from command line to 'False'
[0.412s] DEBUG:colcon.colcon_core.verb:Building package 'turtlebot3_gazebo' with the following arguments: {'ament_cmake_args': None, 'build_base': '/home/kohjj27/my_ws/build/turtlebot3_gazebo', 'catkin_cmake_args': None, 'catkin_skip_building_tests': False, 'cmake_args': None, 'cmake_clean_cache': False, 'cmake_clean_first': False, 'cmake_force_configure': False, 'cmake_target': None, 'cmake_target_skip_unavailable': False, 'install_base': '/home/kohjj27/my_ws/install/turtlebot3_gazebo', 'merge_install': False, 'path': '/home/kohjj27/my_ws/src/turtlebot3_simulations/turtlebot3_gazebo', 'symlink_install': False, 'test_result_base': None}
[0.413s] Level 5:colcon.colcon_core.verb:set package 'wanderbot' build argument 'cmake_args' from command line to 'None'
[0.413s] Level 5:colcon.colcon_core.verb:set package 'wanderbot' build argument 'cmake_target' from command line to 'None'
[0.413s] Level 5:colcon.colcon_core.verb:set package 'wanderbot' build argument 'cmake_target_skip_unavailable' from command line to 'False'
[0.413s] Level 5:colcon.colcon_core.verb:set package 'wanderbot' build argument 'cmake_clean_cache' from command line to 'False'
[0.413s] Level 5:colcon.colcon_core.verb:set package 'wanderbot' build argument 'cmake_clean_first' from command line to 'False'
[0.413s] Level 5:colcon.colcon_core.verb:set package 'wanderbot' build argument 'cmake_force_configure' from command line to 'False'
[0.413s] Level 5:colcon.colcon_core.verb:set package 'wanderbot' build argument 'ament_cmake_args' from command line to 'None'
[0.413s] Level 5:colcon.colcon_core.verb:set package 'wanderbot' build argument 'catkin_cmake_args' from command line to 'None'
[0.413s] Level 5:colcon.colcon_core.verb:set package 'wanderbot' build argument 'catkin_skip_building_tests' from command line to 'False'
[0.413s] DEBUG:colcon.colcon_core.verb:Building package 'wanderbot' with the following arguments: {'ament_cmake_args': None, 'build_base': '/home/kohjj27/my_ws/build/wanderbot', 'catkin_cmake_args': None, 'catkin_skip_building_tests': False, 'cmake_args': None, 'cmake_clean_cache': False, 'cmake_clean_first': False, 'cmake_force_configure': False, 'cmake_target': None, 'cmake_target_skip_unavailable': False, 'install_base': '/home/kohjj27/my_ws/install/wanderbot', 'merge_install': False, 'path': '/home/kohjj27/my_ws/src/wanderbot', 'symlink_install': False, 'test_result_base': None}
[0.413s] Level 5:colcon.colcon_core.verb:set package 'turtlebot3_simulations' build argument 'cmake_args' from command line to 'None'
[0.413s] Level 5:colcon.colcon_core.verb:set package 'turtlebot3_simulations' build argument 'cmake_target' from command line to 'None'
[0.413s] Level 5:colcon.colcon_core.verb:set package 'turtlebot3_simulations' build argument 'cmake_target_skip_unavailable' from command line to 'False'
[0.413s] Level 5:colcon.colcon_core.verb:set package 'turtlebot3_simulations' build argument 'cmake_clean_cache' from command line to 'False'
[0.413s] Level 5:colcon.colcon_core.verb:set package 'turtlebot3_simulations' build argument 'cmake_clean_first' from command line to 'False'
[0.413s] Level 5:colcon.colcon_core.verb:set package 'turtlebot3_simulations' build argument 'cmake_force_configure' from command line to 'False'
[0.413s] Level 5:colcon.colcon_core.verb:set package 'turtlebot3_simulations' build argument 'ament_cmake_args' from command line to 'None'
[0.413s] Level 5:colcon.colcon_core.verb:set package 'turtlebot3_simulations' build argument 'catkin_cmake_args' from command line to 'None'
[0.413s] Level 5:colcon.colcon_core.verb:set package 'turtlebot3_simulations' build argument 'catkin_skip_building_tests' from command line to 'False'
[0.413s] DEBUG:colcon.colcon_core.verb:Building package 'turtlebot3_simulations' with the following arguments: {'ament_cmake_args': None, 'build_base': '/home/kohjj27/my_ws/build/turtlebot3_simulations', 'catkin_cmake_args': None, 'catkin_skip_building_tests': False, 'cmake_args': None, 'cmake_clean_cache': False, 'cmake_clean_first': False, 'cmake_force_configure': False, 'cmake_target': None, 'cmake_target_skip_unavailable': False, 'install_base': '/home/kohjj27/my_ws/install/turtlebot3_simulations', 'merge_install': False, 'path': '/home/kohjj27/my_ws/src/turtlebot3_simulations/turtlebot3_simulations', 'symlink_install': False, 'test_result_base': None}
[0.414s] INFO:colcon.colcon_core.executor:Executing jobs using 'parallel' executor
[0.415s] DEBUG:colcon.colcon_parallel_executor.executor.parallel:run_until_complete
[0.415s] INFO:colcon.colcon_ros.task.ament_cmake.build:Building ROS package in '/home/kohjj27/my_ws/src/turtlebot3_simulations/turtlebot3_fake_node' with build type 'ament_cmake'
[0.415s] INFO:colcon.colcon_cmake.task.cmake.build:Building CMake package in '/home/kohjj27/my_ws/src/turtlebot3_simulations/turtlebot3_fake_node'
[0.417s] INFO:colcon.colcon_core.plugin_system:Skipping extension 'colcon_core.shell.bat': Not used on non-Windows systems
[0.418s] INFO:colcon.colcon_core.shell:Skip shell extension 'powershell' for command environment: Not usable outside of PowerShell
[0.418s] DEBUG:colcon.colcon_core.shell:Skip shell extension 'dsv' for command environment
[0.422s] INFO:colcon.colcon_ros.task.ament_cmake.build:Building ROS package in '/home/kohjj27/my_ws/src/turtlebot3_simulations/turtlebot3_gazebo' with build type 'ament_cmake'
[0.422s] INFO:colcon.colcon_cmake.task.cmake.build:Building CMake package in '/home/kohjj27/my_ws/src/turtlebot3_simulations/turtlebot3_gazebo'
[0.422s] INFO:colcon.colcon_core.shell:Skip shell extension 'powershell' for command environment: Not usable outside of PowerShell
[0.422s] DEBUG:colcon.colcon_core.shell:Skip shell extension 'dsv' for command environment
[0.426s] INFO:colcon.colcon_ros.task.ament_cmake.build:Building ROS package in '/home/kohjj27/my_ws/src/topic_ex_c' with build type 'ament_cmake'
[0.426s] INFO:colcon.colcon_cmake.task.cmake.build:Building CMake package in '/home/kohjj27/my_ws/src/topic_ex_c'
[0.426s] INFO:colcon.colcon_core.shell:Skip shell extension 'powershell' for command environment: Not usable outside of PowerShell
[0.427s] DEBUG:colcon.colcon_core.shell:Skip shell extension 'dsv' for command environment
[0.430s] INFO:colcon.colcon_ros.task.ament_cmake.build:Building ROS package in '/home/kohjj27/my_ws/src/wanderbot' with build type 'ament_cmake'
[0.430s] INFO:colcon.colcon_cmake.task.cmake.build:Building CMake package in '/home/kohjj27/my_ws/src/wanderbot'
[0.431s] INFO:colcon.colcon_core.shell:Skip shell extension 'powershell' for command environment: Not usable outside of PowerShell
[0.431s] DEBUG:colcon.colcon_core.shell:Skip shell extension 'dsv' for command environment
[0.441s] DEBUG:colcon.colcon_core.event_handler.log_command:Invoking command in '/home/kohjj27/my_ws/build/turtlebot3_fake_node': CMAKE_PREFIX_PATH=${CMAKE_PREFIX_PATH}:/opt/ros/humble /usr/bin/cmake --build /home/kohjj27/my_ws/build/turtlebot3_fake_node -- -j16 -l16
[0.444s] DEBUG:colcon.colcon_core.event_handler.log_command:Invoking command in '/home/kohjj27/my_ws/build/turtlebot3_gazebo': CMAKE_PREFIX_PATH=${CMAKE_PREFIX_PATH}:/opt/ros/humble /usr/bin/cmake --build /home/kohjj27/my_ws/build/turtlebot3_gazebo -- -j16 -l16
[0.447s] DEBUG:colcon.colcon_core.event_handler.log_command:Invoking command in '/home/kohjj27/my_ws/build/topic_ex_c': CMAKE_PREFIX_PATH=${CMAKE_PREFIX_PATH}:/opt/ros/humble /usr/bin/cmake --build /home/kohjj27/my_ws/build/topic_ex_c -- -j16 -l16
[0.452s] DEBUG:colcon.colcon_core.event_handler.log_command:Invoking command in '/home/kohjj27/my_ws/build/wanderbot': CMAKE_PREFIX_PATH=${CMAKE_PREFIX_PATH}:/opt/ros/humble /usr/bin/cmake --build /home/kohjj27/my_ws/build/wanderbot -- -j16 -l16
[0.534s] DEBUG:colcon.colcon_core.event_handler.log_command:Invoked command in '/home/kohjj27/my_ws/build/topic_ex_c' returned '0': CMAKE_PREFIX_PATH=${CMAKE_PREFIX_PATH}:/opt/ros/humble /usr/bin/cmake --build /home/kohjj27/my_ws/build/topic_ex_c -- -j16 -l16
[0.550s] DEBUG:colcon.colcon_core.event_handler.log_command:Invoking command in '/home/kohjj27/my_ws/build/topic_ex_c': CMAKE_PREFIX_PATH=${CMAKE_PREFIX_PATH}:/opt/ros/humble /usr/bin/cmake --install /home/kohjj27/my_ws/build/topic_ex_c
[0.551s] DEBUG:colcon.colcon_core.event_handler.log_command:Invoked command in '/home/kohjj27/my_ws/build/turtlebot3_fake_node' returned '0': CMAKE_PREFIX_PATH=${CMAKE_PREFIX_PATH}:/opt/ros/humble /usr/bin/cmake --build /home/kohjj27/my_ws/build/turtlebot3_fake_node -- -j16 -l16
[0.553s] DEBUG:colcon.colcon_core.event_handler.log_command:Invoking command in '/home/kohjj27/my_ws/build/turtlebot3_fake_node': CMAKE_PREFIX_PATH=${CMAKE_PREFIX_PATH}:/opt/ros/humble /usr/bin/cmake --install /home/kohjj27/my_ws/build/turtlebot3_fake_node
[0.555s] DEBUG:colcon.colcon_core.event_handler.log_command:Invoked command in '/home/kohjj27/my_ws/build/wanderbot' returned '0': CMAKE_PREFIX_PATH=${CMAKE_PREFIX_PATH}:/opt/ros/humble /usr/bin/cmake --build /home/kohjj27/my_ws/build/wanderbot -- -j16 -l16
[0.557s] DEBUG:colcon.colcon_core.event_handler.log_command:Invoking command in '/home/kohjj27/my_ws/build/wanderbot': CMAKE_PREFIX_PATH=${CMAKE_PREFIX_PATH}:/opt/ros/humble /usr/bin/cmake --install /home/kohjj27/my_ws/build/wanderbot
[0.557s] DEBUG:colcon.colcon_core.event_handler.log_command:Invoked command in '/home/kohjj27/my_ws/build/turtlebot3_gazebo' returned '0': CMAKE_PREFIX_PATH=${CMAKE_PREFIX_PATH}:/opt/ros/humble /usr/bin/cmake --build /home/kohjj27/my_ws/build/turtlebot3_gazebo -- -j16 -l16
[0.559s] DEBUG:colcon.colcon_core.event_handler.log_command:Invoking command in '/home/kohjj27/my_ws/build/turtlebot3_gazebo': CMAKE_PREFIX_PATH=${CMAKE_PREFIX_PATH}:/opt/ros/humble /usr/bin/cmake --install /home/kohjj27/my_ws/build/turtlebot3_gazebo
[0.565s] Level 1:colcon.colcon_core.environment:create_environment_scripts_only(topic_ex_c)
[0.567s] DEBUG:colcon.colcon_core.event_handler.log_command:Invoked command in '/home/kohjj27/my_ws/build/topic_ex_c' returned '0': CMAKE_PREFIX_PATH=${CMAKE_PREFIX_PATH}:/opt/ros/humble /usr/bin/cmake --install /home/kohjj27/my_ws/build/topic_ex_c
[0.577s] Level 1:colcon.colcon_core.environment:checking '/home/kohjj27/my_ws/install/topic_ex_c' for CMake module files
[0.578s] Level 1:colcon.colcon_core.environment:checking '/home/kohjj27/my_ws/install/topic_ex_c' for CMake config files
[0.578s] Level 1:colcon.colcon_core.shell:create_environment_hook('topic_ex_c', 'cmake_prefix_path')
[0.578s] INFO:colcon.colcon_core.shell:Creating environment hook '/home/kohjj27/my_ws/install/topic_ex_c/share/topic_ex_c/hook/cmake_prefix_path.ps1'
[0.579s] INFO:colcon.colcon_core.shell:Creating environment descriptor '/home/kohjj27/my_ws/install/topic_ex_c/share/topic_ex_c/hook/cmake_prefix_path.dsv'
[0.580s] INFO:colcon.colcon_core.shell:Creating environment hook '/home/kohjj27/my_ws/install/topic_ex_c/share/topic_ex_c/hook/cmake_prefix_path.sh'
[0.581s] Level 1:colcon.colcon_core.environment:checking '/home/kohjj27/my_ws/install/topic_ex_c/lib'
[0.581s] Level 1:colcon.colcon_core.environment:checking '/home/kohjj27/my_ws/install/topic_ex_c/bin'
[0.581s] Level 1:colcon.colcon_core.environment:checking '/home/kohjj27/my_ws/install/topic_ex_c/lib/pkgconfig/topic_ex_c.pc'
[0.581s] Level 1:colcon.colcon_core.environment:checking '/home/kohjj27/my_ws/install/topic_ex_c/lib/python3.10/site-packages'
[0.581s] Level 1:colcon.colcon_core.environment:checking '/home/kohjj27/my_ws/install/topic_ex_c/bin'
[0.582s] INFO:colcon.colcon_core.shell:Creating package script '/home/kohjj27/my_ws/install/topic_ex_c/share/topic_ex_c/package.ps1'
[0.583s] INFO:colcon.colcon_core.shell:Creating package descriptor '/home/kohjj27/my_ws/install/topic_ex_c/share/topic_ex_c/package.dsv'
[0.583s] INFO:colcon.colcon_core.shell:Creating package script '/home/kohjj27/my_ws/install/topic_ex_c/share/topic_ex_c/package.sh'
[0.584s] INFO:colcon.colcon_core.shell:Creating package script '/home/kohjj27/my_ws/install/topic_ex_c/share/topic_ex_c/package.bash'
[0.585s] INFO:colcon.colcon_core.shell:Creating package script '/home/kohjj27/my_ws/install/topic_ex_c/share/topic_ex_c/package.zsh'
[0.586s] Level 1:colcon.colcon_core.environment:create_file_with_runtime_dependencies(/home/kohjj27/my_ws/install/topic_ex_c/share/colcon-core/packages/topic_ex_c)
[0.586s] Level 1:colcon.colcon_core.environment:create_environment_scripts_only(topic_ex_c)
[0.586s] Level 1:colcon.colcon_core.environment:checking '/home/kohjj27/my_ws/install/topic_ex_c' for CMake module files
[0.587s] Level 1:colcon.colcon_core.environment:checking '/home/kohjj27/my_ws/install/topic_ex_c' for CMake config files
[0.587s] Level 1:colcon.colcon_core.shell:create_environment_hook('topic_ex_c', 'cmake_prefix_path')
[0.587s] INFO:colcon.colcon_core.shell:Creating environment hook '/home/kohjj27/my_ws/install/topic_ex_c/share/topic_ex_c/hook/cmake_prefix_path.ps1'
[0.588s] INFO:colcon.colcon_core.shell:Creating environment descriptor '/home/kohjj27/my_ws/install/topic_ex_c/share/topic_ex_c/hook/cmake_prefix_path.dsv'
[0.588s] INFO:colcon.colcon_core.shell:Creating environment hook '/home/kohjj27/my_ws/install/topic_ex_c/share/topic_ex_c/hook/cmake_prefix_path.sh'
[0.588s] Level 1:colcon.colcon_core.environment:checking '/home/kohjj27/my_ws/install/topic_ex_c/lib'
[0.588s] Level 1:colcon.colcon_core.environment:checking '/home/kohjj27/my_ws/install/topic_ex_c/bin'
[0.589s] Level 1:colcon.colcon_core.environment:checking '/home/kohjj27/my_ws/install/topic_ex_c/lib/pkgconfig/topic_ex_c.pc'
[0.589s] Level 1:colcon.colcon_core.environment:checking '/home/kohjj27/my_ws/install/topic_ex_c/lib/python3.10/site-packages'
[0.589s] Level 1:colcon.colcon_core.environment:checking '/home/kohjj27/my_ws/install/topic_ex_c/bin'
[0.589s] INFO:colcon.colcon_core.shell:Creating package script '/home/kohjj27/my_ws/install/topic_ex_c/share/topic_ex_c/package.ps1'
[0.590s] INFO:colcon.colcon_core.shell:Creating package descriptor '/home/kohjj27/my_ws/install/topic_ex_c/share/topic_ex_c/package.dsv'
[0.590s] INFO:colcon.colcon_core.shell:Creating package script '/home/kohjj27/my_ws/install/topic_ex_c/share/topic_ex_c/package.sh'
[0.591s] INFO:colcon.colcon_core.shell:Creating package script '/home/kohjj27/my_ws/install/topic_ex_c/share/topic_ex_c/package.bash'
[0.591s] INFO:colcon.colcon_core.shell:Creating package script '/home/kohjj27/my_ws/install/topic_ex_c/share/topic_ex_c/package.zsh'
[0.591s] Level 1:colcon.colcon_core.environment:create_file_with_runtime_dependencies(/home/kohjj27/my_ws/install/topic_ex_c/share/colcon-core/packages/topic_ex_c)
[0.593s] Level 1:colcon.colcon_core.environment:create_environment_scripts_only(turtlebot3_fake_node)
[0.593s] Level 1:colcon.colcon_core.environment:checking '/home/kohjj27/my_ws/install/turtlebot3_fake_node' for CMake module files
[0.594s] DEBUG:colcon.colcon_core.event_handler.log_command:Invoked command in '/home/kohjj27/my_ws/build/turtlebot3_fake_node' returned '0': CMAKE_PREFIX_PATH=${CMAKE_PREFIX_PATH}:/opt/ros/humble /usr/bin/cmake --install /home/kohjj27/my_ws/build/turtlebot3_fake_node
[0.594s] Level 1:colcon.colcon_core.environment:checking '/home/kohjj27/my_ws/install/turtlebot3_fake_node' for CMake config files
[0.594s] Level 1:colcon.colcon_core.shell:create_environment_hook('turtlebot3_fake_node', 'cmake_prefix_path')
[0.595s] INFO:colcon.colcon_core.shell:Creating environment hook '/home/kohjj27/my_ws/install/turtlebot3_fake_node/share/turtlebot3_fake_node/hook/cmake_prefix_path.ps1'
[0.595s] INFO:colcon.colcon_core.shell:Creating environment descriptor '/home/kohjj27/my_ws/install/turtlebot3_fake_node/share/turtlebot3_fake_node/hook/cmake_prefix_path.dsv'
[0.595s] INFO:colcon.colcon_core.shell:Creating environment hook '/home/kohjj27/my_ws/install/turtlebot3_fake_node/share/turtlebot3_fake_node/hook/cmake_prefix_path.sh'
[0.596s] Level 1:colcon.colcon_core.environment:checking '/home/kohjj27/my_ws/install/turtlebot3_fake_node/lib'
[0.596s] Level 1:colcon.colcon_core.environment:checking '/home/kohjj27/my_ws/install/turtlebot3_fake_node/bin'
[0.596s] Level 1:colcon.colcon_core.environment:checking '/home/kohjj27/my_ws/install/turtlebot3_fake_node/lib/pkgconfig/turtlebot3_fake_node.pc'
[0.596s] Level 1:colcon.colcon_core.environment:checking '/home/kohjj27/my_ws/install/turtlebot3_fake_node/lib/python3.10/site-packages'
[0.596s] Level 1:colcon.colcon_core.environment:checking '/home/kohjj27/my_ws/install/turtlebot3_fake_node/bin'
[0.597s] INFO:colcon.colcon_core.shell:Creating package script '/home/kohjj27/my_ws/install/turtlebot3_fake_node/share/turtlebot3_fake_node/package.ps1'
[0.597s] INFO:colcon.colcon_core.shell:Creating package descriptor '/home/kohjj27/my_ws/install/turtlebot3_fake_node/share/turtlebot3_fake_node/package.dsv'
[0.597s] INFO:colcon.colcon_core.shell:Creating package script '/home/kohjj27/my_ws/install/turtlebot3_fake_node/share/turtlebot3_fake_node/package.sh'
[0.598s] INFO:colcon.colcon_core.shell:Creating package script '/home/kohjj27/my_ws/install/turtlebot3_fake_node/share/turtlebot3_fake_node/package.bash'
[0.598s] INFO:colcon.colcon_core.shell:Creating package script '/home/kohjj27/my_ws/install/turtlebot3_fake_node/share/turtlebot3_fake_node/package.zsh'
[0.599s] Level 1:colcon.colcon_core.environment:create_file_with_runtime_dependencies(/home/kohjj27/my_ws/install/turtlebot3_fake_node/share/colcon-core/packages/turtlebot3_fake_node)
[0.599s] Level 1:colcon.colcon_core.environment:create_environment_scripts_only(turtlebot3_fake_node)
[0.599s] Level 1:colcon.colcon_core.environment:checking '/home/kohjj27/my_ws/install/turtlebot3_fake_node' for CMake module files
[0.600s] Level 1:colcon.colcon_core.environment:checking '/home/kohjj27/my_ws/install/turtlebot3_fake_node' for CMake config files
[0.600s] Level 1:colcon.colcon_core.shell:create_environment_hook('turtlebot3_fake_node', 'cmake_prefix_path')
[0.600s] INFO:colcon.colcon_core.shell:Creating environment hook '/home/kohjj27/my_ws/install/turtlebot3_fake_node/share/turtlebot3_fake_node/hook/cmake_prefix_path.ps1'
[0.600s] INFO:colcon.colcon_core.shell:Creating environment descriptor '/home/kohjj27/my_ws/install/turtlebot3_fake_node/share/turtlebot3_fake_node/hook/cmake_prefix_path.dsv'
[0.601s] INFO:colcon.colcon_core.shell:Creating environment hook '/home/kohjj27/my_ws/install/turtlebot3_fake_node/share/turtlebot3_fake_node/hook/cmake_prefix_path.sh'
[0.601s] Level 1:colcon.colcon_core.environment:checking '/home/kohjj27/my_ws/install/turtlebot3_fake_node/lib'
[0.601s] Level 1:colcon.colcon_core.environment:checking '/home/kohjj27/my_ws/install/turtlebot3_fake_node/bin'
[0.601s] Level 1:colcon.colcon_core.environment:checking '/home/kohjj27/my_ws/install/turtlebot3_fake_node/lib/pkgconfig/turtlebot3_fake_node.pc'
[0.602s] Level 1:colcon.colcon_core.environment:checking '/home/kohjj27/my_ws/install/turtlebot3_fake_node/lib/python3.10/site-packages'
[0.602s] Level 1:colcon.colcon_core.environment:checking '/home/kohjj27/my_ws/install/turtlebot3_fake_node/bin'
[0.602s] INFO:colcon.colcon_core.shell:Creating package script '/home/kohjj27/my_ws/install/turtlebot3_fake_node/share/turtlebot3_fake_node/package.ps1'
[0.603s] INFO:colcon.colcon_core.shell:Creating package descriptor '/home/kohjj27/my_ws/install/turtlebot3_fake_node/share/turtlebot3_fake_node/package.dsv'
[0.603s] INFO:colcon.colcon_core.shell:Creating package script '/home/kohjj27/my_ws/install/turtlebot3_fake_node/share/turtlebot3_fake_node/package.sh'
[0.603s] INFO:colcon.colcon_core.shell:Creating package script '/home/kohjj27/my_ws/install/turtlebot3_fake_node/share/turtlebot3_fake_node/package.bash'
[0.604s] INFO:colcon.colcon_core.shell:Creating package script '/home/kohjj27/my_ws/install/turtlebot3_fake_node/share/turtlebot3_fake_node/package.zsh'
[0.604s] Level 1:colcon.colcon_core.environment:create_file_with_runtime_dependencies(/home/kohjj27/my_ws/install/turtlebot3_fake_node/share/colcon-core/packages/turtlebot3_fake_node)
[0.605s] Level 1:colcon.colcon_core.environment:create_environment_scripts_only(turtlebot3_gazebo)
[0.605s] Level 1:colcon.colcon_core.environment:checking '/home/kohjj27/my_ws/install/turtlebot3_gazebo' for CMake module files
[0.606s] DEBUG:colcon.colcon_core.event_handler.log_command:Invoked command in '/home/kohjj27/my_ws/build/turtlebot3_gazebo' returned '0': CMAKE_PREFIX_PATH=${CMAKE_PREFIX_PATH}:/opt/ros/humble /usr/bin/cmake --install /home/kohjj27/my_ws/build/turtlebot3_gazebo
[0.607s] Level 1:colcon.colcon_core.environment:checking '/home/kohjj27/my_ws/install/turtlebot3_gazebo' for CMake config files
[0.607s] Level 1:colcon.colcon_core.shell:create_environment_hook('turtlebot3_gazebo', 'cmake_prefix_path')
[0.607s] INFO:colcon.colcon_core.shell:Creating environment hook '/home/kohjj27/my_ws/install/turtlebot3_gazebo/share/turtlebot3_gazebo/hook/cmake_prefix_path.ps1'
[0.607s] INFO:colcon.colcon_core.shell:Creating environment descriptor '/home/kohjj27/my_ws/install/turtlebot3_gazebo/share/turtlebot3_gazebo/hook/cmake_prefix_path.dsv'
[0.608s] INFO:colcon.colcon_core.shell:Creating environment hook '/home/kohjj27/my_ws/install/turtlebot3_gazebo/share/turtlebot3_gazebo/hook/cmake_prefix_path.sh'
[0.608s] Level 1:colcon.colcon_core.environment:checking '/home/kohjj27/my_ws/install/turtlebot3_gazebo/lib'
[0.608s] Level 1:colcon.colcon_core.environment:checking '/home/kohjj27/my_ws/install/turtlebot3_gazebo/bin'
[0.609s] Level 1:colcon.colcon_core.environment:checking '/home/kohjj27/my_ws/install/turtlebot3_gazebo/lib/pkgconfig/turtlebot3_gazebo.pc'
[0.609s] Level 1:colcon.colcon_core.environment:checking '/home/kohjj27/my_ws/install/turtlebot3_gazebo/lib/python3.10/site-packages'
[0.609s] Level 1:colcon.colcon_core.environment:checking '/home/kohjj27/my_ws/install/turtlebot3_gazebo/bin'
[0.609s] INFO:colcon.colcon_core.shell:Creating package script '/home/kohjj27/my_ws/install/turtlebot3_gazebo/share/turtlebot3_gazebo/package.ps1'
[0.610s] INFO:colcon.colcon_core.shell:Creating package descriptor '/home/kohjj27/my_ws/install/turtlebot3_gazebo/share/turtlebot3_gazebo/package.dsv'
[0.610s] INFO:colcon.colcon_core.shell:Creating package script '/home/kohjj27/my_ws/install/turtlebot3_gazebo/share/turtlebot3_gazebo/package.sh'
[0.610s] INFO:colcon.colcon_core.shell:Creating package script '/home/kohjj27/my_ws/install/turtlebot3_gazebo/share/turtlebot3_gazebo/package.bash'
[0.611s] INFO:colcon.colcon_core.shell:Creating package script '/home/kohjj27/my_ws/install/turtlebot3_gazebo/share/turtlebot3_gazebo/package.zsh'
[0.611s] Level 1:colcon.colcon_core.environment:create_file_with_runtime_dependencies(/home/kohjj27/my_ws/install/turtlebot3_gazebo/share/colcon-core/packages/turtlebot3_gazebo)
[0.612s] Level 1:colcon.colcon_core.environment:create_environment_scripts_only(turtlebot3_gazebo)
[0.612s] Level 1:colcon.colcon_core.environment:checking '/home/kohjj27/my_ws/install/turtlebot3_gazebo' for CMake module files
[0.612s] Level 1:colcon.colcon_core.environment:checking '/home/kohjj27/my_ws/install/turtlebot3_gazebo' for CMake config files
[0.612s] Level 1:colcon.colcon_core.shell:create_environment_hook('turtlebot3_gazebo', 'cmake_prefix_path')
[0.613s] INFO:colcon.colcon_core.shell:Creating environment hook '/home/kohjj27/my_ws/install/turtlebot3_gazebo/share/turtlebot3_gazebo/hook/cmake_prefix_path.ps1'
[0.613s] INFO:colcon.colcon_core.shell:Creating environment descriptor '/home/kohjj27/my_ws/install/turtlebot3_gazebo/share/turtlebot3_gazebo/hook/cmake_prefix_path.dsv'
[0.613s] INFO:colcon.colcon_core.shell:Creating environment hook '/home/kohjj27/my_ws/install/turtlebot3_gazebo/share/turtlebot3_gazebo/hook/cmake_prefix_path.sh'
[0.614s] Level 1:colcon.colcon_core.environment:checking '/home/kohjj27/my_ws/install/turtlebot3_gazebo/lib'
[0.614s] Level 1:colcon.colcon_core.environment:checking '/home/kohjj27/my_ws/install/turtlebot3_gazebo/bin'
[0.614s] Level 1:colcon.colcon_core.environment:checking '/home/kohjj27/my_ws/install/turtlebot3_gazebo/lib/pkgconfig/turtlebot3_gazebo.pc'
[0.614s] Level 1:colcon.colcon_core.environment:checking '/home/kohjj27/my_ws/install/turtlebot3_gazebo/lib/python3.10/site-packages'
[0.614s] Level 1:colcon.colcon_core.environment:checking '/home/kohjj27/my_ws/install/turtlebot3_gazebo/bin'
[0.615s] INFO:colcon.colcon_core.shell:Creating package script '/home/kohjj27/my_ws/install/turtlebot3_gazebo/share/turtlebot3_gazebo/package.ps1'
[0.615s] INFO:colcon.colcon_core.shell:Creating package descriptor '/home/kohjj27/my_ws/install/turtlebot3_gazebo/share/turtlebot3_gazebo/package.dsv'
[0.616s] INFO:colcon.colcon_core.shell:Creating package script '/home/kohjj27/my_ws/install/turtlebot3_gazebo/share/turtlebot3_gazebo/package.sh'
[0.616s] INFO:colcon.colcon_core.shell:Creating package script '/home/kohjj27/my_ws/install/turtlebot3_gazebo/share/turtlebot3_gazebo/package.bash'
[0.617s] INFO:colcon.colcon_core.shell:Creating package script '/home/kohjj27/my_ws/install/turtlebot3_gazebo/share/turtlebot3_gazebo/package.zsh'
[0.617s] Level 1:colcon.colcon_core.environment:create_file_with_runtime_dependencies(/home/kohjj27/my_ws/install/turtlebot3_gazebo/share/colcon-core/packages/turtlebot3_gazebo)
[0.617s] INFO:colcon.colcon_ros.task.ament_cmake.build:Building ROS package in '/home/kohjj27/my_ws/src/turtlebot3_simulations/turtlebot3_simulations' with build type 'ament_cmake'
[0.618s] INFO:colcon.colcon_cmake.task.cmake.build:Building CMake package in '/home/kohjj27/my_ws/src/turtlebot3_simulations/turtlebot3_simulations'
[0.618s] INFO:colcon.colcon_core.shell:Skip shell extension 'powershell' for command environment: Not usable outside of PowerShell
[0.618s] DEBUG:colcon.colcon_core.shell:Skip shell extension 'dsv' for command environment
[0.623s] Level 1:colcon.colcon_core.environment:create_environment_scripts_only(wanderbot)
[0.623s] Level 1:colcon.colcon_core.environment:checking '/home/kohjj27/my_ws/install/wanderbot' for CMake module files
[0.624s] DEBUG:colcon.colcon_core.event_handler.log_command:Invoked command in '/home/kohjj27/my_ws/build/wanderbot' returned '0': CMAKE_PREFIX_PATH=${CMAKE_PREFIX_PATH}:/opt/ros/humble /usr/bin/cmake --install /home/kohjj27/my_ws/build/wanderbot
[0.624s] Level 1:colcon.colcon_core.environment:checking '/home/kohjj27/my_ws/install/wanderbot' for CMake config files
[0.624s] Level 1:colcon.colcon_core.shell:create_environment_hook('wanderbot', 'cmake_prefix_path')
[0.625s] INFO:colcon.colcon_core.shell:Creating environment hook '/home/kohjj27/my_ws/install/wanderbot/share/wanderbot/hook/cmake_prefix_path.ps1'
[0.625s] INFO:colcon.colcon_core.shell:Creating environment descriptor '/home/kohjj27/my_ws/install/wanderbot/share/wanderbot/hook/cmake_prefix_path.dsv'
[0.625s] INFO:colcon.colcon_core.shell:Creating environment hook '/home/kohjj27/my_ws/install/wanderbot/share/wanderbot/hook/cmake_prefix_path.sh'
[0.626s] Level 1:colcon.colcon_core.environment:checking '/home/kohjj27/my_ws/install/wanderbot/lib'
[0.626s] Level 1:colcon.colcon_core.environment:checking '/home/kohjj27/my_ws/install/wanderbot/bin'
[0.626s] Level 1:colcon.colcon_core.environment:checking '/home/kohjj27/my_ws/install/wanderbot/lib/pkgconfig/wanderbot.pc'
[0.626s] Level 1:colcon.colcon_core.environment:checking '/home/kohjj27/my_ws/install/wanderbot/lib/python3.10/site-packages'
[0.627s] Level 1:colcon.colcon_core.environment:checking '/home/kohjj27/my_ws/install/wanderbot/bin'
[0.627s] INFO:colcon.colcon_core.shell:Creating package script '/home/kohjj27/my_ws/install/wanderbot/share/wanderbot/package.ps1'
[0.627s] INFO:colcon.colcon_core.shell:Creating package descriptor '/home/kohjj27/my_ws/install/wanderbot/share/wanderbot/package.dsv'
[0.628s] INFO:colcon.colcon_core.shell:Creating package script '/home/kohjj27/my_ws/install/wanderbot/share/wanderbot/package.sh'
[0.628s] INFO:colcon.colcon_core.shell:Creating package script '/home/kohjj27/my_ws/install/wanderbot/share/wanderbot/package.bash'
[0.628s] INFO:colcon.colcon_core.shell:Creating package script '/home/kohjj27/my_ws/install/wanderbot/share/wanderbot/package.zsh'
[0.629s] Level 1:colcon.colcon_core.environment:create_file_with_runtime_dependencies(/home/kohjj27/my_ws/install/wanderbot/share/colcon-core/packages/wanderbot)
[0.629s] Level 1:colcon.colcon_core.environment:create_environment_scripts_only(wanderbot)
[0.629s] Level 1:colcon.colcon_core.environment:checking '/home/kohjj27/my_ws/install/wanderbot' for CMake module files
[0.630s] Level 1:colcon.colcon_core.environment:checking '/home/kohjj27/my_ws/install/wanderbot' for CMake config files
[0.630s] Level 1:colcon.colcon_core.shell:create_environment_hook('wanderbot', 'cmake_prefix_path')
[0.630s] INFO:colcon.colcon_core.shell:Creating environment hook '/home/kohjj27/my_ws/install/wanderbot/share/wanderbot/hook/cmake_prefix_path.ps1'
[0.631s] INFO:colcon.colcon_core.shell:Creating environment descriptor '/home/kohjj27/my_ws/install/wanderbot/share/wanderbot/hook/cmake_prefix_path.dsv'
[0.631s] INFO:colcon.colcon_core.shell:Creating environment hook '/home/kohjj27/my_ws/install/wanderbot/share/wanderbot/hook/cmake_prefix_path.sh'
[0.632s] Level 1:colcon.colcon_core.environment:checking '/home/kohjj27/my_ws/install/wanderbot/lib'
[0.632s] Level 1:colcon.colcon_core.environment:checking '/home/kohjj27/my_ws/install/wanderbot/bin'
[0.632s] Level 1:colcon.colcon_core.environment:checking '/home/kohjj27/my_ws/install/wanderbot/lib/pkgconfig/wanderbot.pc'
[0.632s] Level 1:colcon.colcon_core.environment:checking '/home/kohjj27/my_ws/install/wanderbot/lib/python3.10/site-packages'
[0.632s] Level 1:colcon.colcon_core.environment:checking '/home/kohjj27/my_ws/install/wanderbot/bin'
[0.633s] INFO:colcon.colcon_core.shell:Creating package script '/home/kohjj27/my_ws/install/wanderbot/share/wanderbot/package.ps1'
[0.633s] INFO:colcon.colcon_core.shell:Creating package descriptor '/home/kohjj27/my_ws/install/wanderbot/share/wanderbot/package.dsv'
[0.634s] INFO:colcon.colcon_core.shell:Creating package script '/home/kohjj27/my_ws/install/wanderbot/share/wanderbot/package.sh'
[0.634s] INFO:colcon.colcon_core.shell:Creating package script '/home/kohjj27/my_ws/install/wanderbot/share/wanderbot/package.bash'
[0.634s] INFO:colcon.colcon_core.shell:Creating package script '/home/kohjj27/my_ws/install/wanderbot/share/wanderbot/package.zsh'
[0.635s] Level 1:colcon.colcon_core.environment:create_file_with_runtime_dependencies(/home/kohjj27/my_ws/install/wanderbot/share/colcon-core/packages/wanderbot)
[0.640s] DEBUG:colcon.colcon_core.event_handler.log_command:Invoking command in '/home/kohjj27/my_ws/build/turtlebot3_simulations': CMAKE_PREFIX_PATH=/home/kohjj27/my_ws/install/turtlebot3_gazebo:/home/kohjj27/my_ws/install/turtlebot3_fake_node:/home/kohjj27/my_ws/install/wanderbot:/home/kohjj27/my_ws/install/turtlebot3_simulations:/home/kohjj27/my_ws/install/topic_ex_c:/opt/ros/humble /usr/bin/cmake --build /home/kohjj27/my_ws/build/turtlebot3_simulations -- -j16 -l16
[0.694s] DEBUG:colcon.colcon_core.event_handler.log_command:Invoked command in '/home/kohjj27/my_ws/build/turtlebot3_simulations' returned '0': CMAKE_PREFIX_PATH=/home/kohjj27/my_ws/install/turtlebot3_gazebo:/home/kohjj27/my_ws/install/turtlebot3_fake_node:/home/kohjj27/my_ws/install/wanderbot:/home/kohjj27/my_ws/install/turtlebot3_simulations:/home/kohjj27/my_ws/install/topic_ex_c:/opt/ros/humble /usr/bin/cmake --build /home/kohjj27/my_ws/build/turtlebot3_simulations -- -j16 -l16
[0.696s] DEBUG:colcon.colcon_core.event_handler.log_command:Invoking command in '/home/kohjj27/my_ws/build/turtlebot3_simulations': CMAKE_PREFIX_PATH=/home/kohjj27/my_ws/install/turtlebot3_gazebo:/home/kohjj27/my_ws/install/turtlebot3_fake_node:/home/kohjj27/my_ws/install/wanderbot:/home/kohjj27/my_ws/install/turtlebot3_simulations:/home/kohjj27/my_ws/install/topic_ex_c:/opt/ros/humble /usr/bin/cmake --install /home/kohjj27/my_ws/build/turtlebot3_simulations
[0.708s] Level 1:colcon.colcon_core.environment:create_environment_scripts_only(turtlebot3_simulations)
[0.709s] DEBUG:colcon.colcon_core.event_handler.log_command:Invoked command in '/home/kohjj27/my_ws/build/turtlebot3_simulations' returned '0': CMAKE_PREFIX_PATH=/home/kohjj27/my_ws/install/turtlebot3_gazebo:/home/kohjj27/my_ws/install/turtlebot3_fake_node:/home/kohjj27/my_ws/install/wanderbot:/home/kohjj27/my_ws/install/turtlebot3_simulations:/home/kohjj27/my_ws/install/topic_ex_c:/opt/ros/humble /usr/bin/cmake --install /home/kohjj27/my_ws/build/turtlebot3_simulations
[0.709s] Level 1:colcon.colcon_core.environment:checking '/home/kohjj27/my_ws/install/turtlebot3_simulations' for CMake module files
[0.710s] Level 1:colcon.colcon_core.environment:checking '/home/kohjj27/my_ws/install/turtlebot3_simulations' for CMake config files
[0.710s] Level 1:colcon.colcon_core.shell:create_environment_hook('turtlebot3_simulations', 'cmake_prefix_path')
[0.710s] INFO:colcon.colcon_core.shell:Creating environment hook '/home/kohjj27/my_ws/install/turtlebot3_simulations/share/turtlebot3_simulations/hook/cmake_prefix_path.ps1'
[0.711s] INFO:colcon.colcon_core.shell:Creating environment descriptor '/home/kohjj27/my_ws/install/turtlebot3_simulations/share/turtlebot3_simulations/hook/cmake_prefix_path.dsv'
[0.711s] INFO:colcon.colcon_core.shell:Creating environment hook '/home/kohjj27/my_ws/install/turtlebot3_simulations/share/turtlebot3_simulations/hook/cmake_prefix_path.sh'
[0.712s] Level 1:colcon.colcon_core.environment:checking '/home/kohjj27/my_ws/install/turtlebot3_simulations/bin'
[0.712s] Level 1:colcon.colcon_core.environment:checking '/home/kohjj27/my_ws/install/turtlebot3_simulations/lib/pkgconfig/turtlebot3_simulations.pc'
[0.712s] Level 1:colcon.colcon_core.environment:checking '/home/kohjj27/my_ws/install/turtlebot3_simulations/lib/python3.10/site-packages'
[0.712s] Level 1:colcon.colcon_core.environment:checking '/home/kohjj27/my_ws/install/turtlebot3_simulations/bin'
[0.712s] INFO:colcon.colcon_core.shell:Creating package script '/home/kohjj27/my_ws/install/turtlebot3_simulations/share/turtlebot3_simulations/package.ps1'
[0.713s] INFO:colcon.colcon_core.shell:Creating package descriptor '/home/kohjj27/my_ws/install/turtlebot3_simulations/share/turtlebot3_simulations/package.dsv'
[0.713s] INFO:colcon.colcon_core.shell:Creating package script '/home/kohjj27/my_ws/install/turtlebot3_simulations/share/turtlebot3_simulations/package.sh'
[0.714s] INFO:colcon.colcon_core.shell:Creating package script '/home/kohjj27/my_ws/install/turtlebot3_simulations/share/turtlebot3_simulations/package.bash'
[0.714s] INFO:colcon.colcon_core.shell:Creating package script '/home/kohjj27/my_ws/install/turtlebot3_simulations/share/turtlebot3_simulations/package.zsh'
[0.714s] Level 1:colcon.colcon_core.environment:create_file_with_runtime_dependencies(/home/kohjj27/my_ws/install/turtlebot3_simulations/share/colcon-core/packages/turtlebot3_simulations)
[0.715s] Level 1:colcon.colcon_core.environment:create_environment_scripts_only(turtlebot3_simulations)
[0.715s] Level 1:colcon.colcon_core.environment:checking '/home/kohjj27/my_ws/install/turtlebot3_simulations' for CMake module files
[0.716s] Level 1:colcon.colcon_core.environment:checking '/home/kohjj27/my_ws/install/turtlebot3_simulations' for CMake config files
[0.716s] Level 1:colcon.colcon_core.shell:create_environment_hook('turtlebot3_simulations', 'cmake_prefix_path')
[0.716s] INFO:colcon.colcon_core.shell:Creating environment hook '/home/kohjj27/my_ws/install/turtlebot3_simulations/share/turtlebot3_simulations/hook/cmake_prefix_path.ps1'
[0.717s] INFO:colcon.colcon_core.shell:Creating environment descriptor '/home/kohjj27/my_ws/install/turtlebot3_simulations/share/turtlebot3_simulations/hook/cmake_prefix_path.dsv'
[0.717s] INFO:colcon.colcon_core.shell:Creating environment hook '/home/kohjj27/my_ws/install/turtlebot3_simulations/share/turtlebot3_simulations/hook/cmake_prefix_path.sh'
[0.718s] Level 1:colcon.colcon_core.environment:checking '/home/kohjj27/my_ws/install/turtlebot3_simulations/bin'
[0.718s] Level 1:colcon.colcon_core.environment:checking '/home/kohjj27/my_ws/install/turtlebot3_simulations/lib/pkgconfig/turtlebot3_simulations.pc'
[0.718s] Level 1:colcon.colcon_core.environment:checking '/home/kohjj27/my_ws/install/turtlebot3_simulations/lib/python3.10/site-packages'
[0.718s] Level 1:colcon.colcon_core.environment:checking '/home/kohjj27/my_ws/install/turtlebot3_simulations/bin'
[0.718s] INFO:colcon.colcon_core.shell:Creating package script '/home/kohjj27/my_ws/install/turtlebot3_simulations/share/turtlebot3_simulations/package.ps1'
[0.719s] INFO:colcon.colcon_core.shell:Creating package descriptor '/home/kohjj27/my_ws/install/turtlebot3_simulations/share/turtlebot3_simulations/package.dsv'
[0.719s] INFO:colcon.colcon_core.shell:Creating package script '/home/kohjj27/my_ws/install/turtlebot3_simulations/share/turtlebot3_simulations/package.sh'
[0.720s] INFO:colcon.colcon_core.shell:Creating package script '/home/kohjj27/my_ws/install/turtlebot3_simulations/share/turtlebot3_simulations/package.bash'
[0.720s] INFO:colcon.colcon_core.shell:Creating package script '/home/kohjj27/my_ws/install/turtlebot3_simulations/share/turtlebot3_simulations/package.zsh'
[0.720s] Level 1:colcon.colcon_core.environment:create_file_with_runtime_dependencies(/home/kohjj27/my_ws/install/turtlebot3_simulations/share/colcon-core/packages/turtlebot3_simulations)
[0.721s] DEBUG:colcon.colcon_parallel_executor.executor.parallel:closing loop
[0.721s] DEBUG:colcon.colcon_parallel_executor.executor.parallel:loop closed
[0.721s] DEBUG:colcon.colcon_parallel_executor.executor.parallel:run_until_complete finished with '0'
[0.721s] DEBUG:colcon.colcon_core.event_reactor:joining thread
[0.728s] INFO:colcon.colcon_core.plugin_system:Skipping extension 'colcon_notification.desktop_notification.terminal_notifier': Not used on non-Darwin systems
[0.728s] INFO:colcon.colcon_core.plugin_system:Skipping extension 'colcon_notification.desktop_notification.win32': Not used on non-Windows systems
[0.728s] INFO:colcon.colcon_notification.desktop_notification:Sending desktop notification using 'notify2'
[0.742s] DEBUG:colcon.colcon_core.event_reactor:joined thread
[0.743s] INFO:colcon.colcon_core.shell:Creating prefix script '/home/kohjj27/my_ws/install/local_setup.ps1'
[0.745s] INFO:colcon.colcon_core.shell:Creating prefix util module '/home/kohjj27/my_ws/install/_local_setup_util_ps1.py'
[0.746s] INFO:colcon.colcon_core.shell:Creating prefix chain script '/home/kohjj27/my_ws/install/setup.ps1'
[0.748s] INFO:colcon.colcon_core.shell:Creating prefix script '/home/kohjj27/my_ws/install/local_setup.sh'
[0.749s] INFO:colcon.colcon_core.shell:Creating prefix util module '/home/kohjj27/my_ws/install/_local_setup_util_sh.py'
[0.749s] INFO:colcon.colcon_core.shell:Creating prefix chain script '/home/kohjj27/my_ws/install/setup.sh'
[0.751s] INFO:colcon.colcon_core.shell:Creating prefix script '/home/kohjj27/my_ws/install/local_setup.bash'
[0.752s] INFO:colcon.colcon_core.shell:Creating prefix chain script '/home/kohjj27/my_ws/install/setup.bash'
[0.753s] INFO:colcon.colcon_core.shell:Creating prefix script '/home/kohjj27/my_ws/install/local_setup.zsh'
[0.753s] INFO:colcon.colcon_core.shell:Creating prefix chain script '/home/kohjj27/my_ws/install/setup.zsh'
