[0.012s] Invoking command in '/home/kohjj27/my_ws/build/topic_ex_c': CMAKE_PREFIX_PATH=/opt/ros/humble /usr/bin/cmake --build /home/kohjj27/my_ws/build/topic_ex_c -- -j16 -l16
[0.043s] -- Found ament_cmake: 1.3.11 (/opt/ros/humble/share/ament_cmake/cmake)
[0.174s] -- Found rclcpp: 16.0.11 (/opt/ros/humble/share/rclcpp/cmake)
[0.202s] -- Found rosidl_generator_c: 3.1.6 (/opt/ros/humble/share/rosidl_generator_c/cmake)
[0.205s] -- Found rosidl_adapter: 3.1.6 (/opt/ros/humble/share/rosidl_adapter/cmake)
[0.211s] -- Found rosidl_generator_cpp: 3.1.6 (/opt/ros/humble/share/rosidl_generator_cpp/cmake)
[0.220s] -- Using all available rosidl_typesupport_c: rosidl_typesupport_fastrtps_c;rosidl_typesupport_introspection_c
[0.234s] -- Using all available rosidl_typesupport_cpp: rosidl_typesupport_fastrtps_cpp;rosidl_typesupport_introspection_cpp
[0.266s] -- Found rmw_implementation_cmake: 6.1.2 (/opt/ros/humble/share/rmw_implementation_cmake/cmake)
[0.266s] -- Found rmw_fastrtps_cpp: 6.2.7 (/opt/ros/humble/share/rmw_fastrtps_cpp/cmake)
[0.377s] -- Using RMW implementation 'rmw_fastrtps_cpp' as default
[0.425s] -- Found ament_lint_auto: 0.12.11 (/opt/ros/humble/share/ament_lint_auto/cmake)
[0.494s] -- Added test 'cppcheck' to perform static code analysis on C / C++ code
[0.495s] -- Configured cppcheck include dirs: 
[0.495s] -- Configured cppcheck exclude dirs and/or files: 
[0.495s] -- Added test 'lint_cmake' to check CMake code style
[0.496s] -- Added test 'uncrustify' to check C / C++ code style
[0.496s] -- Configured uncrustify additional arguments: 
[0.496s] -- Added test 'xmllint' to check XML markup files
[0.497s] -- Configuring done
[0.510s] -- Generating done
[0.515s] -- Build files have been written to: /home/kohjj27/my_ws/build/topic_ex_c
[0.549s] [35m[1mConsolidate compiler generated dependencies of target topic_pub[0m
[0.561s] [ 25%] [32mBuilding CXX object CMakeFiles/topic_sub.dir/src/topic_subscriber.cpp.o[0m
[0.569s] [ 75%] Built target topic_pub
[2.815s] [01m[K/home/kohjj27/my_ws/src/topic_ex_c/src/topic_subscriber.cpp:[m[K In constructor ‘[01m[KMinSub::MinSub()[m[K’:
[2.815s] [01m[K/home/kohjj27/my_ws/src/topic_ex_c/src/topic_subscriber.cpp:16:57:[m[K [01;31m[Kerror: [m[K‘[01m[Ktopic_callbak[m[K’ is not a member of ‘[01m[KMinSub[m[K’
[2.815s]    16 |                         "count", 10, std::bind(&MinSub::[01;31m[Ktopic_callbak[m[K, this, _1));
[2.815s]       |                                                         [01;31m[K^~~~~~~~~~~~~[m[K
[3.238s] gmake[2]: *** [CMakeFiles/topic_sub.dir/build.make:76: CMakeFiles/topic_sub.dir/src/topic_subscriber.cpp.o] Error 1
[3.238s] gmake[1]: *** [CMakeFiles/Makefile2:165: CMakeFiles/topic_sub.dir/all] Error 2
[3.239s] gmake: *** [Makefile:146: all] Error 2
[3.242s] Invoked command in '/home/kohjj27/my_ws/build/topic_ex_c' returned '2': CMAKE_PREFIX_PATH=/opt/ros/humble /usr/bin/cmake --build /home/kohjj27/my_ws/build/topic_ex_c -- -j16 -l16
