[35m[1mConsolidate compiler generated dependencies of target go_scan[0m
[ 25%] [32mBuilding CXX object CMakeFiles/go_rot.dir/src/go_rot.cpp.o[0m
[ 75%] Built target go_scan
[100%] [32m[1mLinking CXX executable go_rot[0m
[100%] Built target go_rot
-- Install configuration: ""
-- Installing: /home/kohjj27/my_ws/install/wanderbot/lib/wanderbot/go_rot
-- Set runtime path of "/home/kohjj27/my_ws/install/wanderbot/lib/wanderbot/go_rot" to ""
-- Up-to-date: /home/kohjj27/my_ws/install/wanderbot/lib/wanderbot/go_scan
-- Up-to-date: /home/kohjj27/my_ws/install/wanderbot/share/ament_index/resource_index/package_run_dependencies/wanderbot
-- Up-to-date: /home/kohjj27/my_ws/install/wanderbot/share/ament_index/resource_index/parent_prefix_path/wanderbot
-- Up-to-date: /home/kohjj27/my_ws/install/wanderbot/share/wanderbot/environment/ament_prefix_path.sh
-- Up-to-date: /home/kohjj27/my_ws/install/wanderbot/share/wanderbot/environment/ament_prefix_path.dsv
-- Up-to-date: /home/kohjj27/my_ws/install/wanderbot/share/wanderbot/environment/path.sh
-- Up-to-date: /home/kohjj27/my_ws/install/wanderbot/share/wanderbot/environment/path.dsv
-- Up-to-date: /home/kohjj27/my_ws/install/wanderbot/share/wanderbot/local_setup.bash
-- Up-to-date: /home/kohjj27/my_ws/install/wanderbot/share/wanderbot/local_setup.sh
-- Up-to-date: /home/kohjj27/my_ws/install/wanderbot/share/wanderbot/local_setup.zsh
-- Up-to-date: /home/kohjj27/my_ws/install/wanderbot/share/wanderbot/local_setup.dsv
-- Installing: /home/kohjj27/my_ws/install/wanderbot/share/wanderbot/package.dsv
-- Up-to-date: /home/kohjj27/my_ws/install/wanderbot/share/ament_index/resource_index/packages/wanderbot
-- Up-to-date: /home/kohjj27/my_ws/install/wanderbot/share/wanderbot/cmake/wanderbotConfig.cmake
-- Up-to-date: /home/kohjj27/my_ws/install/wanderbot/share/wanderbot/cmake/wanderbotConfig-version.cmake
-- Up-to-date: /home/kohjj27/my_ws/install/wanderbot/share/wanderbot/package.xml
