[0.009s] Invoking command in '/home/kohjj27/my_ws/build/turtlebot3_gazebo': CMAKE_PREFIX_PATH=/opt/ros/humble /usr/bin/cmake /home/kohjj27/my_ws/src/turtlebot3_simulations/turtlebot3_gazebo -DCMAKE_INSTALL_PREFIX=/home/kohjj27/my_ws/install/turtlebot3_gazebo
[0.092s] -- The C compiler identification is GNU 11.4.0
[0.155s] -- The CXX compiler identification is GNU 11.4.0
[0.162s] -- Detecting C compiler ABI info
[0.213s] -- Detecting C compiler ABI info - done
[0.218s] -- Check for working C compiler: /usr/bin/cc - skipped
[0.218s] -- Detecting C compile features
[0.218s] -- Detecting C compile features - done
[0.221s] -- Detecting CXX compiler ABI info
[0.280s] -- Detecting CXX compiler ABI info - done
[0.285s] -- Check for working CXX compiler: /usr/bin/c++ - skipped
[0.285s] -- Detecting CXX compile features
[0.285s] -- Detecting CXX compile features - done
[0.288s] -- Found ament_cmake: 1.3.11 (/opt/ros/humble/share/ament_cmake/cmake)
[0.395s] -- Found Python3: /usr/bin/python3 (found version "3.10.12") found components: Interpreter 
[0.474s] [33mCMake Warning (dev) at /usr/share/cmake-3.22/Modules/FindPackageHandleStandardArgs.cmake:438 (message):
[0.475s]   The package name passed to `find_package_handle_standard_args` (PkgConfig)
[0.475s]   does not match the name of the calling package (gazebo).  This can lead to
[0.475s]   problems in calling code that expects `find_package` result variables
[0.475s]   (e.g., `_FOUND`) to follow a certain pattern.
[0.475s] Call Stack (most recent call first):
[0.475s]   /usr/share/cmake-3.22/Modules/FindPkgConfig.cmake:99 (find_package_handle_standard_args)
[0.475s]   /usr/lib/x86_64-linux-gnu/cmake/gazebo/gazebo-config.cmake:72 (include)
[0.475s]   CMakeLists.txt:23 (find_package)
[0.475s] This warning is for project developers.  Use -Wno-dev to suppress it.
[0.475s] [0m
[0.475s] -- Found PkgConfig: /usr/bin/pkg-config (found version "0.29.2") 
[0.478s] -- Checking for module 'bullet>=2.82'
[0.488s] --   Found bullet, version 3.05
[0.574s] -- Found fcl: /usr/include (found suitable version "0.7.0", minimum required is "0.5.0") 
[0.614s] -- Found assimp: /usr/include (found version "5.2.0") 
[0.634s] -- Found DART: /usr/include (Required is at least version "6.6") found components: dart 
[0.779s] -- Found Boost: /usr/lib/x86_64-linux-gnu/cmake/Boost-1.74.0/BoostConfig.cmake (found suitable version "1.74.0", minimum required is "1.40.0") found components: thread system filesystem program_options regex iostreams date_time 
[0.793s] -- Found Protobuf: /usr/lib/x86_64-linux-gnu/libprotobuf.so (found version "3.12.4") 
[0.797s] -- Looking for ignition-math6 -- found version 6.15.1
[0.803s] -- Searching for dependencies of ignition-math6
[0.805s] -- Looking for OGRE...
[0.805s] -- OGRE_PREFIX_WATCH changed.
[0.809s] -- Checking for module 'OGRE'
[0.819s] --   Found OGRE, version 1.9.0
[0.846s] -- Found Ogre Ghadamon (1.9.0)
[0.854s] -- Found OGRE: optimized;/usr/lib/x86_64-linux-gnu/libOgreMain.so;debug;/usr/lib/x86_64-linux-gnu/libOgreMain.so
[0.861s] -- Looking for OGRE_Paging...
[0.865s] -- Found OGRE_Paging: optimized;/usr/lib/x86_64-linux-gnu/libOgrePaging.so;debug;/usr/lib/x86_64-linux-gnu/libOgrePaging.so
[0.865s] -- Looking for OGRE_Terrain...
[0.868s] -- Found OGRE_Terrain: optimized;/usr/lib/x86_64-linux-gnu/libOgreTerrain.so;debug;/usr/lib/x86_64-linux-gnu/libOgreTerrain.so
[0.868s] -- Looking for OGRE_Property...
[0.871s] -- Found OGRE_Property: optimized;/usr/lib/x86_64-linux-gnu/libOgreProperty.so;debug;/usr/lib/x86_64-linux-gnu/libOgreProperty.so
[0.871s] -- Looking for OGRE_RTShaderSystem...
[0.874s] -- Found OGRE_RTShaderSystem: optimized;/usr/lib/x86_64-linux-gnu/libOgreRTShaderSystem.so;debug;/usr/lib/x86_64-linux-gnu/libOgreRTShaderSystem.so
[0.874s] -- Looking for OGRE_Volume...
[0.877s] -- Found OGRE_Volume: optimized;/usr/lib/x86_64-linux-gnu/libOgreVolume.so;debug;/usr/lib/x86_64-linux-gnu/libOgreVolume.so
[0.877s] -- Looking for OGRE_Overlay...
[0.880s] -- Found OGRE_Overlay: optimized;/usr/lib/x86_64-linux-gnu/libOgreOverlay.so;debug;/usr/lib/x86_64-linux-gnu/libOgreOverlay.so
[0.947s] -- Looking for ignition-math6 -- found version 6.15.1
[0.949s] -- Looking for ignition-transport8 -- found version 8.2.1
[0.949s] -- Searching for dependencies of ignition-transport8
[0.963s] -- Found Protobuf: /usr/lib/x86_64-linux-gnu/libprotobuf.so (found suitable version "3.12.4", minimum required is "3") 
[0.973s] -- Config-file not installed for ZeroMQ -- checking for pkg-config
[0.976s] -- Checking for module 'libzmq >= 4'
[0.988s] --   Found libzmq , version 4.3.4
[1.018s] -- Found ZeroMQ: TRUE (Required is at least version "4") 
[1.023s] -- Checking for module 'uuid'
[1.033s] --   Found uuid, version 2.37.2
[1.062s] -- Found UUID: TRUE  
[1.064s] -- Looking for ignition-msgs5 -- found version 5.8.1
[1.064s] -- Searching for dependencies of ignition-msgs5
[1.080s] -- Looking for ignition-math6 -- found version 6.15.1
[1.084s] -- Checking for module 'tinyxml2'
[1.095s] --   Found tinyxml2, version 9.0.0
[1.124s] -- Looking for ignition-msgs5 -- found version 5.8.1
[1.126s] -- Looking for ignition-common3 -- found version 3.14.0
[1.126s] -- Searching for dependencies of ignition-common3
[1.126s] -- Looking for dlfcn.h - found
[1.127s] -- Looking for libdl - found
[1.128s] -- Found DL: TRUE  
[1.137s] -- Found tinyobjloader: /usr/lib/x86_64-linux-gnu/cmake/tinyobjloader/tinyobjloader-config.cmake (found version "2.0.0") 
[1.137s] -- Searching for <ignition-common3> component [graphics]
[1.138s] -- Looking for ignition-common3-graphics -- found version 3.14.0
[1.139s] -- Searching for dependencies of ignition-common3-graphics
[1.139s] -- Looking for ignition-math6 -- found version 6.15.1
[1.141s] -- Looking for ignition-fuel_tools4 -- found version 4.4.0
[1.141s] -- Searching for dependencies of ignition-fuel_tools4
[1.203s] -- Found CURL: /usr/lib/x86_64-linux-gnu/libcurl.so (found version "7.81.0")  
[1.210s] -- Checking for module 'jsoncpp'
[1.221s] --   Found jsoncpp, version 1.9.5
[1.249s] -- Found JSONCPP: TRUE  
[1.253s] -- Checking for module 'libzip'
[1.263s] --   Found libzip, version 1.7.3
[1.292s] -- Found ZIP: TRUE  
[1.292s] -- Looking for ignition-common3 -- found version 3.14.0
[1.292s] -- Looking for ignition-math6 -- found version 6.15.1
[1.292s] -- Looking for ignition-msgs5 -- found version 5.8.1
[1.296s] -- Found gazebo_ros_pkgs: 3.9.0 (/opt/ros/humble/share/gazebo_ros_pkgs/cmake)
[1.298s] -- Found geometry_msgs: 4.2.4 (/opt/ros/humble/share/geometry_msgs/cmake)
[1.319s] -- Found rosidl_generator_c: 3.1.6 (/opt/ros/humble/share/rosidl_generator_c/cmake)
[1.323s] -- Found rosidl_adapter: 3.1.6 (/opt/ros/humble/share/rosidl_adapter/cmake)
[1.329s] -- Found rosidl_generator_cpp: 3.1.6 (/opt/ros/humble/share/rosidl_generator_cpp/cmake)
[1.338s] -- Using all available rosidl_typesupport_c: rosidl_typesupport_fastrtps_c;rosidl_typesupport_introspection_c
[1.349s] -- Using all available rosidl_typesupport_cpp: rosidl_typesupport_fastrtps_cpp;rosidl_typesupport_introspection_cpp
[1.376s] -- Found nav_msgs: 4.2.4 (/opt/ros/humble/share/nav_msgs/cmake)
[1.388s] -- Found rclcpp: 16.0.11 (/opt/ros/humble/share/rclcpp/cmake)
[1.414s] -- Found rmw_implementation_cmake: 6.1.2 (/opt/ros/humble/share/rmw_implementation_cmake/cmake)
[1.416s] -- Found rmw_fastrtps_cpp: 6.2.7 (/opt/ros/humble/share/rmw_fastrtps_cpp/cmake)
[1.490s] -- Found OpenSSL: /usr/lib/x86_64-linux-gnu/libcrypto.so (found version "3.0.2")  
[1.512s] -- Found FastRTPS: /opt/ros/humble/include  
[1.548s] -- Using RMW implementation 'rmw_fastrtps_cpp' as default
[1.555s] -- Found Threads: TRUE  
[1.583s] -- Found sensor_msgs: 4.2.4 (/opt/ros/humble/share/sensor_msgs/cmake)
[1.597s] -- Found tf2: 0.25.12 (/opt/ros/humble/share/tf2/cmake)
[1.657s] -- Configuring done
[1.691s] -- Generating done
[1.696s] -- Build files have been written to: /home/kohjj27/my_ws/build/turtlebot3_gazebo
[1.709s] Invoked command in '/home/kohjj27/my_ws/build/turtlebot3_gazebo' returned '0': CMAKE_PREFIX_PATH=/opt/ros/humble /usr/bin/cmake /home/kohjj27/my_ws/src/turtlebot3_simulations/turtlebot3_gazebo -DCMAKE_INSTALL_PREFIX=/home/kohjj27/my_ws/install/turtlebot3_gazebo
[1.710s] Invoking command in '/home/kohjj27/my_ws/build/turtlebot3_gazebo': CMAKE_PREFIX_PATH=/opt/ros/humble /usr/bin/cmake --build /home/kohjj27/my_ws/build/turtlebot3_gazebo -- -j16 -l16
[1.753s] [ 50%] [32mBuilding CXX object CMakeFiles/obstacles.dir/models/turtlebot3_dqn_world/obstacle_plugin/obstacles.cc.o[0m
[1.753s] [ 50%] [32mBuilding CXX object CMakeFiles/obstacle2.dir/models/turtlebot3_dqn_world/obstacle_plugin/obstacle2.cc.o[0m
[1.754s] [ 50%] [32mBuilding CXX object CMakeFiles/obstacle1.dir/models/turtlebot3_dqn_world/obstacle_plugin/obstacle1.cc.o[0m
[1.754s] [ 50%] [32mBuilding CXX object CMakeFiles/turtlebot3_drive.dir/src/turtlebot3_drive.cpp.o[0m
[10.942s] [ 62%] [32m[1mLinking CXX shared library libobstacle2.so[0m
[10.989s] [ 75%] [32m[1mLinking CXX shared library libobstacle1.so[0m
[11.093s] [ 87%] [32m[1mLinking CXX executable turtlebot3_drive[0m
[11.167s] [100%] [32m[1mLinking CXX shared library libobstacles.so[0m
[11.167s] [100%] Built target obstacle2
[11.188s] [100%] Built target obstacle1
[11.347s] [100%] Built target obstacles
[11.459s] [100%] Built target turtlebot3_drive
[11.470s] Invoked command in '/home/kohjj27/my_ws/build/turtlebot3_gazebo' returned '0': CMAKE_PREFIX_PATH=/opt/ros/humble /usr/bin/cmake --build /home/kohjj27/my_ws/build/turtlebot3_gazebo -- -j16 -l16
[11.471s] Invoking command in '/home/kohjj27/my_ws/build/turtlebot3_gazebo': CMAKE_PREFIX_PATH=/opt/ros/humble /usr/bin/cmake --install /home/kohjj27/my_ws/build/turtlebot3_gazebo
[11.477s] -- Install configuration: ""
[11.477s] -- Installing: /home/kohjj27/my_ws/install/turtlebot3_gazebo/lib/turtlebot3_gazebo/turtlebot3_drive
[11.482s] -- Set runtime path of "/home/kohjj27/my_ws/install/turtlebot3_gazebo/lib/turtlebot3_gazebo/turtlebot3_drive" to ""
[11.482s] -- Installing: /home/kohjj27/my_ws/install/turtlebot3_gazebo/share/turtlebot3_gazebo//launch
[11.482s] -- Installing: /home/kohjj27/my_ws/install/turtlebot3_gazebo/share/turtlebot3_gazebo//launch/empty_world.launch.py
[11.482s] -- Installing: /home/kohjj27/my_ws/install/turtlebot3_gazebo/share/turtlebot3_gazebo//launch/turtlebot3_dqn_stage2.launch.py
[11.482s] -- Installing: /home/kohjj27/my_ws/install/turtlebot3_gazebo/share/turtlebot3_gazebo//launch/turtlebot3_dqn_stage1.launch.py
[11.482s] -- Installing: /home/kohjj27/my_ws/install/turtlebot3_gazebo/share/turtlebot3_gazebo//launch/spawn_turtlebot3.launch.py
[11.483s] -- Installing: /home/kohjj27/my_ws/install/turtlebot3_gazebo/share/turtlebot3_gazebo//launch/turtlebot3_world.launch.py
[11.483s] -- Installing: /home/kohjj27/my_ws/install/turtlebot3_gazebo/share/turtlebot3_gazebo//launch/turtlebot3_dqn_stage3.launch.py
[11.483s] -- Installing: /home/kohjj27/my_ws/install/turtlebot3_gazebo/share/turtlebot3_gazebo//launch/turtlebot3_dqn_stage4.launch.py
[11.483s] -- Installing: /home/kohjj27/my_ws/install/turtlebot3_gazebo/share/turtlebot3_gazebo//launch/turtlebot3_house.launch.py
[11.483s] -- Installing: /home/kohjj27/my_ws/install/turtlebot3_gazebo/share/turtlebot3_gazebo//launch/robot_state_publisher.launch.py
[11.483s] -- Installing: /home/kohjj27/my_ws/install/turtlebot3_gazebo/share/turtlebot3_gazebo//models
[11.483s] -- Installing: /home/kohjj27/my_ws/install/turtlebot3_gazebo/share/turtlebot3_gazebo//models/turtlebot3_burger
[11.483s] -- Installing: /home/kohjj27/my_ws/install/turtlebot3_gazebo/share/turtlebot3_gazebo//models/turtlebot3_burger/model.config
[11.483s] -- Installing: /home/kohjj27/my_ws/install/turtlebot3_gazebo/share/turtlebot3_gazebo//models/turtlebot3_burger/model.sdf
[11.483s] -- Installing: /home/kohjj27/my_ws/install/turtlebot3_gazebo/share/turtlebot3_gazebo//models/turtlebot3_burger/model-1_4.sdf
[11.484s] -- Installing: /home/kohjj27/my_ws/install/turtlebot3_gazebo/share/turtlebot3_gazebo//models/turtlebot3_house
[11.484s] -- Installing: /home/kohjj27/my_ws/install/turtlebot3_gazebo/share/turtlebot3_gazebo//models/turtlebot3_house/model.config
[11.484s] -- Installing: /home/kohjj27/my_ws/install/turtlebot3_gazebo/share/turtlebot3_gazebo//models/turtlebot3_house/model.sdf
[11.484s] -- Installing: /home/kohjj27/my_ws/install/turtlebot3_gazebo/share/turtlebot3_gazebo//models/turtlebot3_world
[11.484s] -- Installing: /home/kohjj27/my_ws/install/turtlebot3_gazebo/share/turtlebot3_gazebo//models/turtlebot3_world/model.config
[11.484s] -- Installing: /home/kohjj27/my_ws/install/turtlebot3_gazebo/share/turtlebot3_gazebo//models/turtlebot3_world/model.sdf
[11.484s] -- Installing: /home/kohjj27/my_ws/install/turtlebot3_gazebo/share/turtlebot3_gazebo//models/turtlebot3_world/model-1_4.sdf
[11.484s] -- Installing: /home/kohjj27/my_ws/install/turtlebot3_gazebo/share/turtlebot3_gazebo//models/turtlebot3_world/meshes
[11.484s] -- Installing: /home/kohjj27/my_ws/install/turtlebot3_gazebo/share/turtlebot3_gazebo//models/turtlebot3_world/meshes/hexagon.dae
[11.485s] -- Installing: /home/kohjj27/my_ws/install/turtlebot3_gazebo/share/turtlebot3_gazebo//models/turtlebot3_world/meshes/wall.dae
[11.485s] -- Installing: /home/kohjj27/my_ws/install/turtlebot3_gazebo/share/turtlebot3_gazebo//models/turtlebot3_waffle_pi
[11.485s] -- Installing: /home/kohjj27/my_ws/install/turtlebot3_gazebo/share/turtlebot3_gazebo//models/turtlebot3_waffle_pi/model.config
[11.485s] -- Installing: /home/kohjj27/my_ws/install/turtlebot3_gazebo/share/turtlebot3_gazebo//models/turtlebot3_waffle_pi/model.sdf
[11.485s] -- Installing: /home/kohjj27/my_ws/install/turtlebot3_gazebo/share/turtlebot3_gazebo//models/turtlebot3_waffle_pi/model-1_4_.sdf
[11.485s] -- Installing: /home/kohjj27/my_ws/install/turtlebot3_gazebo/share/turtlebot3_gazebo//models/turtlebot3_common
[11.485s] -- Installing: /home/kohjj27/my_ws/install/turtlebot3_gazebo/share/turtlebot3_gazebo//models/turtlebot3_common/model.config
[11.485s] -- Installing: /home/kohjj27/my_ws/install/turtlebot3_gazebo/share/turtlebot3_gazebo//models/turtlebot3_common/meshes
[11.485s] -- Installing: /home/kohjj27/my_ws/install/turtlebot3_gazebo/share/turtlebot3_gazebo//models/turtlebot3_common/meshes/burger_base.dae
[11.485s] -- Installing: /home/kohjj27/my_ws/install/turtlebot3_gazebo/share/turtlebot3_gazebo//models/turtlebot3_common/meshes/tire.dae
[11.485s] -- Installing: /home/kohjj27/my_ws/install/turtlebot3_gazebo/share/turtlebot3_gazebo//models/turtlebot3_common/meshes/lds.dae
[11.486s] -- Installing: /home/kohjj27/my_ws/install/turtlebot3_gazebo/share/turtlebot3_gazebo//models/turtlebot3_common/meshes/r200.dae
[11.486s] -- Installing: /home/kohjj27/my_ws/install/turtlebot3_gazebo/share/turtlebot3_gazebo//models/turtlebot3_common/meshes/waffle_base.dae
[11.486s] -- Installing: /home/kohjj27/my_ws/install/turtlebot3_gazebo/share/turtlebot3_gazebo//models/turtlebot3_common/meshes/waffle_pi_base.dae
[11.486s] -- Installing: /home/kohjj27/my_ws/install/turtlebot3_gazebo/share/turtlebot3_gazebo//models/turtlebot3_waffle
[11.486s] -- Installing: /home/kohjj27/my_ws/install/turtlebot3_gazebo/share/turtlebot3_gazebo//models/turtlebot3_waffle/model.config
[11.486s] -- Installing: /home/kohjj27/my_ws/install/turtlebot3_gazebo/share/turtlebot3_gazebo//models/turtlebot3_waffle/model.sdf
[11.486s] -- Installing: /home/kohjj27/my_ws/install/turtlebot3_gazebo/share/turtlebot3_gazebo//models/turtlebot3_waffle/model-1_4.sdf
[11.486s] -- Installing: /home/kohjj27/my_ws/install/turtlebot3_gazebo/share/turtlebot3_gazebo//models/turtlebot3_dqn_world
[11.487s] -- Installing: /home/kohjj27/my_ws/install/turtlebot3_gazebo/share/turtlebot3_gazebo//models/turtlebot3_dqn_world/inner_walls
[11.487s] -- Installing: /home/kohjj27/my_ws/install/turtlebot3_gazebo/share/turtlebot3_gazebo//models/turtlebot3_dqn_world/inner_walls/model.config
[11.487s] -- Installing: /home/kohjj27/my_ws/install/turtlebot3_gazebo/share/turtlebot3_gazebo//models/turtlebot3_dqn_world/inner_walls/model.sdf
[11.487s] -- Installing: /home/kohjj27/my_ws/install/turtlebot3_gazebo/share/turtlebot3_gazebo//models/turtlebot3_dqn_world/obstacle2
[11.487s] -- Installing: /home/kohjj27/my_ws/install/turtlebot3_gazebo/share/turtlebot3_gazebo//models/turtlebot3_dqn_world/obstacle2/model.config
[11.487s] -- Installing: /home/kohjj27/my_ws/install/turtlebot3_gazebo/share/turtlebot3_gazebo//models/turtlebot3_dqn_world/obstacle2/model.sdf
[11.487s] -- Installing: /home/kohjj27/my_ws/install/turtlebot3_gazebo/share/turtlebot3_gazebo//models/turtlebot3_dqn_world/model.config
[11.487s] -- Installing: /home/kohjj27/my_ws/install/turtlebot3_gazebo/share/turtlebot3_gazebo//models/turtlebot3_dqn_world/obstacle_plugin
[11.487s] -- Installing: /home/kohjj27/my_ws/install/turtlebot3_gazebo/share/turtlebot3_gazebo//models/turtlebot3_dqn_world/obstacle_plugin/obstacle2.cc
[11.487s] -- Installing: /home/kohjj27/my_ws/install/turtlebot3_gazebo/share/turtlebot3_gazebo//models/turtlebot3_dqn_world/obstacle_plugin/obstacles.cc
[11.487s] -- Installing: /home/kohjj27/my_ws/install/turtlebot3_gazebo/share/turtlebot3_gazebo//models/turtlebot3_dqn_world/obstacle_plugin/obstacle1.cc
[11.487s] -- Installing: /home/kohjj27/my_ws/install/turtlebot3_gazebo/share/turtlebot3_gazebo//models/turtlebot3_dqn_world/obstacle_plugin/CMakeLists.txt
[11.488s] -- Installing: /home/kohjj27/my_ws/install/turtlebot3_gazebo/share/turtlebot3_gazebo//models/turtlebot3_dqn_world/goal_box
[11.488s] -- Installing: /home/kohjj27/my_ws/install/turtlebot3_gazebo/share/turtlebot3_gazebo//models/turtlebot3_dqn_world/goal_box/model.config
[11.488s] -- Installing: /home/kohjj27/my_ws/install/turtlebot3_gazebo/share/turtlebot3_gazebo//models/turtlebot3_dqn_world/goal_box/model.sdf
[11.488s] -- Installing: /home/kohjj27/my_ws/install/turtlebot3_gazebo/share/turtlebot3_gazebo//models/turtlebot3_dqn_world/model.sdf
[11.488s] -- Installing: /home/kohjj27/my_ws/install/turtlebot3_gazebo/share/turtlebot3_gazebo//models/turtlebot3_dqn_world/obstacle1
[11.488s] -- Installing: /home/kohjj27/my_ws/install/turtlebot3_gazebo/share/turtlebot3_gazebo//models/turtlebot3_dqn_world/obstacle1/model.config
[11.488s] -- Installing: /home/kohjj27/my_ws/install/turtlebot3_gazebo/share/turtlebot3_gazebo//models/turtlebot3_dqn_world/obstacle1/model.sdf
[11.488s] -- Installing: /home/kohjj27/my_ws/install/turtlebot3_gazebo/share/turtlebot3_gazebo//models/turtlebot3_dqn_world/obstacles
[11.488s] -- Installing: /home/kohjj27/my_ws/install/turtlebot3_gazebo/share/turtlebot3_gazebo//models/turtlebot3_dqn_world/obstacles/model.config
[11.488s] -- Installing: /home/kohjj27/my_ws/install/turtlebot3_gazebo/share/turtlebot3_gazebo//models/turtlebot3_dqn_world/obstacles/model.sdf
[11.489s] -- Installing: /home/kohjj27/my_ws/install/turtlebot3_gazebo/share/turtlebot3_gazebo//rviz
[11.489s] -- Installing: /home/kohjj27/my_ws/install/turtlebot3_gazebo/share/turtlebot3_gazebo//rviz/tb3_gazebo.rviz
[11.489s] -- Installing: /home/kohjj27/my_ws/install/turtlebot3_gazebo/share/turtlebot3_gazebo//urdf
[11.489s] -- Installing: /home/kohjj27/my_ws/install/turtlebot3_gazebo/share/turtlebot3_gazebo//urdf/turtlebot3_burger.urdf
[11.489s] -- Installing: /home/kohjj27/my_ws/install/turtlebot3_gazebo/share/turtlebot3_gazebo//urdf/turtlebot3_waffle_pi.urdf
[11.489s] -- Installing: /home/kohjj27/my_ws/install/turtlebot3_gazebo/share/turtlebot3_gazebo//urdf/turtlebot3_waffle.urdf
[11.489s] -- Installing: /home/kohjj27/my_ws/install/turtlebot3_gazebo/share/turtlebot3_gazebo//urdf/common_properties.urdf
[11.490s] -- Installing: /home/kohjj27/my_ws/install/turtlebot3_gazebo/share/turtlebot3_gazebo//worlds
[11.490s] -- Installing: /home/kohjj27/my_ws/install/turtlebot3_gazebo/share/turtlebot3_gazebo//worlds/turtlebot3_world.world
[11.490s] -- Installing: /home/kohjj27/my_ws/install/turtlebot3_gazebo/share/turtlebot3_gazebo//worlds/empty_world.world
[11.490s] -- Installing: /home/kohjj27/my_ws/install/turtlebot3_gazebo/share/turtlebot3_gazebo//worlds/turtlebot3_dqn_stage3.world
[11.490s] -- Installing: /home/kohjj27/my_ws/install/turtlebot3_gazebo/share/turtlebot3_gazebo//worlds/turtlebot3_dqn_stage1.world
[11.490s] -- Installing: /home/kohjj27/my_ws/install/turtlebot3_gazebo/share/turtlebot3_gazebo//worlds/turtlebot3_house.world
[11.490s] -- Installing: /home/kohjj27/my_ws/install/turtlebot3_gazebo/share/turtlebot3_gazebo//worlds/turtlebot3_dqn_stage2.world
[11.490s] -- Installing: /home/kohjj27/my_ws/install/turtlebot3_gazebo/share/turtlebot3_gazebo//worlds/turtlebot3_dqn_stage4.world
[11.490s] -- Installing: /home/kohjj27/my_ws/install/turtlebot3_gazebo/include/
[11.491s] -- Installing: /home/kohjj27/my_ws/install/turtlebot3_gazebo/include//turtlebot3_gazebo
[11.491s] -- Installing: /home/kohjj27/my_ws/install/turtlebot3_gazebo/include//turtlebot3_gazebo/turtlebot3_drive.hpp
[11.491s] -- Installing: /home/kohjj27/my_ws/install/turtlebot3_gazebo/share/ament_index/resource_index/package_run_dependencies/turtlebot3_gazebo
[11.491s] -- Installing: /home/kohjj27/my_ws/install/turtlebot3_gazebo/share/ament_index/resource_index/parent_prefix_path/turtlebot3_gazebo
[11.491s] -- Installing: /home/kohjj27/my_ws/install/turtlebot3_gazebo/share/turtlebot3_gazebo/environment/ament_prefix_path.sh
[11.491s] -- Installing: /home/kohjj27/my_ws/install/turtlebot3_gazebo/share/turtlebot3_gazebo/environment/ament_prefix_path.dsv
[11.491s] -- Installing: /home/kohjj27/my_ws/install/turtlebot3_gazebo/share/turtlebot3_gazebo/environment/path.sh
[11.491s] -- Installing: /home/kohjj27/my_ws/install/turtlebot3_gazebo/share/turtlebot3_gazebo/environment/path.dsv
[11.492s] -- Installing: /home/kohjj27/my_ws/install/turtlebot3_gazebo/share/turtlebot3_gazebo/local_setup.bash
[11.492s] -- Installing: /home/kohjj27/my_ws/install/turtlebot3_gazebo/share/turtlebot3_gazebo/local_setup.sh
[11.492s] -- Installing: /home/kohjj27/my_ws/install/turtlebot3_gazebo/share/turtlebot3_gazebo/local_setup.zsh
[11.492s] -- Installing: /home/kohjj27/my_ws/install/turtlebot3_gazebo/share/turtlebot3_gazebo/local_setup.dsv
[11.492s] -- Installing: /home/kohjj27/my_ws/install/turtlebot3_gazebo/share/turtlebot3_gazebo/package.dsv
[11.492s] -- Installing: /home/kohjj27/my_ws/install/turtlebot3_gazebo/share/ament_index/resource_index/packages/turtlebot3_gazebo
[11.492s] -- Installing: /home/kohjj27/my_ws/install/turtlebot3_gazebo/share/turtlebot3_gazebo/cmake/ament_cmake_export_include_directories-extras.cmake
[11.492s] -- Installing: /home/kohjj27/my_ws/install/turtlebot3_gazebo/share/turtlebot3_gazebo/cmake/ament_cmake_export_dependencies-extras.cmake
[11.493s] -- Installing: /home/kohjj27/my_ws/install/turtlebot3_gazebo/share/turtlebot3_gazebo/cmake/turtlebot3_gazeboConfig.cmake
[11.493s] -- Installing: /home/kohjj27/my_ws/install/turtlebot3_gazebo/share/turtlebot3_gazebo/cmake/turtlebot3_gazeboConfig-version.cmake
[11.493s] -- Installing: /home/kohjj27/my_ws/install/turtlebot3_gazebo/share/turtlebot3_gazebo/package.xml
[11.494s] Invoked command in '/home/kohjj27/my_ws/build/turtlebot3_gazebo' returned '0': CMAKE_PREFIX_PATH=/opt/ros/humble /usr/bin/cmake --install /home/kohjj27/my_ws/build/turtlebot3_gazebo
