[0.152s] DEBUG:colcon:Command line arguments: ['/usr/bin/colcon', 'build']
[0.152s] DEBUG:colcon:Parsed command line arguments: Namespace(log_base=None, log_level=None, verb_name='build', build_base='build', install_base='install', merge_install=False, symlink_install=False, test_result_base=None, continue_on_error=False, executor='parallel', parallel_workers=16, event_handlers=None, ignore_user_meta=False, metas=['./colcon.meta'], base_paths=['.'], packages_ignore=None, packages_ignore_regex=None, paths=None, packages_up_to=None, packages_up_to_regex=None, packages_above=None, packages_above_and_dependencies=None, packages_above_depth=None, packages_select_by_dep=None, packages_skip_by_dep=None, packages_skip_up_to=None, packages_select_build_failed=False, packages_skip_build_finished=False, packages_select_test_failures=False, packages_skip_test_passed=False, packages_select=None, packages_skip=None, packages_select_regex=None, packages_skip_regex=None, packages_start=None, packages_end=None, allow_overriding=[], cmake_args=None, cmake_target=None, cmake_target_skip_unavailable=False, cmake_clean_cache=False, cmake_clean_first=False, cmake_force_configure=False, ament_cmake_args=None, catkin_cmake_args=None, catkin_skip_building_tests=False, mixin_files=None, mixin=None, verb_parser=<colcon_mixin.mixin.mixin_argument.MixinArgumentDecorator object at 0x7ef893551bd0>, verb_extension=<colcon_core.verb.build.BuildVerb object at 0x7ef8936cf070>, main=<bound method BuildVerb.main of <colcon_core.verb.build.BuildVerb object at 0x7ef8936cf070>>, mixin_verb=('build',))
[0.317s] Level 1:colcon.colcon_core.package_discovery:discover_packages(colcon_meta) check parameters
[0.317s] Level 1:colcon.colcon_core.package_discovery:discover_packages(recursive) check parameters
[0.317s] Level 1:colcon.colcon_core.package_discovery:discover_packages(ignore) check parameters
[0.317s] Level 1:colcon.colcon_core.package_discovery:discover_packages(path) check parameters
[0.317s] Level 1:colcon.colcon_core.package_discovery:discover_packages(colcon_meta) discover
[0.318s] Level 1:colcon.colcon_core.package_discovery:discover_packages(recursive) discover
[0.318s] INFO:colcon.colcon_core.package_discovery:Crawling recursively for packages in '/home/kohjj27/my_ws'
[0.318s] Level 1:colcon.colcon_core.package_identification:_identify(.) by extensions ['ignore', 'ignore_ament_install']
[0.318s] Level 1:colcon.colcon_core.package_identification:_identify(.) by extension 'ignore'
[0.318s] Level 1:colcon.colcon_core.package_identification:_identify(.) by extension 'ignore_ament_install'
[0.318s] Level 1:colcon.colcon_core.package_identification:_identify(.) by extensions ['colcon_pkg']
[0.318s] Level 1:colcon.colcon_core.package_identification:_identify(.) by extension 'colcon_pkg'
[0.318s] Level 1:colcon.colcon_core.package_identification:_identify(.) by extensions ['colcon_meta']
[0.318s] Level 1:colcon.colcon_core.package_identification:_identify(.) by extension 'colcon_meta'
[0.318s] Level 1:colcon.colcon_core.package_identification:_identify(.) by extensions ['ros']
[0.318s] Level 1:colcon.colcon_core.package_identification:_identify(.) by extension 'ros'
[0.326s] Level 1:colcon.colcon_core.package_identification:_identify(.) by extensions ['cmake', 'python']
[0.326s] Level 1:colcon.colcon_core.package_identification:_identify(.) by extension 'cmake'
[0.326s] Level 1:colcon.colcon_core.package_identification:_identify(.) by extension 'python'
[0.326s] Level 1:colcon.colcon_core.package_identification:_identify(.) by extensions ['python_setup_py']
[0.326s] Level 1:colcon.colcon_core.package_identification:_identify(.) by extension 'python_setup_py'
[0.326s] Level 1:colcon.colcon_core.package_identification:_identify(build) by extensions ['ignore', 'ignore_ament_install']
[0.326s] Level 1:colcon.colcon_core.package_identification:_identify(build) by extension 'ignore'
[0.326s] Level 1:colcon.colcon_core.package_identification:_identify(build) ignored
[0.326s] Level 1:colcon.colcon_core.package_identification:_identify(install) by extensions ['ignore', 'ignore_ament_install']
[0.326s] Level 1:colcon.colcon_core.package_identification:_identify(install) by extension 'ignore'
[0.326s] Level 1:colcon.colcon_core.package_identification:_identify(install) ignored
[0.326s] Level 1:colcon.colcon_core.package_identification:_identify(log) by extensions ['ignore', 'ignore_ament_install']
[0.326s] Level 1:colcon.colcon_core.package_identification:_identify(log) by extension 'ignore'
[0.326s] Level 1:colcon.colcon_core.package_identification:_identify(log) ignored
[0.326s] Level 1:colcon.colcon_core.package_identification:_identify(src) by extensions ['ignore', 'ignore_ament_install']
[0.327s] Level 1:colcon.colcon_core.package_identification:_identify(src) by extension 'ignore'
[0.327s] Level 1:colcon.colcon_core.package_identification:_identify(src) by extension 'ignore_ament_install'
[0.327s] Level 1:colcon.colcon_core.package_identification:_identify(src) by extensions ['colcon_pkg']
[0.327s] Level 1:colcon.colcon_core.package_identification:_identify(src) by extension 'colcon_pkg'
[0.327s] Level 1:colcon.colcon_core.package_identification:_identify(src) by extensions ['colcon_meta']
[0.327s] Level 1:colcon.colcon_core.package_identification:_identify(src) by extension 'colcon_meta'
[0.327s] Level 1:colcon.colcon_core.package_identification:_identify(src) by extensions ['ros']
[0.327s] Level 1:colcon.colcon_core.package_identification:_identify(src) by extension 'ros'
[0.327s] Level 1:colcon.colcon_core.package_identification:_identify(src) by extensions ['cmake', 'python']
[0.327s] Level 1:colcon.colcon_core.package_identification:_identify(src) by extension 'cmake'
[0.327s] Level 1:colcon.colcon_core.package_identification:_identify(src) by extension 'python'
[0.327s] Level 1:colcon.colcon_core.package_identification:_identify(src) by extensions ['python_setup_py']
[0.327s] Level 1:colcon.colcon_core.package_identification:_identify(src) by extension 'python_setup_py'
[0.327s] Level 1:colcon.colcon_core.package_identification:_identify(src/topic_ex_c) by extensions ['ignore', 'ignore_ament_install']
[0.327s] Level 1:colcon.colcon_core.package_identification:_identify(src/topic_ex_c) by extension 'ignore'
[0.327s] Level 1:colcon.colcon_core.package_identification:_identify(src/topic_ex_c) by extension 'ignore_ament_install'
[0.327s] Level 1:colcon.colcon_core.package_identification:_identify(src/topic_ex_c) by extensions ['colcon_pkg']
[0.327s] Level 1:colcon.colcon_core.package_identification:_identify(src/topic_ex_c) by extension 'colcon_pkg'
[0.327s] Level 1:colcon.colcon_core.package_identification:_identify(src/topic_ex_c) by extensions ['colcon_meta']
[0.327s] Level 1:colcon.colcon_core.package_identification:_identify(src/topic_ex_c) by extension 'colcon_meta'
[0.327s] Level 1:colcon.colcon_core.package_identification:_identify(src/topic_ex_c) by extensions ['ros']
[0.327s] Level 1:colcon.colcon_core.package_identification:_identify(src/topic_ex_c) by extension 'ros'
[0.329s] DEBUG:colcon.colcon_core.package_identification:Package 'src/topic_ex_c' with type 'ros.ament_cmake' and name 'topic_ex_c'
[0.329s] Level 1:colcon.colcon_core.package_identification:_identify(src/turtlebot3_simulations) by extensions ['ignore', 'ignore_ament_install']
[0.330s] Level 1:colcon.colcon_core.package_identification:_identify(src/turtlebot3_simulations) by extension 'ignore'
[0.330s] Level 1:colcon.colcon_core.package_identification:_identify(src/turtlebot3_simulations) by extension 'ignore_ament_install'
[0.330s] Level 1:colcon.colcon_core.package_identification:_identify(src/turtlebot3_simulations) by extensions ['colcon_pkg']
[0.330s] Level 1:colcon.colcon_core.package_identification:_identify(src/turtlebot3_simulations) by extension 'colcon_pkg'
[0.330s] Level 1:colcon.colcon_core.package_identification:_identify(src/turtlebot3_simulations) by extensions ['colcon_meta']
[0.330s] Level 1:colcon.colcon_core.package_identification:_identify(src/turtlebot3_simulations) by extension 'colcon_meta'
[0.330s] Level 1:colcon.colcon_core.package_identification:_identify(src/turtlebot3_simulations) by extensions ['ros']
[0.330s] Level 1:colcon.colcon_core.package_identification:_identify(src/turtlebot3_simulations) by extension 'ros'
[0.330s] Level 1:colcon.colcon_core.package_identification:_identify(src/turtlebot3_simulations) by extensions ['cmake', 'python']
[0.330s] Level 1:colcon.colcon_core.package_identification:_identify(src/turtlebot3_simulations) by extension 'cmake'
[0.330s] Level 1:colcon.colcon_core.package_identification:_identify(src/turtlebot3_simulations) by extension 'python'
[0.330s] Level 1:colcon.colcon_core.package_identification:_identify(src/turtlebot3_simulations) by extensions ['python_setup_py']
[0.330s] Level 1:colcon.colcon_core.package_identification:_identify(src/turtlebot3_simulations) by extension 'python_setup_py'
[0.330s] Level 1:colcon.colcon_core.package_identification:_identify(src/turtlebot3_simulations/turtlebot3_fake_node) by extensions ['ignore', 'ignore_ament_install']
[0.330s] Level 1:colcon.colcon_core.package_identification:_identify(src/turtlebot3_simulations/turtlebot3_fake_node) by extension 'ignore'
[0.330s] Level 1:colcon.colcon_core.package_identification:_identify(src/turtlebot3_simulations/turtlebot3_fake_node) by extension 'ignore_ament_install'
[0.330s] Level 1:colcon.colcon_core.package_identification:_identify(src/turtlebot3_simulations/turtlebot3_fake_node) by extensions ['colcon_pkg']
[0.330s] Level 1:colcon.colcon_core.package_identification:_identify(src/turtlebot3_simulations/turtlebot3_fake_node) by extension 'colcon_pkg'
[0.330s] Level 1:colcon.colcon_core.package_identification:_identify(src/turtlebot3_simulations/turtlebot3_fake_node) by extensions ['colcon_meta']
[0.330s] Level 1:colcon.colcon_core.package_identification:_identify(src/turtlebot3_simulations/turtlebot3_fake_node) by extension 'colcon_meta'
[0.330s] Level 1:colcon.colcon_core.package_identification:_identify(src/turtlebot3_simulations/turtlebot3_fake_node) by extensions ['ros']
[0.330s] Level 1:colcon.colcon_core.package_identification:_identify(src/turtlebot3_simulations/turtlebot3_fake_node) by extension 'ros'
[0.331s] DEBUG:colcon.colcon_core.package_identification:Package 'src/turtlebot3_simulations/turtlebot3_fake_node' with type 'ros.ament_cmake' and name 'turtlebot3_fake_node'
[0.331s] Level 1:colcon.colcon_core.package_identification:_identify(src/turtlebot3_simulations/turtlebot3_gazebo) by extensions ['ignore', 'ignore_ament_install']
[0.331s] Level 1:colcon.colcon_core.package_identification:_identify(src/turtlebot3_simulations/turtlebot3_gazebo) by extension 'ignore'
[0.331s] Level 1:colcon.colcon_core.package_identification:_identify(src/turtlebot3_simulations/turtlebot3_gazebo) by extension 'ignore_ament_install'
[0.331s] Level 1:colcon.colcon_core.package_identification:_identify(src/turtlebot3_simulations/turtlebot3_gazebo) by extensions ['colcon_pkg']
[0.331s] Level 1:colcon.colcon_core.package_identification:_identify(src/turtlebot3_simulations/turtlebot3_gazebo) by extension 'colcon_pkg'
[0.331s] Level 1:colcon.colcon_core.package_identification:_identify(src/turtlebot3_simulations/turtlebot3_gazebo) by extensions ['colcon_meta']
[0.331s] Level 1:colcon.colcon_core.package_identification:_identify(src/turtlebot3_simulations/turtlebot3_gazebo) by extension 'colcon_meta'
[0.331s] Level 1:colcon.colcon_core.package_identification:_identify(src/turtlebot3_simulations/turtlebot3_gazebo) by extensions ['ros']
[0.331s] Level 1:colcon.colcon_core.package_identification:_identify(src/turtlebot3_simulations/turtlebot3_gazebo) by extension 'ros'
[0.332s] DEBUG:colcon.colcon_core.package_identification:Package 'src/turtlebot3_simulations/turtlebot3_gazebo' with type 'ros.ament_cmake' and name 'turtlebot3_gazebo'
[0.332s] Level 1:colcon.colcon_core.package_identification:_identify(src/turtlebot3_simulations/turtlebot3_simulations) by extensions ['ignore', 'ignore_ament_install']
[0.332s] Level 1:colcon.colcon_core.package_identification:_identify(src/turtlebot3_simulations/turtlebot3_simulations) by extension 'ignore'
[0.332s] Level 1:colcon.colcon_core.package_identification:_identify(src/turtlebot3_simulations/turtlebot3_simulations) by extension 'ignore_ament_install'
[0.332s] Level 1:colcon.colcon_core.package_identification:_identify(src/turtlebot3_simulations/turtlebot3_simulations) by extensions ['colcon_pkg']
[0.332s] Level 1:colcon.colcon_core.package_identification:_identify(src/turtlebot3_simulations/turtlebot3_simulations) by extension 'colcon_pkg'
[0.332s] Level 1:colcon.colcon_core.package_identification:_identify(src/turtlebot3_simulations/turtlebot3_simulations) by extensions ['colcon_meta']
[0.332s] Level 1:colcon.colcon_core.package_identification:_identify(src/turtlebot3_simulations/turtlebot3_simulations) by extension 'colcon_meta'
[0.332s] Level 1:colcon.colcon_core.package_identification:_identify(src/turtlebot3_simulations/turtlebot3_simulations) by extensions ['ros']
[0.332s] Level 1:colcon.colcon_core.package_identification:_identify(src/turtlebot3_simulations/turtlebot3_simulations) by extension 'ros'
[0.333s] DEBUG:colcon.colcon_core.package_identification:Package 'src/turtlebot3_simulations/turtlebot3_simulations' with type 'ros.ament_cmake' and name 'turtlebot3_simulations'
[0.333s] Level 1:colcon.colcon_core.package_discovery:discover_packages(recursive) using defaults
[0.333s] Level 1:colcon.colcon_core.package_discovery:discover_packages(ignore) discover
[0.333s] Level 1:colcon.colcon_core.package_discovery:discover_packages(ignore) using defaults
[0.333s] Level 1:colcon.colcon_core.package_discovery:discover_packages(path) discover
[0.333s] Level 1:colcon.colcon_core.package_discovery:discover_packages(path) using defaults
[0.357s] Level 1:colcon.colcon_core.package_discovery:discover_packages(prefix_path) check parameters
[0.358s] Level 1:colcon.colcon_core.package_discovery:discover_packages(prefix_path) discover
[0.360s] DEBUG:colcon.colcon_installed_package_information.package_discovery:Found 374 installed packages in /opt/ros/humble
[0.361s] Level 1:colcon.colcon_core.package_discovery:discover_packages(prefix_path) using defaults
[0.393s] Level 5:colcon.colcon_core.verb:set package 'topic_ex_c' build argument 'cmake_args' from command line to 'None'
[0.393s] Level 5:colcon.colcon_core.verb:set package 'topic_ex_c' build argument 'cmake_target' from command line to 'None'
[0.393s] Level 5:colcon.colcon_core.verb:set package 'topic_ex_c' build argument 'cmake_target_skip_unavailable' from command line to 'False'
[0.393s] Level 5:colcon.colcon_core.verb:set package 'topic_ex_c' build argument 'cmake_clean_cache' from command line to 'False'
[0.393s] Level 5:colcon.colcon_core.verb:set package 'topic_ex_c' build argument 'cmake_clean_first' from command line to 'False'
[0.393s] Level 5:colcon.colcon_core.verb:set package 'topic_ex_c' build argument 'cmake_force_configure' from command line to 'False'
[0.393s] Level 5:colcon.colcon_core.verb:set package 'topic_ex_c' build argument 'ament_cmake_args' from command line to 'None'
[0.393s] Level 5:colcon.colcon_core.verb:set package 'topic_ex_c' build argument 'catkin_cmake_args' from command line to 'None'
[0.393s] Level 5:colcon.colcon_core.verb:set package 'topic_ex_c' build argument 'catkin_skip_building_tests' from command line to 'False'
[0.393s] DEBUG:colcon.colcon_core.verb:Building package 'topic_ex_c' with the following arguments: {'ament_cmake_args': None, 'build_base': '/home/kohjj27/my_ws/build/topic_ex_c', 'catkin_cmake_args': None, 'catkin_skip_building_tests': False, 'cmake_args': None, 'cmake_clean_cache': False, 'cmake_clean_first': False, 'cmake_force_configure': False, 'cmake_target': None, 'cmake_target_skip_unavailable': False, 'install_base': '/home/kohjj27/my_ws/install/topic_ex_c', 'merge_install': False, 'path': '/home/kohjj27/my_ws/src/topic_ex_c', 'symlink_install': False, 'test_result_base': None}
[0.393s] Level 5:colcon.colcon_core.verb:set package 'turtlebot3_fake_node' build argument 'cmake_args' from command line to 'None'
[0.393s] Level 5:colcon.colcon_core.verb:set package 'turtlebot3_fake_node' build argument 'cmake_target' from command line to 'None'
[0.393s] Level 5:colcon.colcon_core.verb:set package 'turtlebot3_fake_node' build argument 'cmake_target_skip_unavailable' from command line to 'False'
[0.393s] Level 5:colcon.colcon_core.verb:set package 'turtlebot3_fake_node' build argument 'cmake_clean_cache' from command line to 'False'
[0.393s] Level 5:colcon.colcon_core.verb:set package 'turtlebot3_fake_node' build argument 'cmake_clean_first' from command line to 'False'
[0.393s] Level 5:colcon.colcon_core.verb:set package 'turtlebot3_fake_node' build argument 'cmake_force_configure' from command line to 'False'
[0.393s] Level 5:colcon.colcon_core.verb:set package 'turtlebot3_fake_node' build argument 'ament_cmake_args' from command line to 'None'
[0.393s] Level 5:colcon.colcon_core.verb:set package 'turtlebot3_fake_node' build argument 'catkin_cmake_args' from command line to 'None'
[0.393s] Level 5:colcon.colcon_core.verb:set package 'turtlebot3_fake_node' build argument 'catkin_skip_building_tests' from command line to 'False'
[0.393s] DEBUG:colcon.colcon_core.verb:Building package 'turtlebot3_fake_node' with the following arguments: {'ament_cmake_args': None, 'build_base': '/home/kohjj27/my_ws/build/turtlebot3_fake_node', 'catkin_cmake_args': None, 'catkin_skip_building_tests': False, 'cmake_args': None, 'cmake_clean_cache': False, 'cmake_clean_first': False, 'cmake_force_configure': False, 'cmake_target': None, 'cmake_target_skip_unavailable': False, 'install_base': '/home/kohjj27/my_ws/install/turtlebot3_fake_node', 'merge_install': False, 'path': '/home/kohjj27/my_ws/src/turtlebot3_simulations/turtlebot3_fake_node', 'symlink_install': False, 'test_result_base': None}
[0.393s] Level 5:colcon.colcon_core.verb:set package 'turtlebot3_gazebo' build argument 'cmake_args' from command line to 'None'
[0.393s] Level 5:colcon.colcon_core.verb:set package 'turtlebot3_gazebo' build argument 'cmake_target' from command line to 'None'
[0.394s] Level 5:colcon.colcon_core.verb:set package 'turtlebot3_gazebo' build argument 'cmake_target_skip_unavailable' from command line to 'False'
[0.394s] Level 5:colcon.colcon_core.verb:set package 'turtlebot3_gazebo' build argument 'cmake_clean_cache' from command line to 'False'
[0.394s] Level 5:colcon.colcon_core.verb:set package 'turtlebot3_gazebo' build argument 'cmake_clean_first' from command line to 'False'
[0.394s] Level 5:colcon.colcon_core.verb:set package 'turtlebot3_gazebo' build argument 'cmake_force_configure' from command line to 'False'
[0.394s] Level 5:colcon.colcon_core.verb:set package 'turtlebot3_gazebo' build argument 'ament_cmake_args' from command line to 'None'
[0.394s] Level 5:colcon.colcon_core.verb:set package 'turtlebot3_gazebo' build argument 'catkin_cmake_args' from command line to 'None'
[0.394s] Level 5:colcon.colcon_core.verb:set package 'turtlebot3_gazebo' build argument 'catkin_skip_building_tests' from command line to 'False'
[0.394s] DEBUG:colcon.colcon_core.verb:Building package 'turtlebot3_gazebo' with the following arguments: {'ament_cmake_args': None, 'build_base': '/home/kohjj27/my_ws/build/turtlebot3_gazebo', 'catkin_cmake_args': None, 'catkin_skip_building_tests': False, 'cmake_args': None, 'cmake_clean_cache': False, 'cmake_clean_first': False, 'cmake_force_configure': False, 'cmake_target': None, 'cmake_target_skip_unavailable': False, 'install_base': '/home/kohjj27/my_ws/install/turtlebot3_gazebo', 'merge_install': False, 'path': '/home/kohjj27/my_ws/src/turtlebot3_simulations/turtlebot3_gazebo', 'symlink_install': False, 'test_result_base': None}
[0.394s] Level 5:colcon.colcon_core.verb:set package 'turtlebot3_simulations' build argument 'cmake_args' from command line to 'None'
[0.394s] Level 5:colcon.colcon_core.verb:set package 'turtlebot3_simulations' build argument 'cmake_target' from command line to 'None'
[0.394s] Level 5:colcon.colcon_core.verb:set package 'turtlebot3_simulations' build argument 'cmake_target_skip_unavailable' from command line to 'False'
[0.394s] Level 5:colcon.colcon_core.verb:set package 'turtlebot3_simulations' build argument 'cmake_clean_cache' from command line to 'False'
[0.394s] Level 5:colcon.colcon_core.verb:set package 'turtlebot3_simulations' build argument 'cmake_clean_first' from command line to 'False'
[0.394s] Level 5:colcon.colcon_core.verb:set package 'turtlebot3_simulations' build argument 'cmake_force_configure' from command line to 'False'
[0.394s] Level 5:colcon.colcon_core.verb:set package 'turtlebot3_simulations' build argument 'ament_cmake_args' from command line to 'None'
[0.394s] Level 5:colcon.colcon_core.verb:set package 'turtlebot3_simulations' build argument 'catkin_cmake_args' from command line to 'None'
[0.394s] Level 5:colcon.colcon_core.verb:set package 'turtlebot3_simulations' build argument 'catkin_skip_building_tests' from command line to 'False'
[0.394s] DEBUG:colcon.colcon_core.verb:Building package 'turtlebot3_simulations' with the following arguments: {'ament_cmake_args': None, 'build_base': '/home/kohjj27/my_ws/build/turtlebot3_simulations', 'catkin_cmake_args': None, 'catkin_skip_building_tests': False, 'cmake_args': None, 'cmake_clean_cache': False, 'cmake_clean_first': False, 'cmake_force_configure': False, 'cmake_target': None, 'cmake_target_skip_unavailable': False, 'install_base': '/home/kohjj27/my_ws/install/turtlebot3_simulations', 'merge_install': False, 'path': '/home/kohjj27/my_ws/src/turtlebot3_simulations/turtlebot3_simulations', 'symlink_install': False, 'test_result_base': None}
[0.394s] INFO:colcon.colcon_core.executor:Executing jobs using 'parallel' executor
[0.395s] DEBUG:colcon.colcon_parallel_executor.executor.parallel:run_until_complete
[0.395s] INFO:colcon.colcon_ros.task.ament_cmake.build:Building ROS package in '/home/kohjj27/my_ws/src/turtlebot3_simulations/turtlebot3_fake_node' with build type 'ament_cmake'
[0.395s] INFO:colcon.colcon_cmake.task.cmake.build:Building CMake package in '/home/kohjj27/my_ws/src/turtlebot3_simulations/turtlebot3_fake_node'
[0.399s] INFO:colcon.colcon_core.plugin_system:Skipping extension 'colcon_core.shell.bat': Not used on non-Windows systems
[0.399s] INFO:colcon.colcon_core.shell:Skip shell extension 'powershell' for command environment: Not usable outside of PowerShell
[0.399s] DEBUG:colcon.colcon_core.shell:Skip shell extension 'dsv' for command environment
[0.401s] INFO:colcon.colcon_ros.task.ament_cmake.build:Building ROS package in '/home/kohjj27/my_ws/src/turtlebot3_simulations/turtlebot3_gazebo' with build type 'ament_cmake'
[0.401s] INFO:colcon.colcon_cmake.task.cmake.build:Building CMake package in '/home/kohjj27/my_ws/src/turtlebot3_simulations/turtlebot3_gazebo'
[0.401s] INFO:colcon.colcon_core.shell:Skip shell extension 'powershell' for command environment: Not usable outside of PowerShell
[0.401s] DEBUG:colcon.colcon_core.shell:Skip shell extension 'dsv' for command environment
[0.403s] INFO:colcon.colcon_ros.task.ament_cmake.build:Building ROS package in '/home/kohjj27/my_ws/src/topic_ex_c' with build type 'ament_cmake'
[0.403s] INFO:colcon.colcon_cmake.task.cmake.build:Building CMake package in '/home/kohjj27/my_ws/src/topic_ex_c'
[0.404s] INFO:colcon.colcon_core.shell:Skip shell extension 'powershell' for command environment: Not usable outside of PowerShell
[0.404s] DEBUG:colcon.colcon_core.shell:Skip shell extension 'dsv' for command environment
[0.408s] DEBUG:colcon.colcon_core.event_handler.log_command:Invoking command in '/home/kohjj27/my_ws/build/turtlebot3_fake_node': CMAKE_PREFIX_PATH=/opt/ros/humble /usr/bin/cmake /home/kohjj27/my_ws/src/turtlebot3_simulations/turtlebot3_fake_node -DCMAKE_INSTALL_PREFIX=/home/kohjj27/my_ws/install/turtlebot3_fake_node
[0.411s] DEBUG:colcon.colcon_core.event_handler.log_command:Invoking command in '/home/kohjj27/my_ws/build/turtlebot3_gazebo': CMAKE_PREFIX_PATH=/opt/ros/humble /usr/bin/cmake /home/kohjj27/my_ws/src/turtlebot3_simulations/turtlebot3_gazebo -DCMAKE_INSTALL_PREFIX=/home/kohjj27/my_ws/install/turtlebot3_gazebo
[0.413s] DEBUG:colcon.colcon_core.event_handler.log_command:Invoking command in '/home/kohjj27/my_ws/build/topic_ex_c': CMAKE_PREFIX_PATH=/opt/ros/humble /usr/bin/cmake --build /home/kohjj27/my_ws/build/topic_ex_c -- -j16 -l16
[0.500s] DEBUG:colcon.colcon_core.event_handler.log_command:Invoked command in '/home/kohjj27/my_ws/build/topic_ex_c' returned '0': CMAKE_PREFIX_PATH=/opt/ros/humble /usr/bin/cmake --build /home/kohjj27/my_ws/build/topic_ex_c -- -j16 -l16
[0.508s] DEBUG:colcon.colcon_core.event_handler.log_command:Invoking command in '/home/kohjj27/my_ws/build/topic_ex_c': CMAKE_PREFIX_PATH=/opt/ros/humble /usr/bin/cmake --install /home/kohjj27/my_ws/build/topic_ex_c
[0.520s] Level 1:colcon.colcon_core.environment:create_environment_scripts_only(topic_ex_c)
[0.521s] DEBUG:colcon.colcon_core.event_handler.log_command:Invoked command in '/home/kohjj27/my_ws/build/topic_ex_c' returned '0': CMAKE_PREFIX_PATH=/opt/ros/humble /usr/bin/cmake --install /home/kohjj27/my_ws/build/topic_ex_c
[0.525s] Level 1:colcon.colcon_core.environment:checking '/home/kohjj27/my_ws/install/topic_ex_c' for CMake module files
[0.526s] Level 1:colcon.colcon_core.environment:checking '/home/kohjj27/my_ws/install/topic_ex_c' for CMake config files
[0.526s] Level 1:colcon.colcon_core.shell:create_environment_hook('topic_ex_c', 'cmake_prefix_path')
[0.527s] INFO:colcon.colcon_core.shell:Creating environment hook '/home/kohjj27/my_ws/install/topic_ex_c/share/topic_ex_c/hook/cmake_prefix_path.ps1'
[0.527s] INFO:colcon.colcon_core.shell:Creating environment descriptor '/home/kohjj27/my_ws/install/topic_ex_c/share/topic_ex_c/hook/cmake_prefix_path.dsv'
[0.528s] INFO:colcon.colcon_core.shell:Creating environment hook '/home/kohjj27/my_ws/install/topic_ex_c/share/topic_ex_c/hook/cmake_prefix_path.sh'
[0.528s] Level 1:colcon.colcon_core.environment:checking '/home/kohjj27/my_ws/install/topic_ex_c/lib'
[0.528s] Level 1:colcon.colcon_core.environment:checking '/home/kohjj27/my_ws/install/topic_ex_c/bin'
[0.529s] Level 1:colcon.colcon_core.environment:checking '/home/kohjj27/my_ws/install/topic_ex_c/lib/pkgconfig/topic_ex_c.pc'
[0.529s] Level 1:colcon.colcon_core.environment:checking '/home/kohjj27/my_ws/install/topic_ex_c/lib/python3.10/site-packages'
[0.529s] Level 1:colcon.colcon_core.environment:checking '/home/kohjj27/my_ws/install/topic_ex_c/bin'
[0.529s] INFO:colcon.colcon_core.shell:Creating package script '/home/kohjj27/my_ws/install/topic_ex_c/share/topic_ex_c/package.ps1'
[0.530s] INFO:colcon.colcon_core.shell:Creating package descriptor '/home/kohjj27/my_ws/install/topic_ex_c/share/topic_ex_c/package.dsv'
[0.530s] INFO:colcon.colcon_core.shell:Creating package script '/home/kohjj27/my_ws/install/topic_ex_c/share/topic_ex_c/package.sh'
[0.530s] INFO:colcon.colcon_core.shell:Creating package script '/home/kohjj27/my_ws/install/topic_ex_c/share/topic_ex_c/package.bash'
[0.531s] INFO:colcon.colcon_core.shell:Creating package script '/home/kohjj27/my_ws/install/topic_ex_c/share/topic_ex_c/package.zsh'
[0.532s] Level 1:colcon.colcon_core.environment:create_file_with_runtime_dependencies(/home/kohjj27/my_ws/install/topic_ex_c/share/colcon-core/packages/topic_ex_c)
[0.533s] Level 1:colcon.colcon_core.environment:create_environment_scripts_only(topic_ex_c)
[0.533s] Level 1:colcon.colcon_core.environment:checking '/home/kohjj27/my_ws/install/topic_ex_c' for CMake module files
[0.533s] Level 1:colcon.colcon_core.environment:checking '/home/kohjj27/my_ws/install/topic_ex_c' for CMake config files
[0.533s] Level 1:colcon.colcon_core.shell:create_environment_hook('topic_ex_c', 'cmake_prefix_path')
[0.534s] INFO:colcon.colcon_core.shell:Creating environment hook '/home/kohjj27/my_ws/install/topic_ex_c/share/topic_ex_c/hook/cmake_prefix_path.ps1'
[0.534s] INFO:colcon.colcon_core.shell:Creating environment descriptor '/home/kohjj27/my_ws/install/topic_ex_c/share/topic_ex_c/hook/cmake_prefix_path.dsv'
[0.534s] INFO:colcon.colcon_core.shell:Creating environment hook '/home/kohjj27/my_ws/install/topic_ex_c/share/topic_ex_c/hook/cmake_prefix_path.sh'
[0.535s] Level 1:colcon.colcon_core.environment:checking '/home/kohjj27/my_ws/install/topic_ex_c/lib'
[0.535s] Level 1:colcon.colcon_core.environment:checking '/home/kohjj27/my_ws/install/topic_ex_c/bin'
[0.535s] Level 1:colcon.colcon_core.environment:checking '/home/kohjj27/my_ws/install/topic_ex_c/lib/pkgconfig/topic_ex_c.pc'
[0.535s] Level 1:colcon.colcon_core.environment:checking '/home/kohjj27/my_ws/install/topic_ex_c/lib/python3.10/site-packages'
[0.535s] Level 1:colcon.colcon_core.environment:checking '/home/kohjj27/my_ws/install/topic_ex_c/bin'
[0.535s] INFO:colcon.colcon_core.shell:Creating package script '/home/kohjj27/my_ws/install/topic_ex_c/share/topic_ex_c/package.ps1'
[0.535s] INFO:colcon.colcon_core.shell:Creating package descriptor '/home/kohjj27/my_ws/install/topic_ex_c/share/topic_ex_c/package.dsv'
[0.536s] INFO:colcon.colcon_core.shell:Creating package script '/home/kohjj27/my_ws/install/topic_ex_c/share/topic_ex_c/package.sh'
[0.536s] INFO:colcon.colcon_core.shell:Creating package script '/home/kohjj27/my_ws/install/topic_ex_c/share/topic_ex_c/package.bash'
[0.536s] INFO:colcon.colcon_core.shell:Creating package script '/home/kohjj27/my_ws/install/topic_ex_c/share/topic_ex_c/package.zsh'
[0.537s] Level 1:colcon.colcon_core.environment:create_file_with_runtime_dependencies(/home/kohjj27/my_ws/install/topic_ex_c/share/colcon-core/packages/topic_ex_c)
[1.476s] DEBUG:colcon.colcon_core.event_handler.log_command:Invoked command in '/home/kohjj27/my_ws/build/turtlebot3_fake_node' returned '0': CMAKE_PREFIX_PATH=/opt/ros/humble /usr/bin/cmake /home/kohjj27/my_ws/src/turtlebot3_simulations/turtlebot3_fake_node -DCMAKE_INSTALL_PREFIX=/home/kohjj27/my_ws/install/turtlebot3_fake_node
[1.477s] DEBUG:colcon.colcon_core.event_handler.log_command:Invoking command in '/home/kohjj27/my_ws/build/turtlebot3_fake_node': CMAKE_PREFIX_PATH=/opt/ros/humble /usr/bin/cmake --build /home/kohjj27/my_ws/build/turtlebot3_fake_node -- -j16 -l16
[2.110s] DEBUG:colcon.colcon_core.event_handler.log_command:Invoked command in '/home/kohjj27/my_ws/build/turtlebot3_gazebo' returned '0': CMAKE_PREFIX_PATH=/opt/ros/humble /usr/bin/cmake /home/kohjj27/my_ws/src/turtlebot3_simulations/turtlebot3_gazebo -DCMAKE_INSTALL_PREFIX=/home/kohjj27/my_ws/install/turtlebot3_gazebo
[2.111s] DEBUG:colcon.colcon_core.event_handler.log_command:Invoking command in '/home/kohjj27/my_ws/build/turtlebot3_gazebo': CMAKE_PREFIX_PATH=/opt/ros/humble /usr/bin/cmake --build /home/kohjj27/my_ws/build/turtlebot3_gazebo -- -j16 -l16
[9.196s] DEBUG:colcon.colcon_core.event_handler.log_command:Invoked command in '/home/kohjj27/my_ws/build/turtlebot3_fake_node' returned '0': CMAKE_PREFIX_PATH=/opt/ros/humble /usr/bin/cmake --build /home/kohjj27/my_ws/build/turtlebot3_fake_node -- -j16 -l16
[9.197s] DEBUG:colcon.colcon_core.event_handler.log_command:Invoking command in '/home/kohjj27/my_ws/build/turtlebot3_fake_node': CMAKE_PREFIX_PATH=/opt/ros/humble /usr/bin/cmake --install /home/kohjj27/my_ws/build/turtlebot3_fake_node
[9.212s] Level 1:colcon.colcon_core.environment:create_environment_scripts_only(turtlebot3_fake_node)
[9.212s] Level 1:colcon.colcon_core.environment:checking '/home/kohjj27/my_ws/install/turtlebot3_fake_node' for CMake module files
[9.213s] DEBUG:colcon.colcon_core.event_handler.log_command:Invoked command in '/home/kohjj27/my_ws/build/turtlebot3_fake_node' returned '0': CMAKE_PREFIX_PATH=/opt/ros/humble /usr/bin/cmake --install /home/kohjj27/my_ws/build/turtlebot3_fake_node
[9.213s] Level 1:colcon.colcon_core.environment:checking '/home/kohjj27/my_ws/install/turtlebot3_fake_node' for CMake config files
[9.213s] Level 1:colcon.colcon_core.shell:create_environment_hook('turtlebot3_fake_node', 'cmake_prefix_path')
[9.213s] INFO:colcon.colcon_core.shell:Creating environment hook '/home/kohjj27/my_ws/install/turtlebot3_fake_node/share/turtlebot3_fake_node/hook/cmake_prefix_path.ps1'
[9.214s] INFO:colcon.colcon_core.shell:Creating environment descriptor '/home/kohjj27/my_ws/install/turtlebot3_fake_node/share/turtlebot3_fake_node/hook/cmake_prefix_path.dsv'
[9.214s] INFO:colcon.colcon_core.shell:Creating environment hook '/home/kohjj27/my_ws/install/turtlebot3_fake_node/share/turtlebot3_fake_node/hook/cmake_prefix_path.sh'
[9.214s] Level 1:colcon.colcon_core.environment:checking '/home/kohjj27/my_ws/install/turtlebot3_fake_node/lib'
[9.214s] Level 1:colcon.colcon_core.environment:checking '/home/kohjj27/my_ws/install/turtlebot3_fake_node/bin'
[9.214s] Level 1:colcon.colcon_core.environment:checking '/home/kohjj27/my_ws/install/turtlebot3_fake_node/lib/pkgconfig/turtlebot3_fake_node.pc'
[9.214s] Level 1:colcon.colcon_core.environment:checking '/home/kohjj27/my_ws/install/turtlebot3_fake_node/lib/python3.10/site-packages'
[9.215s] Level 1:colcon.colcon_core.environment:checking '/home/kohjj27/my_ws/install/turtlebot3_fake_node/bin'
[9.215s] INFO:colcon.colcon_core.shell:Creating package script '/home/kohjj27/my_ws/install/turtlebot3_fake_node/share/turtlebot3_fake_node/package.ps1'
[9.215s] INFO:colcon.colcon_core.shell:Creating package descriptor '/home/kohjj27/my_ws/install/turtlebot3_fake_node/share/turtlebot3_fake_node/package.dsv'
[9.215s] INFO:colcon.colcon_core.shell:Creating package script '/home/kohjj27/my_ws/install/turtlebot3_fake_node/share/turtlebot3_fake_node/package.sh'
[9.216s] INFO:colcon.colcon_core.shell:Creating package script '/home/kohjj27/my_ws/install/turtlebot3_fake_node/share/turtlebot3_fake_node/package.bash'
[9.216s] INFO:colcon.colcon_core.shell:Creating package script '/home/kohjj27/my_ws/install/turtlebot3_fake_node/share/turtlebot3_fake_node/package.zsh'
[9.216s] Level 1:colcon.colcon_core.environment:create_file_with_runtime_dependencies(/home/kohjj27/my_ws/install/turtlebot3_fake_node/share/colcon-core/packages/turtlebot3_fake_node)
[9.216s] Level 1:colcon.colcon_core.environment:create_environment_scripts_only(turtlebot3_fake_node)
[9.217s] Level 1:colcon.colcon_core.environment:checking '/home/kohjj27/my_ws/install/turtlebot3_fake_node' for CMake module files
[9.217s] Level 1:colcon.colcon_core.environment:checking '/home/kohjj27/my_ws/install/turtlebot3_fake_node' for CMake config files
[9.217s] Level 1:colcon.colcon_core.shell:create_environment_hook('turtlebot3_fake_node', 'cmake_prefix_path')
[9.217s] INFO:colcon.colcon_core.shell:Creating environment hook '/home/kohjj27/my_ws/install/turtlebot3_fake_node/share/turtlebot3_fake_node/hook/cmake_prefix_path.ps1'
[9.217s] INFO:colcon.colcon_core.shell:Creating environment descriptor '/home/kohjj27/my_ws/install/turtlebot3_fake_node/share/turtlebot3_fake_node/hook/cmake_prefix_path.dsv'
[9.218s] INFO:colcon.colcon_core.shell:Creating environment hook '/home/kohjj27/my_ws/install/turtlebot3_fake_node/share/turtlebot3_fake_node/hook/cmake_prefix_path.sh'
[9.218s] Level 1:colcon.colcon_core.environment:checking '/home/kohjj27/my_ws/install/turtlebot3_fake_node/lib'
[9.218s] Level 1:colcon.colcon_core.environment:checking '/home/kohjj27/my_ws/install/turtlebot3_fake_node/bin'
[9.218s] Level 1:colcon.colcon_core.environment:checking '/home/kohjj27/my_ws/install/turtlebot3_fake_node/lib/pkgconfig/turtlebot3_fake_node.pc'
[9.218s] Level 1:colcon.colcon_core.environment:checking '/home/kohjj27/my_ws/install/turtlebot3_fake_node/lib/python3.10/site-packages'
[9.218s] Level 1:colcon.colcon_core.environment:checking '/home/kohjj27/my_ws/install/turtlebot3_fake_node/bin'
[9.219s] INFO:colcon.colcon_core.shell:Creating package script '/home/kohjj27/my_ws/install/turtlebot3_fake_node/share/turtlebot3_fake_node/package.ps1'
[9.219s] INFO:colcon.colcon_core.shell:Creating package descriptor '/home/kohjj27/my_ws/install/turtlebot3_fake_node/share/turtlebot3_fake_node/package.dsv'
[9.219s] INFO:colcon.colcon_core.shell:Creating package script '/home/kohjj27/my_ws/install/turtlebot3_fake_node/share/turtlebot3_fake_node/package.sh'
[9.219s] INFO:colcon.colcon_core.shell:Creating package script '/home/kohjj27/my_ws/install/turtlebot3_fake_node/share/turtlebot3_fake_node/package.bash'
[9.220s] INFO:colcon.colcon_core.shell:Creating package script '/home/kohjj27/my_ws/install/turtlebot3_fake_node/share/turtlebot3_fake_node/package.zsh'
[9.220s] Level 1:colcon.colcon_core.environment:create_file_with_runtime_dependencies(/home/kohjj27/my_ws/install/turtlebot3_fake_node/share/colcon-core/packages/turtlebot3_fake_node)
[11.871s] DEBUG:colcon.colcon_core.event_handler.log_command:Invoked command in '/home/kohjj27/my_ws/build/turtlebot3_gazebo' returned '0': CMAKE_PREFIX_PATH=/opt/ros/humble /usr/bin/cmake --build /home/kohjj27/my_ws/build/turtlebot3_gazebo -- -j16 -l16
[11.872s] DEBUG:colcon.colcon_core.event_handler.log_command:Invoking command in '/home/kohjj27/my_ws/build/turtlebot3_gazebo': CMAKE_PREFIX_PATH=/opt/ros/humble /usr/bin/cmake --install /home/kohjj27/my_ws/build/turtlebot3_gazebo
[11.895s] Level 1:colcon.colcon_core.environment:create_environment_scripts_only(turtlebot3_gazebo)
[11.896s] DEBUG:colcon.colcon_core.event_handler.log_command:Invoked command in '/home/kohjj27/my_ws/build/turtlebot3_gazebo' returned '0': CMAKE_PREFIX_PATH=/opt/ros/humble /usr/bin/cmake --install /home/kohjj27/my_ws/build/turtlebot3_gazebo
[11.896s] Level 1:colcon.colcon_core.environment:checking '/home/kohjj27/my_ws/install/turtlebot3_gazebo' for CMake module files
[11.896s] Level 1:colcon.colcon_core.environment:checking '/home/kohjj27/my_ws/install/turtlebot3_gazebo' for CMake config files
[11.896s] Level 1:colcon.colcon_core.shell:create_environment_hook('turtlebot3_gazebo', 'cmake_prefix_path')
[11.897s] INFO:colcon.colcon_core.shell:Creating environment hook '/home/kohjj27/my_ws/install/turtlebot3_gazebo/share/turtlebot3_gazebo/hook/cmake_prefix_path.ps1'
[11.897s] INFO:colcon.colcon_core.shell:Creating environment descriptor '/home/kohjj27/my_ws/install/turtlebot3_gazebo/share/turtlebot3_gazebo/hook/cmake_prefix_path.dsv'
[11.897s] INFO:colcon.colcon_core.shell:Creating environment hook '/home/kohjj27/my_ws/install/turtlebot3_gazebo/share/turtlebot3_gazebo/hook/cmake_prefix_path.sh'
[11.898s] Level 1:colcon.colcon_core.environment:checking '/home/kohjj27/my_ws/install/turtlebot3_gazebo/lib'
[11.898s] Level 1:colcon.colcon_core.environment:checking '/home/kohjj27/my_ws/install/turtlebot3_gazebo/bin'
[11.898s] Level 1:colcon.colcon_core.environment:checking '/home/kohjj27/my_ws/install/turtlebot3_gazebo/lib/pkgconfig/turtlebot3_gazebo.pc'
[11.898s] Level 1:colcon.colcon_core.environment:checking '/home/kohjj27/my_ws/install/turtlebot3_gazebo/lib/python3.10/site-packages'
[11.899s] Level 1:colcon.colcon_core.environment:checking '/home/kohjj27/my_ws/install/turtlebot3_gazebo/bin'
[11.899s] INFO:colcon.colcon_core.shell:Creating package script '/home/kohjj27/my_ws/install/turtlebot3_gazebo/share/turtlebot3_gazebo/package.ps1'
[11.899s] INFO:colcon.colcon_core.shell:Creating package descriptor '/home/kohjj27/my_ws/install/turtlebot3_gazebo/share/turtlebot3_gazebo/package.dsv'
[11.899s] INFO:colcon.colcon_core.shell:Creating package script '/home/kohjj27/my_ws/install/turtlebot3_gazebo/share/turtlebot3_gazebo/package.sh'
[11.900s] INFO:colcon.colcon_core.shell:Creating package script '/home/kohjj27/my_ws/install/turtlebot3_gazebo/share/turtlebot3_gazebo/package.bash'
[11.900s] INFO:colcon.colcon_core.shell:Creating package script '/home/kohjj27/my_ws/install/turtlebot3_gazebo/share/turtlebot3_gazebo/package.zsh'
[11.900s] Level 1:colcon.colcon_core.environment:create_file_with_runtime_dependencies(/home/kohjj27/my_ws/install/turtlebot3_gazebo/share/colcon-core/packages/turtlebot3_gazebo)
[11.900s] Level 1:colcon.colcon_core.environment:create_environment_scripts_only(turtlebot3_gazebo)
[11.901s] Level 1:colcon.colcon_core.environment:checking '/home/kohjj27/my_ws/install/turtlebot3_gazebo' for CMake module files
[11.901s] Level 1:colcon.colcon_core.environment:checking '/home/kohjj27/my_ws/install/turtlebot3_gazebo' for CMake config files
[11.901s] Level 1:colcon.colcon_core.shell:create_environment_hook('turtlebot3_gazebo', 'cmake_prefix_path')
[11.901s] INFO:colcon.colcon_core.shell:Creating environment hook '/home/kohjj27/my_ws/install/turtlebot3_gazebo/share/turtlebot3_gazebo/hook/cmake_prefix_path.ps1'
[11.901s] INFO:colcon.colcon_core.shell:Creating environment descriptor '/home/kohjj27/my_ws/install/turtlebot3_gazebo/share/turtlebot3_gazebo/hook/cmake_prefix_path.dsv'
[11.902s] INFO:colcon.colcon_core.shell:Creating environment hook '/home/kohjj27/my_ws/install/turtlebot3_gazebo/share/turtlebot3_gazebo/hook/cmake_prefix_path.sh'
[11.902s] Level 1:colcon.colcon_core.environment:checking '/home/kohjj27/my_ws/install/turtlebot3_gazebo/lib'
[11.902s] Level 1:colcon.colcon_core.environment:checking '/home/kohjj27/my_ws/install/turtlebot3_gazebo/bin'
[11.902s] Level 1:colcon.colcon_core.environment:checking '/home/kohjj27/my_ws/install/turtlebot3_gazebo/lib/pkgconfig/turtlebot3_gazebo.pc'
[11.902s] Level 1:colcon.colcon_core.environment:checking '/home/kohjj27/my_ws/install/turtlebot3_gazebo/lib/python3.10/site-packages'
[11.902s] Level 1:colcon.colcon_core.environment:checking '/home/kohjj27/my_ws/install/turtlebot3_gazebo/bin'
[11.902s] INFO:colcon.colcon_core.shell:Creating package script '/home/kohjj27/my_ws/install/turtlebot3_gazebo/share/turtlebot3_gazebo/package.ps1'
[11.903s] INFO:colcon.colcon_core.shell:Creating package descriptor '/home/kohjj27/my_ws/install/turtlebot3_gazebo/share/turtlebot3_gazebo/package.dsv'
[11.903s] INFO:colcon.colcon_core.shell:Creating package script '/home/kohjj27/my_ws/install/turtlebot3_gazebo/share/turtlebot3_gazebo/package.sh'
[11.903s] INFO:colcon.colcon_core.shell:Creating package script '/home/kohjj27/my_ws/install/turtlebot3_gazebo/share/turtlebot3_gazebo/package.bash'
[11.904s] INFO:colcon.colcon_core.shell:Creating package script '/home/kohjj27/my_ws/install/turtlebot3_gazebo/share/turtlebot3_gazebo/package.zsh'
[11.904s] Level 1:colcon.colcon_core.environment:create_file_with_runtime_dependencies(/home/kohjj27/my_ws/install/turtlebot3_gazebo/share/colcon-core/packages/turtlebot3_gazebo)
[11.904s] INFO:colcon.colcon_ros.task.ament_cmake.build:Building ROS package in '/home/kohjj27/my_ws/src/turtlebot3_simulations/turtlebot3_simulations' with build type 'ament_cmake'
[11.904s] INFO:colcon.colcon_cmake.task.cmake.build:Building CMake package in '/home/kohjj27/my_ws/src/turtlebot3_simulations/turtlebot3_simulations'
[11.905s] INFO:colcon.colcon_core.shell:Skip shell extension 'powershell' for command environment: Not usable outside of PowerShell
[11.905s] DEBUG:colcon.colcon_core.shell:Skip shell extension 'dsv' for command environment
[11.911s] DEBUG:colcon.colcon_core.event_handler.log_command:Invoking command in '/home/kohjj27/my_ws/build/turtlebot3_simulations': AMENT_PREFIX_PATH=/home/kohjj27/my_ws/install/turtlebot3_gazebo:/home/kohjj27/my_ws/install/turtlebot3_fake_node:${AMENT_PREFIX_PATH} CMAKE_PREFIX_PATH=/home/kohjj27/my_ws/install/turtlebot3_gazebo:/home/kohjj27/my_ws/install/turtlebot3_fake_node:/opt/ros/humble /usr/bin/cmake /home/kohjj27/my_ws/src/turtlebot3_simulations/turtlebot3_simulations -DCMAKE_INSTALL_PREFIX=/home/kohjj27/my_ws/install/turtlebot3_simulations
[12.348s] DEBUG:colcon.colcon_core.event_handler.log_command:Invoked command in '/home/kohjj27/my_ws/build/turtlebot3_simulations' returned '0': AMENT_PREFIX_PATH=/home/kohjj27/my_ws/install/turtlebot3_gazebo:/home/kohjj27/my_ws/install/turtlebot3_fake_node:${AMENT_PREFIX_PATH} CMAKE_PREFIX_PATH=/home/kohjj27/my_ws/install/turtlebot3_gazebo:/home/kohjj27/my_ws/install/turtlebot3_fake_node:/opt/ros/humble /usr/bin/cmake /home/kohjj27/my_ws/src/turtlebot3_simulations/turtlebot3_simulations -DCMAKE_INSTALL_PREFIX=/home/kohjj27/my_ws/install/turtlebot3_simulations
[12.349s] DEBUG:colcon.colcon_core.event_handler.log_command:Invoking command in '/home/kohjj27/my_ws/build/turtlebot3_simulations': AMENT_PREFIX_PATH=/home/kohjj27/my_ws/install/turtlebot3_gazebo:/home/kohjj27/my_ws/install/turtlebot3_fake_node:${AMENT_PREFIX_PATH} CMAKE_PREFIX_PATH=/home/kohjj27/my_ws/install/turtlebot3_gazebo:/home/kohjj27/my_ws/install/turtlebot3_fake_node:/opt/ros/humble /usr/bin/cmake --build /home/kohjj27/my_ws/build/turtlebot3_simulations -- -j16 -l16
[12.379s] DEBUG:colcon.colcon_core.event_handler.log_command:Invoked command in '/home/kohjj27/my_ws/build/turtlebot3_simulations' returned '0': AMENT_PREFIX_PATH=/home/kohjj27/my_ws/install/turtlebot3_gazebo:/home/kohjj27/my_ws/install/turtlebot3_fake_node:${AMENT_PREFIX_PATH} CMAKE_PREFIX_PATH=/home/kohjj27/my_ws/install/turtlebot3_gazebo:/home/kohjj27/my_ws/install/turtlebot3_fake_node:/opt/ros/humble /usr/bin/cmake --build /home/kohjj27/my_ws/build/turtlebot3_simulations -- -j16 -l16
[12.380s] DEBUG:colcon.colcon_core.event_handler.log_command:Invoking command in '/home/kohjj27/my_ws/build/turtlebot3_simulations': AMENT_PREFIX_PATH=/home/kohjj27/my_ws/install/turtlebot3_gazebo:/home/kohjj27/my_ws/install/turtlebot3_fake_node:${AMENT_PREFIX_PATH} CMAKE_PREFIX_PATH=/home/kohjj27/my_ws/install/turtlebot3_gazebo:/home/kohjj27/my_ws/install/turtlebot3_fake_node:/opt/ros/humble /usr/bin/cmake --install /home/kohjj27/my_ws/build/turtlebot3_simulations
[12.388s] Level 1:colcon.colcon_core.environment:create_environment_scripts_only(turtlebot3_simulations)
[12.389s] DEBUG:colcon.colcon_core.event_handler.log_command:Invoked command in '/home/kohjj27/my_ws/build/turtlebot3_simulations' returned '0': AMENT_PREFIX_PATH=/home/kohjj27/my_ws/install/turtlebot3_gazebo:/home/kohjj27/my_ws/install/turtlebot3_fake_node:${AMENT_PREFIX_PATH} CMAKE_PREFIX_PATH=/home/kohjj27/my_ws/install/turtlebot3_gazebo:/home/kohjj27/my_ws/install/turtlebot3_fake_node:/opt/ros/humble /usr/bin/cmake --install /home/kohjj27/my_ws/build/turtlebot3_simulations
[12.389s] Level 1:colcon.colcon_core.environment:checking '/home/kohjj27/my_ws/install/turtlebot3_simulations' for CMake module files
[12.389s] Level 1:colcon.colcon_core.environment:checking '/home/kohjj27/my_ws/install/turtlebot3_simulations' for CMake config files
[12.389s] Level 1:colcon.colcon_core.shell:create_environment_hook('turtlebot3_simulations', 'cmake_prefix_path')
[12.390s] INFO:colcon.colcon_core.shell:Creating environment hook '/home/kohjj27/my_ws/install/turtlebot3_simulations/share/turtlebot3_simulations/hook/cmake_prefix_path.ps1'
[12.390s] INFO:colcon.colcon_core.shell:Creating environment descriptor '/home/kohjj27/my_ws/install/turtlebot3_simulations/share/turtlebot3_simulations/hook/cmake_prefix_path.dsv'
[12.390s] INFO:colcon.colcon_core.shell:Creating environment hook '/home/kohjj27/my_ws/install/turtlebot3_simulations/share/turtlebot3_simulations/hook/cmake_prefix_path.sh'
[12.390s] Level 1:colcon.colcon_core.environment:checking '/home/kohjj27/my_ws/install/turtlebot3_simulations/bin'
[12.391s] Level 1:colcon.colcon_core.environment:checking '/home/kohjj27/my_ws/install/turtlebot3_simulations/lib/pkgconfig/turtlebot3_simulations.pc'
[12.391s] Level 1:colcon.colcon_core.environment:checking '/home/kohjj27/my_ws/install/turtlebot3_simulations/lib/python3.10/site-packages'
[12.391s] Level 1:colcon.colcon_core.environment:checking '/home/kohjj27/my_ws/install/turtlebot3_simulations/bin'
[12.391s] INFO:colcon.colcon_core.shell:Creating package script '/home/kohjj27/my_ws/install/turtlebot3_simulations/share/turtlebot3_simulations/package.ps1'
[12.391s] INFO:colcon.colcon_core.shell:Creating package descriptor '/home/kohjj27/my_ws/install/turtlebot3_simulations/share/turtlebot3_simulations/package.dsv'
[12.392s] INFO:colcon.colcon_core.shell:Creating package script '/home/kohjj27/my_ws/install/turtlebot3_simulations/share/turtlebot3_simulations/package.sh'
[12.392s] INFO:colcon.colcon_core.shell:Creating package script '/home/kohjj27/my_ws/install/turtlebot3_simulations/share/turtlebot3_simulations/package.bash'
[12.392s] INFO:colcon.colcon_core.shell:Creating package script '/home/kohjj27/my_ws/install/turtlebot3_simulations/share/turtlebot3_simulations/package.zsh'
[12.392s] Level 1:colcon.colcon_core.environment:create_file_with_runtime_dependencies(/home/kohjj27/my_ws/install/turtlebot3_simulations/share/colcon-core/packages/turtlebot3_simulations)
[12.393s] Level 1:colcon.colcon_core.environment:create_environment_scripts_only(turtlebot3_simulations)
[12.393s] Level 1:colcon.colcon_core.environment:checking '/home/kohjj27/my_ws/install/turtlebot3_simulations' for CMake module files
[12.393s] Level 1:colcon.colcon_core.environment:checking '/home/kohjj27/my_ws/install/turtlebot3_simulations' for CMake config files
[12.393s] Level 1:colcon.colcon_core.shell:create_environment_hook('turtlebot3_simulations', 'cmake_prefix_path')
[12.393s] INFO:colcon.colcon_core.shell:Creating environment hook '/home/kohjj27/my_ws/install/turtlebot3_simulations/share/turtlebot3_simulations/hook/cmake_prefix_path.ps1'
[12.393s] INFO:colcon.colcon_core.shell:Creating environment descriptor '/home/kohjj27/my_ws/install/turtlebot3_simulations/share/turtlebot3_simulations/hook/cmake_prefix_path.dsv'
[12.394s] INFO:colcon.colcon_core.shell:Creating environment hook '/home/kohjj27/my_ws/install/turtlebot3_simulations/share/turtlebot3_simulations/hook/cmake_prefix_path.sh'
[12.394s] Level 1:colcon.colcon_core.environment:checking '/home/kohjj27/my_ws/install/turtlebot3_simulations/bin'
[12.394s] Level 1:colcon.colcon_core.environment:checking '/home/kohjj27/my_ws/install/turtlebot3_simulations/lib/pkgconfig/turtlebot3_simulations.pc'
[12.394s] Level 1:colcon.colcon_core.environment:checking '/home/kohjj27/my_ws/install/turtlebot3_simulations/lib/python3.10/site-packages'
[12.394s] Level 1:colcon.colcon_core.environment:checking '/home/kohjj27/my_ws/install/turtlebot3_simulations/bin'
[12.394s] INFO:colcon.colcon_core.shell:Creating package script '/home/kohjj27/my_ws/install/turtlebot3_simulations/share/turtlebot3_simulations/package.ps1'
[12.395s] INFO:colcon.colcon_core.shell:Creating package descriptor '/home/kohjj27/my_ws/install/turtlebot3_simulations/share/turtlebot3_simulations/package.dsv'
[12.395s] INFO:colcon.colcon_core.shell:Creating package script '/home/kohjj27/my_ws/install/turtlebot3_simulations/share/turtlebot3_simulations/package.sh'
[12.395s] INFO:colcon.colcon_core.shell:Creating package script '/home/kohjj27/my_ws/install/turtlebot3_simulations/share/turtlebot3_simulations/package.bash'
[12.396s] INFO:colcon.colcon_core.shell:Creating package script '/home/kohjj27/my_ws/install/turtlebot3_simulations/share/turtlebot3_simulations/package.zsh'
[12.396s] Level 1:colcon.colcon_core.environment:create_file_with_runtime_dependencies(/home/kohjj27/my_ws/install/turtlebot3_simulations/share/colcon-core/packages/turtlebot3_simulations)
[12.396s] DEBUG:colcon.colcon_parallel_executor.executor.parallel:closing loop
[12.396s] DEBUG:colcon.colcon_parallel_executor.executor.parallel:loop closed
[12.396s] DEBUG:colcon.colcon_parallel_executor.executor.parallel:run_until_complete finished with '0'
[12.396s] DEBUG:colcon.colcon_core.event_reactor:joining thread
[12.401s] INFO:colcon.colcon_core.plugin_system:Skipping extension 'colcon_notification.desktop_notification.terminal_notifier': Not used on non-Darwin systems
[12.401s] INFO:colcon.colcon_core.plugin_system:Skipping extension 'colcon_notification.desktop_notification.win32': Not used on non-Windows systems
[12.401s] INFO:colcon.colcon_notification.desktop_notification:Sending desktop notification using 'notify2'
[12.418s] DEBUG:colcon.colcon_core.event_reactor:joined thread
[12.418s] INFO:colcon.colcon_core.shell:Creating prefix script '/home/kohjj27/my_ws/install/local_setup.ps1'
[12.419s] INFO:colcon.colcon_core.shell:Creating prefix util module '/home/kohjj27/my_ws/install/_local_setup_util_ps1.py'
[12.420s] INFO:colcon.colcon_core.shell:Creating prefix chain script '/home/kohjj27/my_ws/install/setup.ps1'
[12.421s] INFO:colcon.colcon_core.shell:Creating prefix script '/home/kohjj27/my_ws/install/local_setup.sh'
[12.421s] INFO:colcon.colcon_core.shell:Creating prefix util module '/home/kohjj27/my_ws/install/_local_setup_util_sh.py'
[12.421s] INFO:colcon.colcon_core.shell:Creating prefix chain script '/home/kohjj27/my_ws/install/setup.sh'
[12.422s] INFO:colcon.colcon_core.shell:Creating prefix script '/home/kohjj27/my_ws/install/local_setup.bash'
[12.423s] INFO:colcon.colcon_core.shell:Creating prefix chain script '/home/kohjj27/my_ws/install/setup.bash'
[12.423s] INFO:colcon.colcon_core.shell:Creating prefix script '/home/kohjj27/my_ws/install/local_setup.zsh'
[12.424s] INFO:colcon.colcon_core.shell:Creating prefix chain script '/home/kohjj27/my_ws/install/setup.zsh'
