[35m[1mConsolidate compiler generated dependencies of target topic_pub[0m
[ 50%] [32mBuilding CXX object CMakeFiles/topic_pub.dir/src/topic_publisher.cpp.o[0m
[100%] [32m[1mLinking CXX executable topic_pub[0m
[100%] Built target topic_pub
-- Install configuration: ""
-- Installing: /home/kohjj27/my_ws/install/topic_ex_c/lib/topic_ex_c/topic_pub
-- Set runtime path of "/home/kohjj27/my_ws/install/topic_ex_c/lib/topic_ex_c/topic_pub" to ""
-- Installing: /home/kohjj27/my_ws/install/topic_ex_c/share/ament_index/resource_index/package_run_dependencies/topic_ex_c
-- Installing: /home/kohjj27/my_ws/install/topic_ex_c/share/ament_index/resource_index/parent_prefix_path/topic_ex_c
-- Installing: /home/kohjj27/my_ws/install/topic_ex_c/share/topic_ex_c/environment/ament_prefix_path.sh
-- Installing: /home/kohjj27/my_ws/install/topic_ex_c/share/topic_ex_c/environment/ament_prefix_path.dsv
-- Installing: /home/kohjj27/my_ws/install/topic_ex_c/share/topic_ex_c/environment/path.sh
-- Installing: /home/kohjj27/my_ws/install/topic_ex_c/share/topic_ex_c/environment/path.dsv
-- Installing: /home/kohjj27/my_ws/install/topic_ex_c/share/topic_ex_c/local_setup.bash
-- Installing: /home/kohjj27/my_ws/install/topic_ex_c/share/topic_ex_c/local_setup.sh
-- Installing: /home/kohjj27/my_ws/install/topic_ex_c/share/topic_ex_c/local_setup.zsh
-- Installing: /home/kohjj27/my_ws/install/topic_ex_c/share/topic_ex_c/local_setup.dsv
-- Installing: /home/kohjj27/my_ws/install/topic_ex_c/share/topic_ex_c/package.dsv
-- Installing: /home/kohjj27/my_ws/install/topic_ex_c/share/ament_index/resource_index/packages/topic_ex_c
-- Installing: /home/kohjj27/my_ws/install/topic_ex_c/share/topic_ex_c/cmake/topic_ex_cConfig.cmake
-- Installing: /home/kohjj27/my_ws/install/topic_ex_c/share/topic_ex_c/cmake/topic_ex_cConfig-version.cmake
-- Installing: /home/kohjj27/my_ws/install/topic_ex_c/share/topic_ex_c/package.xml
