[0.012s] Invoking command in '/home/kohjj27/my_ws/build/topic_ex_c': CMAKE_PREFIX_PATH=/opt/ros/humble /usr/bin/cmake --build /home/kohjj27/my_ws/build/topic_ex_c -- -j16 -l16
[0.067s] [35m[1mConsolidate compiler generated dependencies of target topic_pub[0m
[0.087s] [ 50%] [32mBuilding CXX object CMakeFiles/topic_pub.dir/src/topic_publisher.cpp.o[0m
[4.111s] [100%] [32m[1mLinking CXX executable topic_pub[0m
[4.286s] [100%] Built target topic_pub
[4.299s] Invoked command in '/home/kohjj27/my_ws/build/topic_ex_c' returned '0': CMAKE_PREFIX_PATH=/opt/ros/humble /usr/bin/cmake --build /home/kohjj27/my_ws/build/topic_ex_c -- -j16 -l16
[4.311s] Invoking command in '/home/kohjj27/my_ws/build/topic_ex_c': CMAKE_PREFIX_PATH=/opt/ros/humble /usr/bin/cmake --install /home/kohjj27/my_ws/build/topic_ex_c
[4.319s] -- Install configuration: ""
[4.319s] -- Installing: /home/kohjj27/my_ws/install/topic_ex_c/lib/topic_ex_c/topic_pub
[4.320s] -- Set runtime path of "/home/kohjj27/my_ws/install/topic_ex_c/lib/topic_ex_c/topic_pub" to ""
[4.320s] -- Installing: /home/kohjj27/my_ws/install/topic_ex_c/share/ament_index/resource_index/package_run_dependencies/topic_ex_c
[4.321s] -- Installing: /home/kohjj27/my_ws/install/topic_ex_c/share/ament_index/resource_index/parent_prefix_path/topic_ex_c
[4.321s] -- Installing: /home/kohjj27/my_ws/install/topic_ex_c/share/topic_ex_c/environment/ament_prefix_path.sh
[4.321s] -- Installing: /home/kohjj27/my_ws/install/topic_ex_c/share/topic_ex_c/environment/ament_prefix_path.dsv
[4.321s] -- Installing: /home/kohjj27/my_ws/install/topic_ex_c/share/topic_ex_c/environment/path.sh
[4.322s] -- Installing: /home/kohjj27/my_ws/install/topic_ex_c/share/topic_ex_c/environment/path.dsv
[4.322s] -- Installing: /home/kohjj27/my_ws/install/topic_ex_c/share/topic_ex_c/local_setup.bash
[4.322s] -- Installing: /home/kohjj27/my_ws/install/topic_ex_c/share/topic_ex_c/local_setup.sh
[4.322s] -- Installing: /home/kohjj27/my_ws/install/topic_ex_c/share/topic_ex_c/local_setup.zsh
[4.322s] -- Installing: /home/kohjj27/my_ws/install/topic_ex_c/share/topic_ex_c/local_setup.dsv
[4.323s] -- Installing: /home/kohjj27/my_ws/install/topic_ex_c/share/topic_ex_c/package.dsv
[4.323s] -- Installing: /home/kohjj27/my_ws/install/topic_ex_c/share/ament_index/resource_index/packages/topic_ex_c
[4.323s] -- Installing: /home/kohjj27/my_ws/install/topic_ex_c/share/topic_ex_c/cmake/topic_ex_cConfig.cmake
[4.323s] -- Installing: /home/kohjj27/my_ws/install/topic_ex_c/share/topic_ex_c/cmake/topic_ex_cConfig-version.cmake
[4.324s] -- Installing: /home/kohjj27/my_ws/install/topic_ex_c/share/topic_ex_c/package.xml
[4.326s] Invoked command in '/home/kohjj27/my_ws/build/topic_ex_c' returned '0': CMAKE_PREFIX_PATH=/opt/ros/humble /usr/bin/cmake --install /home/kohjj27/my_ws/build/topic_ex_c
