[01m[K/home/kohjj27/my_ws/src/topic_ex_c/src/topic_publisher.cpp:[m[K In function ‘[01m[Kint main(int, char**)[m[K’:
[01m[K/home/kohjj27/my_ws/src/topic_ex_c/src/topic_publisher.cpp:42:28:[m[K [01;31m[Kerror: [m[Kinvalid conversion from ‘[01m[Kint[m[K’ to ‘[01m[Kconst char* const*[m[K’ [[01;31m[K]8;;https://gcc.gnu.org/onlinedocs/gcc/Warning-Options.html#index-fpermissive-fpermissive]8;;[m[K]
   42 |         rclcpp::init(argc, [01;31m[Kargc[m[K);
      |                            [01;31m[K^~~~[m[K
      |                            [01;31m[K|[m[K
      |                            [01;31m[Kint[m[K
In file included from [01m[K/opt/ros/humble/include/rclcpp/rclcpp/logging.hpp:25[m[K,
                 from [01m[K/opt/ros/humble/include/rclcpp/rclcpp/client.hpp:40[m[K,
                 from [01m[K/opt/ros/humble/include/rclcpp/rclcpp/callback_group.hpp:24[m[K,
                 from [01m[K/opt/ros/humble/include/rclcpp/rclcpp/any_executable.hpp:20[m[K,
                 from [01m[K/opt/ros/humble/include/rclcpp/rclcpp/memory_strategy.hpp:25[m[K,
                 from [01m[K/opt/ros/humble/include/rclcpp/rclcpp/memory_strategies.hpp:18[m[K,
                 from [01m[K/opt/ros/humble/include/rclcpp/rclcpp/executor_options.hpp:20[m[K,
                 from [01m[K/opt/ros/humble/include/rclcpp/rclcpp/executor.hpp:37[m[K,
                 from [01m[K/opt/ros/humble/include/rclcpp/rclcpp/executors/multi_threaded_executor.hpp:25[m[K,
                 from [01m[K/opt/ros/humble/include/rclcpp/rclcpp/executors.hpp:21[m[K,
                 from [01m[K/opt/ros/humble/include/rclcpp/rclcpp/rclcpp.hpp:155[m[K,
                 from [01m[K/home/kohjj27/my_ws/src/topic_ex_c/src/topic_publisher.cpp:6[m[K:
[01m[K/opt/ros/humble/include/rclcpp/rclcpp/utilities.hpp:77:24:[m[K [01;36m[Knote: [m[K  initializing argument 2 of ‘[01m[Kvoid rclcpp::init(int, const char* const*, const rclcpp::InitOptions&, rclcpp::SignalHandlerOptions)[m[K’
   77 |   [01;36m[Kchar const * const * argv[m[K,
      |   [01;36m[K~~~~~~~~~~~~~~~~~~~~~^~~~[m[K
[01m[K/home/kohjj27/my_ws/src/topic_ex_c/src/topic_publisher.cpp:40:27:[m[K [01;35m[Kwarning: [m[Kunused parameter ‘[01m[Kargv[m[K’ [[01;35m[K]8;;https://gcc.gnu.org/onlinedocs/gcc/Warning-Options.html#index-Wunused-parameter-Wunused-parameter]8;;[m[K]
   40 | int main(int argc, [01;35m[Kchar * argv[][m[K)
      |                    [01;35m[K~~~~~~~^~~~~~[m[K
gmake[2]: *** [CMakeFiles/topic_pub.dir/build.make:76: CMakeFiles/topic_pub.dir/src/topic_publisher.cpp.o] Error 1
gmake[1]: *** [CMakeFiles/Makefile2:137: CMakeFiles/topic_pub.dir/all] Error 2
gmake: *** [Makefile:146: all] Error 2
