[0.023s] Invoking command in '/home/kohjj27/my_ws/build/wanderbot': CMAKE_PREFIX_PATH=/opt/ros/humble /usr/bin/cmake --build /home/kohjj27/my_ws/build/wanderbot -- -j16 -l16
[0.135s] [100%] Built target go_rot
[0.135s] [100%] Built target go_scan
[0.170s] Invoked command in '/home/kohjj27/my_ws/build/wanderbot' returned '0': CMAKE_PREFIX_PATH=/opt/ros/humble /usr/bin/cmake --build /home/kohjj27/my_ws/build/wanderbot -- -j16 -l16
[0.172s] Invoking command in '/home/kohjj27/my_ws/build/wanderbot': CMAKE_PREFIX_PATH=/opt/ros/humble /usr/bin/cmake --install /home/kohjj27/my_ws/build/wanderbot
[0.182s] -- Install configuration: ""
[0.183s] -- Up-to-date: /home/kohjj27/my_ws/install/wanderbot/lib/wanderbot/go_rot
[0.184s] -- Up-to-date: /home/kohjj27/my_ws/install/wanderbot/lib/wanderbot/go_scan
[0.186s] -- Up-to-date: /home/kohjj27/my_ws/install/wanderbot/share/ament_index/resource_index/package_run_dependencies/wanderbot
[0.186s] -- Up-to-date: /home/kohjj27/my_ws/install/wanderbot/share/ament_index/resource_index/parent_prefix_path/wanderbot
[0.186s] -- Up-to-date: /home/kohjj27/my_ws/install/wanderbot/share/wanderbot/environment/ament_prefix_path.sh
[0.186s] -- Up-to-date: /home/kohjj27/my_ws/install/wanderbot/share/wanderbot/environment/ament_prefix_path.dsv
[0.186s] -- Up-to-date: /home/kohjj27/my_ws/install/wanderbot/share/wanderbot/environment/path.sh
[0.186s] -- Up-to-date: /home/kohjj27/my_ws/install/wanderbot/share/wanderbot/environment/path.dsv
[0.186s] -- Up-to-date: /home/kohjj27/my_ws/install/wanderbot/share/wanderbot/local_setup.bash
[0.186s] -- Up-to-date: /home/kohjj27/my_ws/install/wanderbot/share/wanderbot/local_setup.sh
[0.186s] -- Up-to-date: /home/kohjj27/my_ws/install/wanderbot/share/wanderbot/local_setup.zsh
[0.187s] -- Up-to-date: /home/kohjj27/my_ws/install/wanderbot/share/wanderbot/local_setup.dsv
[0.187s] -- Installing: /home/kohjj27/my_ws/install/wanderbot/share/wanderbot/package.dsv
[0.187s] -- Up-to-date: /home/kohjj27/my_ws/install/wanderbot/share/ament_index/resource_index/packages/wanderbot
[0.187s] -- Up-to-date: /home/kohjj27/my_ws/install/wanderbot/share/wanderbot/cmake/wanderbotConfig.cmake
[0.187s] -- Up-to-date: /home/kohjj27/my_ws/install/wanderbot/share/wanderbot/cmake/wanderbotConfig-version.cmake
[0.187s] -- Up-to-date: /home/kohjj27/my_ws/install/wanderbot/share/wanderbot/package.xml
[0.237s] Invoked command in '/home/kohjj27/my_ws/build/wanderbot' returned '0': CMAKE_PREFIX_PATH=/opt/ros/humble /usr/bin/cmake --install /home/kohjj27/my_ws/build/wanderbot
